1.0 NONTERMINAL NP+ADVP
254.0 NONTERMINAL VP+VERB
65.0 NONTERMINAL SBAR
3405.0 NONTERMINAL SBARQ
81.0 NONTERMINAL ADJP
30.0 NONTERMINAL WHADVP
1808.0 NONTERMINAL DET
1.0 NONTERMINAL S+VP+VERB
2.0 NONTERMINAL NP+QP
2.0 NONTERMINAL NP+S
11.0 NONTERMINAL SBAR+S
3.0 NONTERMINAL NP+X
3.0 NONTERMINAL NP+NP
251.0 NONTERMINAL SQ+VP
68.0 NONTERMINAL CONJ
569.0 NONTERMINAL WHNP
301.0 NONTERMINAL WHADVP+ADV
85.0 NONTERMINAL S
1.0 NONTERMINAL NX
1024.0 NONTERMINAL PP
3852.0 NONTERMINAL NOUN
4.0 NONTERMINAL NP+ADJ
27.0 NONTERMINAL PRT+PRT
280.0 NONTERMINAL PRT
1.0 NONTERMINAL WHNP+WHNP
2032.0 NONTERMINAL .
1.0 NONTERMINAL PP+NOUN
24.0 NONTERMINAL WHPP
103.0 NONTERMINAL NUM
50.0 NONTERMINAL NP+NUM
4813.0 NONTERMINAL NP
90.0 NONTERMINAL S+VP
25.0 NONTERMINAL NP+DET
244.0 NONTERMINAL ADV
16.0 NONTERMINAL VP+NOUN
19.0 NONTERMINAL ADJP+ADJ
1010.0 NONTERMINAL ADP
1.0 NONTERMINAL NP+PP
1.0 NONTERMINAL PP+PP+ADP
2.0 NONTERMINAL ADVP+ADJ
803.0 NONTERMINAL VP
6.0 NONTERMINAL PP+PRT
817.0 NONTERMINAL WHNP+PRON
2349.0 NONTERMINAL VERB
1.0 NONTERMINAL NP+S+VP
17.0 NONTERMINAL X
656.0 NONTERMINAL NP+NOUN
916.0 NONTERMINAL ADJ
14.0 NONTERMINAL ADVP
10.0 NONTERMINAL SBAR+S+VP
7.0 NONTERMINAL QP
23.0 NONTERMINAL WHNP+DET
2081.0 NONTERMINAL SQ
38.0 NONTERMINAL ADVP+ADV
2.0 NONTERMINAL NP+VERB
124.0 NONTERMINAL WHADJP
114.0 NONTERMINAL NP+PRON
73.0 NONTERMINAL PRON
1.0 NONTERMINAL NP+SBAR+S
1.0 NONTERMINAL VP+S+VP
1.0 NONTERMINAL SBAR+VP
113.0 NONTERMINAL PP+ADP
7.0 UNARYRULE . _RARE_
653.0 UNARYRULE WHNP+PRON What
3.0 UNARYRULE NOUN British
3.0 UNARYRULE . <
6.0 UNARYRULE NOUN horse
1.0 UNARYRULE NP+NOUN Washington
7.0 UNARYRULE NOUN war
5.0 UNARYRULE NUM one
19.0 UNARYRULE VERB get
18.0 UNARYRULE VP+VERB called
3.0 UNARYRULE PRON what
1.0 UNARYRULE NP+VERB called
9.0 UNARYRULE ADV much
14.0 UNARYRULE ADJ much
18.0 UNARYRULE WHNP+DET that
5.0 UNARYRULE NOUN house
4.0 UNARYRULE ADV how
6.0 UNARYRULE ADJ different
42.0 UNARYRULE NOUN year
4.0 UNARYRULE NOUN animal
13.0 UNARYRULE VERB have
5.0 UNARYRULE ADJ last
6.0 UNARYRULE NOUN language
1.0 UNARYRULE NP+NOUN school
1.0 UNARYRULE NP+NOUN color
12.0 UNARYRULE WHADVP+ADV when
31.0 UNARYRULE ADVP+ADV _RARE_
5.0 UNARYRULE NP+NOUN Earth
1.0 UNARYRULE VERB mean
7.0 UNARYRULE NOUN countries
6.0 UNARYRULE ADJ high
5.0 UNARYRULE NOUN years
1.0 UNARYRULE NP+NOUN animal
5.0 UNARYRULE NOUN William
1.0 UNARYRULE VP+VERB fear
7.0 UNARYRULE NOUN point
5.0 UNARYRULE ADP before
17.0 UNARYRULE ADP In
2.0 UNARYRULE NOUN power
1.0 UNARYRULE VP+VERB write
23.0 UNARYRULE VP+VERB born
4.0 UNARYRULE NP+NOUN Liberty
10.0 UNARYRULE VERB become
5.0 UNARYRULE NOUN ball
1.0 UNARYRULE NP+NOUN average
3.0 UNARYRULE NOUN types
5.0 UNARYRULE NOUN song
18.0 UNARYRULE ADJP+ADJ _RARE_
1.0 UNARYRULE VP+VERB founded
5.0 UNARYRULE WHNP+PRON what
33.0 UNARYRULE NP+PRON I
5.0 UNARYRULE VP+VERB located
17.0 UNARYRULE NOUN population
4.0 UNARYRULE VERB painted
1.0 UNARYRULE NOUN France
1.0 UNARYRULE VERB born
3.0 UNARYRULE VP+VERB live
156.0 UNARYRULE PRT <s
62.0 UNARYRULE ADJ first
2.0 UNARYRULE NP+NOUN office
1.0 UNARYRULE NP+NOUN sport
5.0 UNARYRULE ADJ South
4.0 UNARYRULE NOUN miles
2.0 UNARYRULE VP+VERB use
1.0 UNARYRULE ADJ New
1.0 UNARYRULE PP+ADP as
2.0 UNARYRULE VP+VERB form
1.0 UNARYRULE PRT+PRT into
38.0 UNARYRULE VERB has
6.0 UNARYRULE NOUN America
7.0 UNARYRULE ADJ British
5.0 UNARYRULE NOUN battle
4.0 UNARYRULE VP+VERB do
9.0 UNARYRULE ADJ best
5.0 UNARYRULE NOUN group
9.0 UNARYRULE NOUN person
118.0 UNARYRULE . <<
17.0 UNARYRULE VERB Name
15.0 UNARYRULE NOUN game
5.0 UNARYRULE NOUN Mississippi
126.0 UNARYRULE VERB are
1.0 UNARYRULE NP+NOUN America
5.0 UNARYRULE NP+NOUN place
2.0 UNARYRULE NOUN French
2.0 UNARYRULE VP+VERB cost
4.0 UNARYRULE NP+NOUN Texas
8.0 UNARYRULE NOUN names
2.0 UNARYRULE WHADVP+ADV how
2.0 UNARYRULE NOUN mean
8.0 UNARYRULE ADP that
78.0 UNARYRULE ADP for
8.0 UNARYRULE NOUN colors
5.0 UNARYRULE VERB located
9.0 UNARYRULE NOUN John
1.0 UNARYRULE ADJ mountain
9.0 UNARYRULE ADJ highest
69.0 UNARYRULE ADP on
2.0 UNARYRULE NP+NOUN President
154.0 UNARYRULE VERB did
2.0 UNARYRULE NP+NOUN types
1.0 UNARYRULE VP+VERB be
5.0 UNARYRULE ADJ common
1.0 UNARYRULE S+VP+VERB _RARE_
11.0 UNARYRULE NOUN sun
11.0 UNARYRULE VERB invented
149.0 UNARYRULE ADV How
11.0 UNARYRULE NOUN capital
2702.0 UNARYRULE NOUN _RARE_
2.0 UNARYRULE NOUN earth
4.0 UNARYRULE NOUN sport
9.0 UNARYRULE NP+NOUN people
76.0 UNARYRULE NUM _RARE_
4.0 UNARYRULE NOUN mountain
7.0 UNARYRULE DET which
7.0 UNARYRULE VERB died
3.0 UNARYRULE NOUN animals
9.0 UNARYRULE ADJ national
21.0 UNARYRULE VP+VERB die
6.0 UNARYRULE NOUN flight
17.0 UNARYRULE PP+ADP of
5.0 UNARYRULE VERB said
16.0 UNARYRULE NOUN United
7.0 UNARYRULE NOUN date
1.0 UNARYRULE NOUN Texas
5.0 UNARYRULE NP+NOUN president
3.0 UNARYRULE NOUN office
247.0 UNARYRULE VERB was
1.0 UNARYRULE ADVP+ADV after
14.0 UNARYRULE NOUN color
7.0 UNARYRULE ADJ average
5.0 UNARYRULE NOUN water
1.0 UNARYRULE NOUN Spanish
2.0 UNARYRULE NP+NOUN animals
4.0 UNARYRULE NOUN play
5.0 UNARYRULE ADJ tallest
1.0 UNARYRULE VP+VERB make
60.0 UNARYRULE CONJ and
9.0 UNARYRULE NOUN number
8.0 UNARYRULE NOUN character
1.0 UNARYRULE PRON it
6.0 UNARYRULE NOUN school
3.0 UNARYRULE VP+VERB open
4.0 UNARYRULE VP+VERB work
5.0 UNARYRULE NOUN eye
1.0 UNARYRULE NOUN Liberty
11.0 UNARYRULE NOUN River
7.0 UNARYRULE NOUN abbreviation
7.0 UNARYRULE NOUN home
13.0 UNARYRULE NOUN President
3.0 UNARYRULE VERB buried
12.0 UNARYRULE NOUN War
1.0 UNARYRULE VERB open
5.0 UNARYRULE NOUN star
6.0 UNARYRULE NOUN currency
1.0 UNARYRULE WHNP+PRON _RARE_
4.0 UNARYRULE PP+ADP with
5.0 UNARYRULE NOUN team
5.0 UNARYRULE VERB wrote
3.0 UNARYRULE NOUN Australia
5.0 UNARYRULE NOUN birthstone
7.0 UNARYRULE VP+VERB have
1.0 UNARYRULE VP+VERB find
10.0 UNARYRULE ADJ fast
5.0 UNARYRULE . :
5.0 UNARYRULE ADJ longest
1.0 UNARYRULE PRT+PRT for
6.0 UNARYRULE ADP after
2.0 UNARYRULE VP+VERB become
5.0 UNARYRULE PP+ADP into
3.0 UNARYRULE NOUN London
3.0 UNARYRULE NP+NOUN miles
3.0 UNARYRULE VP+VERB died
78.0 UNARYRULE VERB do
6.0 UNARYRULE ADJ top
5.0 UNARYRULE ADJ black
667.0 UNARYRULE VERB is
5.0 UNARYRULE DET some
7.0 UNARYRULE VP+VERB mean
3.0 UNARYRULE NP+NOUN baseball
5.0 UNARYRULE NOUN percentage
15.0 UNARYRULE PRON his
32.0 UNARYRULE NOUN world
1.0 UNARYRULE VP+VERB did
1.0 UNARYRULE PP+NOUN _RARE_
1.0 UNARYRULE NP+NOUN battle
1.0 UNARYRULE NP+VERB _RARE_
13.0 UNARYRULE PRT <
1.0 UNARYRULE ADJ capital
1.0 UNARYRULE ADJP+ADJ open
8.0 UNARYRULE NOUN woman
70.0 UNARYRULE WHADVP+ADV How
12.0 UNARYRULE ADV far
1.0 UNARYRULE NP+DET that
28.0 UNARYRULE DET Which
35.0 UNARYRULE VERB can
15.0 UNARYRULE NP+PRON it
11.0 UNARYRULE VERB makes
1695.0 UNARYRULE . ?
31.0 UNARYRULE VERB <s
11.0 UNARYRULE NOUN origin
50.0 UNARYRULE NOUN city
4.0 UNARYRULE VP+VERB made
15.0 UNARYRULE ADP with
5.0 UNARYRULE NOUN World
108.0 UNARYRULE WHADVP+ADV When
151.0 UNARYRULE WHNP+PRON Who
1.0 UNARYRULE VP+VERB used
5.0 UNARYRULE NOUN leader
10.0 UNARYRULE NOUN nickname
20.0 UNARYRULE ADP by
5.0 UNARYRULE VERB killed
1.0 UNARYRULE VP+VERB start
7.0 UNARYRULE NOUN dog
5.0 UNARYRULE NOUN Lincoln
110.0 UNARYRULE PRT to
12.0 UNARYRULE VERB come
5.0 UNARYRULE NP+NOUN Mars
29.0 UNARYRULE NOUN state
9.0 UNARYRULE ADJ real
1.0 UNARYRULE VERB name
6.0 UNARYRULE NOUN governor
6.0 UNARYRULE NOUN Tower
2.0 UNARYRULE WHADVP+ADV _RARE_
11.0 UNARYRULE NOUN word
4.0 UNARYRULE NP+NOUN earth
3.0 UNARYRULE NOUN musical
30.0 UNARYRULE DET an
4.0 UNARYRULE NP+NOUN Spanish
6.0 UNARYRULE WHNP+PRON who
5.0 UNARYRULE ADJ fastest
1.0 UNARYRULE NP+NOUN company
1.0 UNARYRULE NP+NOUN state
22.0 UNARYRULE ADJ American
2.0 UNARYRULE VP+VERB run
25.0 UNARYRULE ADP as
1.0 UNARYRULE DET that
1.0 UNARYRULE NP+NOUN Johnson
6.0 UNARYRULE PP+PRT to
10.0 UNARYRULE NOUN University
4.0 UNARYRULE ADJ North
1.0 UNARYRULE NOUN light
2.0 UNARYRULE NP+NUM one
7.0 UNARYRULE NOUN State
6.0 UNARYRULE VERB use
1.0 UNARYRULE NP+NOUN dog
6.0 UNARYRULE NOUN West
2.0 UNARYRULE VERB cost
16.0 UNARYRULE ADJ largest
14.0 UNARYRULE ADP at
2.0 UNARYRULE VERB built
3.0 UNARYRULE NOUN Earth
7.0 UNARYRULE NOUN term
6.0 UNARYRULE NP+NOUN Alaska
4.0 UNARYRULE NP+NOUN home
7.0 UNARYRULE PRON your
6.0 UNARYRULE NOUN North
2.0 UNARYRULE ADV only
3.0 UNARYRULE ADJ long
7.0 UNARYRULE PRT+PRT up
5.0 UNARYRULE NOUN college
22.0 UNARYRULE . .
4.0 UNARYRULE NP+NOUN Canada
477.0 UNARYRULE VERB _RARE_
4.0 UNARYRULE NOUN Africa
7.0 UNARYRULE PRON _RARE_
8.0 UNARYRULE NOUN King
2.0 UNARYRULE NP+DET some
2.0 UNARYRULE PP+ADP at
1.0 UNARYRULE NOUN cost
16.0 UNARYRULE VP+NOUN mean
35.0 UNARYRULE DET The
1.0 UNARYRULE NOUN England
4.0 UNARYRULE NP+NOUN light
21.0 UNARYRULE NP+DET there
8.0 UNARYRULE NOUN day
390.0 UNARYRULE DET What
15.0 UNARYRULE NOUN States
10.0 UNARYRULE VERB play
5.0 UNARYRULE PRON her
4.0 UNARYRULE NP+NOUN France
19.0 UNARYRULE VERB find
17.0 UNARYRULE WHADVP+ADV Why
1.0 UNARYRULE VERB begin
2.0 UNARYRULE NP+NOUN rain
2.0 UNARYRULE NOUN top
7.0 UNARYRULE NOUN actor
5.0 UNARYRULE PRON What
272.0 UNARYRULE ADP in
2.0 UNARYRULE NP+NOUN Africa
41.0 UNARYRULE NOUN country
4.0 UNARYRULE PP+ADP on
5.0 UNARYRULE ADV long
5.0 UNARYRULE NP+PRON he
21.0 UNARYRULE ADV most
4.0 UNARYRULE NP+NOUN England
7.0 UNARYRULE PRT+PRT _RARE_
1.0 UNARYRULE VERB work
14.0 UNARYRULE VERB used
13.0 UNARYRULE DET what
10.0 UNARYRULE ADJ old
3.0 UNARYRULE NOUN form
89.0 UNARYRULE NOUN name
1.0 UNARYRULE NP+NOUN Mississippi
2.0 UNARYRULE WHNP+DET which
5.0 UNARYRULE VERB had
1.0 UNARYRULE PRT _RARE_
3.0 UNARYRULE NOUN place
8.0 UNARYRULE ADJ tall
2.0 UNARYRULE ADV about
38.0 UNARYRULE ADP from
8.0 UNARYRULE NOUN book
40.0 UNARYRULE PP+ADP in
14.0 UNARYRULE PRON its
1.0 UNARYRULE PRT+PRT on
1.0 UNARYRULE PRT+PRT place
4.0 UNARYRULE ADJ French
7.0 UNARYRULE VP+VERB built
6.0 UNARYRULE NUM four
17.0 UNARYRULE X _RARE_
5.0 UNARYRULE NOUN address
1.0 UNARYRULE WHNP+PRON Which
9.0 UNARYRULE NP+NOUN water
24.0 UNARYRULE PP+ADP for
6.0 UNARYRULE NOUN bird
5.0 UNARYRULE NOUN show
8.0 UNARYRULE NOUN car
1.0 UNARYRULE VP+VERB get
1.0 UNARYRULE NOUN start
8.0 UNARYRULE VP+VERB invented
5.0 UNARYRULE NOUN life
1.0 UNARYRULE NOUN Spain
8.0 UNARYRULE NP+PRON _RARE_
6.0 UNARYRULE NOUN money
1084.0 UNARYRULE DET the
3.0 UNARYRULE PP+ADP by
1.0 UNARYRULE ADV Why
10.0 UNARYRULE VERB say
8.0 UNARYRULE NOUN movie
108.0 UNARYRULE VERB does
6.0 UNARYRULE NOUN system
4.0 UNARYRULE NP+NOUN Spain
7.0 UNARYRULE ADJ oldest
18.0 UNARYRULE VERB made
6.0 UNARYRULE VERB live
5.0 UNARYRULE NOUN Vietnam
7.0 UNARYRULE NOUN river
1.0 UNARYRULE PP+PP+ADP in
1.0 UNARYRULE NOUN use
4.0 UNARYRULE NP+NOUN power
10.0 UNARYRULE VERB take
43.0 UNARYRULE NOUN U.S.
13.0 UNARYRULE NOUN people
2.0 UNARYRULE NP+NOUN French
6.0 UNARYRULE VERB founded
5.0 UNARYRULE ADVP+ADV first
4.0 UNARYRULE VERB start
5.0 UNARYRULE VERB given
7.0 UNARYRULE NOUN York
3.0 UNARYRULE NOUN Great
4.0 UNARYRULE VP+VERB begin
47.0 UNARYRULE NP+NUM _RARE_
3.0 UNARYRULE NOUN Canada
64.0 UNARYRULE . ,
14.0 UNARYRULE VERB called
4.0 UNARYRULE VERB write
9.0 UNARYRULE PRT+PRT out
17.0 UNARYRULE DET _RARE_
13.0 UNARYRULE PP+ADP from
39.0 UNARYRULE ADP _RARE_
6.0 UNARYRULE NOUN George
8.0 UNARYRULE ADJ famous
106.0 UNARYRULE VP+VERB _RARE_
5.0 UNARYRULE NOUN difference
5.0 UNARYRULE ADP about
8.0 UNARYRULE ADP between
8.0 UNARYRULE PRON their
6.0 UNARYRULE ADP into
13.0 UNARYRULE NOUN fear
1.0 UNARYRULE NP+NOUN countries
20.0 UNARYRULE VERB were
11.0 UNARYRULE VERB make
526.0 UNARYRULE ADJ _RARE_
11.0 UNARYRULE NOUN company
8.0 UNARYRULE NOUN moon
4.0 UNARYRULE NOUN rain
3.0 UNARYRULE ADJ Great
15.0 UNARYRULE NOUN president
13.0 UNARYRULE NOUN New
5.0 UNARYRULE VERB causes
5.0 UNARYRULE NOUN Johnson
5.0 UNARYRULE ADJ female
16.0 UNARYRULE VERB known
37.0 UNARYRULE ADV _RARE_
5.0 UNARYRULE NOUN South
1.0 UNARYRULE NOUN work
2.0 UNARYRULE ADJ musical
3.0 UNARYRULE ADJ National
1.0 UNARYRULE NP+NOUN Vietnam
1.0 UNARYRULE NP+NUM two
2.0 UNARYRULE NP+NOUN London
3.0 UNARYRULE PRON I
6.0 UNARYRULE ADJ Spanish
3.0 UNARYRULE VERB run
5.0 UNARYRULE NOUN party
47.0 UNARYRULE NP+PRON you
10.0 UNARYRULE NOUN Day
5.0 UNARYRULE ADP out
3.0 UNARYRULE NP+X _RARE_
2.0 UNARYRULE ADVP+ADJ _RARE_
10.0 UNARYRULE VERB call
8.0 UNARYRULE VERB being
69.0 UNARYRULE ADJ many
3.0 UNARYRULE NP+NOUN Australia
6.0 UNARYRULE NP+PRON they
1.0 UNARYRULE NP+ADJ black
3.0 UNARYRULE VP+VERB buried
10.0 UNARYRULE NOUN kind
8.0 UNARYRULE NOUN St.
380.0 UNARYRULE ADP of
5.0 UNARYRULE PRON my
1.0 UNARYRULE ADJ home
1.0 UNARYRULE ADJ West
526.0 UNARYRULE NP+NOUN _RARE_
2.0 UNARYRULE CONJ _RARE_
5.0 UNARYRULE ADJ European
1.0 UNARYRULE NOUN run
5.0 UNARYRULE VERB been
6.0 UNARYRULE NOUN Washington
3.0 UNARYRULE NP+ADJ _RARE_
7.0 UNARYRULE ADJ only
9.0 UNARYRULE NOUN film
2.0 UNARYRULE ADV Where
3.0 UNARYRULE WHNP+DET Which
5.0 UNARYRULE VERB win
1.0 UNARYRULE ADVP+ADV best
90.0 UNARYRULE WHADVP+ADV Where
5.0 UNARYRULE NOUN rate
6.0 UNARYRULE NOUN Kennedy
10.0 UNARYRULE NOUN baseball
2.0 UNARYRULE VP+VERB play
2.0 UNARYRULE NOUN National
118.0 UNARYRULE . ``
198.0 UNARYRULE DET a
2.0 UNARYRULE NP+NOUN year
6.0 UNARYRULE CONJ or
8.0 UNARYRULE NOUN US
16.0 UNARYRULE NUM two
1.0 UNARYRULE VP+VERB painted
20.0 UNARYRULE VERB stand
1.0 UNARYRULE NP+DET _RARE_
12.0 UNARYRULE VERB be
14.0 UNARYRULE ADJ most
1.0 UNARYRULE NOUN I
5.0 UNARYRULE NOUN American
5.0 UNARYRULE VERB should
11.0 UNARYRULE NOUN body
1.0 UNARYRULE VP+VERB killed
1.0 BINARYRULE VP VERB SBAR+VP
4.0 BINARYRULE VP VERB NP+PRON
1.0 BINARYRULE SBAR+S+VP PRT VP+VERB
63.0 BINARYRULE SQ VERB VP
1.0 BINARYRULE SQ ADVP+ADV VP+VERB
1.0 BINARYRULE VP PP WHPP
75.0 BINARYRULE SQ NP+PRON VP
1.0 BINARYRULE SBARQ SBARQ .
7.0 BINARYRULE ADJP DET ADJ
1436.0 BINARYRULE SBARQ SQ .
21.0 BINARYRULE NP CONJ NOUN
165.0 BINARYRULE NP NOUN PRT
12.0 BINARYRULE S+VP VERB NP
41.0 BINARYRULE NP NOUN PP
30.0 BINARYRULE PP PRT NP
77.0 BINARYRULE VP VERB PP+ADP
71.0 BINARYRULE SQ VERB NP+NOUN
506.0 BINARYRULE NP NP PP
2.0 BINARYRULE SQ PP PP
141.0 BINARYRULE VP VERB PP
1.0 BINARYRULE S+VP VERB ADJP
2.0 BINARYRULE PP PRT NP+NUM
1.0 BINARYRULE SQ NP+ADJ SQ
1.0 BINARYRULE VP NP ADJP+ADJ
2.0 BINARYRULE ADJP CONJ ADJ
1.0 BINARYRULE VP NP+NOUN PRT+PRT
25.0 BINARYRULE NP CONJ NP
1.0 BINARYRULE PP ADP NP+QP
601.0 BINARYRULE PP ADP NP
3.0 BINARYRULE SQ+VP VERB SBAR+S
13.0 BINARYRULE SQ NP+DET PP
42.0 BINARYRULE SBARQ WHADJP SBARQ
3.0 BINARYRULE WHNP PRON NP
20.0 BINARYRULE WHADVP ADV ADV
1.0 BINARYRULE VP NP VP+VERB
8.0 BINARYRULE SQ VERB ADJP
1.0 BINARYRULE PP NP+NUM PP
1.0 BINARYRULE ADJP NUM NOUN
1.0 BINARYRULE SQ NP+NOUN VP+NOUN
1.0 BINARYRULE PP PRT NP+DET
14.0 BINARYRULE VP VERB VP+VERB
1.0 BINARYRULE SQ NP+S VP
1.0 BINARYRULE NP NOUN PP+ADP
1.0 BINARYRULE VP VERB NP+SBAR+S
7.0 BINARYRULE S NP+PRON VP+VERB
1.0 BINARYRULE NP ADJP+ADJ NP
1.0 BINARYRULE NP NOUN ADVP+ADV
477.0 BINARYRULE NP ADJ NOUN
1.0 BINARYRULE SQ ADJP+ADJ PP
4.0 BINARYRULE VP PRT VP+VERB
148.0 BINARYRULE VP VERB NP
1.0 BINARYRULE SBAR+S NP VP+VERB
1.0 BINARYRULE VP VERB .
21.0 BINARYRULE WHPP ADP WHNP
1.0 BINARYRULE NP NP+NOUN PP+ADP
8.0 BINARYRULE SQ VERB NP+DET
1.0 BINARYRULE VP NOUN PP+ADP
5.0 BINARYRULE NP NP PP+ADP
1.0 BINARYRULE NP+NP . NP
2.0 BINARYRULE VP PP NP
13.0 BINARYRULE SQ NP VP+NOUN
11.0 BINARYRULE S+VP VERB PP
12.0 BINARYRULE NP ADJP NP
1.0 BINARYRULE VP VERB WHADJP
1.0 BINARYRULE VP NP SBAR
2.0 BINARYRULE SQ+VP ADVP+ADV VP
4.0 BINARYRULE SQ VP PP
1.0 BINARYRULE VP PRT+PRT WHPP
2.0 BINARYRULE VP PP+ADP PP
7.0 BINARYRULE SBARQ WHNP SQ
3.0 BINARYRULE VP PRT+PRT PP
1.0 BINARYRULE SBAR WHPP S
4.0 BINARYRULE WHNP ADV ADV
9.0 BINARYRULE ADJP ADJ ADJ
3.0 BINARYRULE NP VERB NP
118.0 BINARYRULE WHADJP ADV ADJ
22.0 BINARYRULE SQ+VP VERB PP
1.0 BINARYRULE NP VERB NP+NOUN
1.0 BINARYRULE SBAR WHNP+DET S+VP+VERB
2.0 BINARYRULE S+VP VERB S
31.0 BINARYRULE NP NP+NOUN PP
653.0 BINARYRULE SQ VERB NP
26.0 BINARYRULE SBARQ WHADVP SBARQ
2.0 BINARYRULE QP ADV NUM
1.0 BINARYRULE ADJP ADJ PRT+PRT
3.0 BINARYRULE NP . PRON
1.0 BINARYRULE ADVP ADV NP
35.0 BINARYRULE S+VP PRT VP
2.0 BINARYRULE ADJP ADJ NOUN
1.0 BINARYRULE VP VP NP+NOUN
5.0 BINARYRULE SQ NP SQ
3.0 BINARYRULE VP NP+NOUN S+VP
14.0 BINARYRULE NP PRON NP
1.0 BINARYRULE NX NOUN NOUN
10.0 BINARYRULE NP NP SBAR+S+VP
1.0 BINARYRULE SBARQ WHNP+WHNP SBARQ
1.0 BINARYRULE VP PRT+PRT SBARQ
1.0 BINARYRULE SQ NP+NOUN ADJP
1.0 BINARYRULE ADJP ADJ VP
1.0 BINARYRULE VP NP+PRON ADJP+ADJ
1.0 BINARYRULE ADJP ADJ .
1.0 BINARYRULE VP NP+NOUN VP+VERB
1.0 BINARYRULE SQ+VP VERB S
4.0 BINARYRULE WHNP ADJ NOUN
2.0 BINARYRULE SQ NP+NOUN NP
2.0 BINARYRULE PP ADP SBAR
808.0 BINARYRULE SBARQ WHNP+PRON SBARQ
2.0 BINARYRULE SQ NP ADJP
14.0 BINARYRULE PP ADP S+VP
1.0 BINARYRULE NP NUM NUM
1.0 BINARYRULE SQ ADJP SBAR
766.0 BINARYRULE NP DET NP
1.0 BINARYRULE NP NP+NUM NP
770.0 BINARYRULE NP NOUN NOUN
1.0 BINARYRULE SBAR+S NP+PRON VP+VERB
8.0 BINARYRULE VP VERB PRT+PRT
1.0 BINARYRULE S+VP VP VP
3.0 BINARYRULE VP PRT+PRT NP
1.0 BINARYRULE NP X NOUN
18.0 BINARYRULE VP NP VP
1.0 BINARYRULE SBAR WHNP S
2.0 BINARYRULE VP S PP
21.0 BINARYRULE NP NP VP
3.0 BINARYRULE VP CONJ VP
2.0 BINARYRULE NP . ADJP+ADJ
20.0 BINARYRULE VP PP PP
4.0 BINARYRULE S . .
4.0 BINARYRULE ADVP ADV ADV
2.0 BINARYRULE NP . NUM
1.0 BINARYRULE NP ADJP .
1.0 BINARYRULE NP . PP
3.0 BINARYRULE SQ NP+PRON PP
4.0 BINARYRULE NP NP NP+NOUN
3.0 BINARYRULE VP VERB PP+PRT
4.0 BINARYRULE PP ADP NOUN
25.0 BINARYRULE S VP .
1.0 BINARYRULE VP NP+NOUN SBAR
1.0 BINARYRULE VP VERB NP+QP
3.0 BINARYRULE VP VERB ADVP+ADV
11.0 BINARYRULE S+VP VERB VP
2.0 BINARYRULE VP ADV VERB
1.0 BINARYRULE SQ . PP
97.0 BINARYRULE NP NOUN .
1.0 BINARYRULE WHNP NOUN ADJ
1.0 BINARYRULE S PP S
1.0 BINARYRULE NP VERB PRT
1.0 BINARYRULE PP ADV ADP
4.0 BINARYRULE PP ADP VP
1.0 BINARYRULE ADJP NOUN ADJP
1.0 BINARYRULE SQ+VP VP PP
1.0 BINARYRULE VP VP PP
7.0 BINARYRULE SBARQ . SBARQ
11.0 BINARYRULE PP PP PP
10.0 BINARYRULE SBAR WHADVP+ADV S
85.0 BINARYRULE NP NP NOUN
1.0 BINARYRULE ADJP NOUN ADJ
2.0 BINARYRULE SBARQ SQ SBARQ
79.0 BINARYRULE SQ+VP VERB VP
2.0 BINARYRULE SBARQ SBARQ SBARQ
1.0 BINARYRULE SQ VERB S+VP
3.0 BINARYRULE VP ADV VP
2.0 BINARYRULE SQ NP VERB
26.0 BINARYRULE NP ADJP NOUN
1.0 BINARYRULE ADJP NUM ADJ
3.0 BINARYRULE NP NP+DET PP
17.0 BINARYRULE SBAR WHNP+DET S+VP
1.0 BINARYRULE VP NOUN PP
1.0 BINARYRULE S NP+NUM VP
1.0 BINARYRULE WHPP PRT WHNP+DET
505.0 BINARYRULE SBARQ WHNP SBARQ
1.0 BINARYRULE SBARQ WHNP+DET SBARQ
2.0 BINARYRULE NP ADJ ADJ
1.0 BINARYRULE NP NOUN ADV
3.0 BINARYRULE WHNP NOUN NOUN
1.0 BINARYRULE NP DET X
3.0 BINARYRULE SQ NP+NOUN PP
4.0 BINARYRULE VP ADVP+ADV VP+VERB
1.0 BINARYRULE VP . NP+S
1.0 BINARYRULE WHNP NP NOUN
9.0 BINARYRULE SQ NP PP
1.0 BINARYRULE NP NP PP+PRT
3.0 BINARYRULE VP NP S+VP
1.0 BINARYRULE ADJP ADVP VERB
263.0 BINARYRULE WHNP DET NOUN
1.0 BINARYRULE SQ NP+NOUN ADJP+ADJ
2.0 BINARYRULE VP VERB WHNP
2.0 BINARYRULE VP ADJP PP
2.0 BINARYRULE SBAR+S NP+PRON VP
1.0 BINARYRULE NP+SBAR+S ADVP+ADV S
1.0 BINARYRULE SQ+VP VP VP
4.0 BINARYRULE SQ NP+PRON SQ
619.0 BINARYRULE SQ VERB SQ
1.0 BINARYRULE SQ VERB VP+VERB
18.0 BINARYRULE SQ VERB PP
286.0 BINARYRULE PP ADP NP+NOUN
1.0 BINARYRULE ADJP . ADJ
2.0 BINARYRULE VP VERB ADJP
2.0 BINARYRULE SBARQ CONJ SBARQ
1.0 BINARYRULE SBAR SQ+VP .
1.0 BINARYRULE NP NP WHPP
1.0 BINARYRULE ADVP ADV .
1.0 BINARYRULE VP . S
1.0 BINARYRULE VP ADV NP
579.0 BINARYRULE NP DET NOUN
1.0 BINARYRULE NP NP+NOUN .
5.0 BINARYRULE SBAR+S NP VP
7.0 BINARYRULE S+VP PRT VP+VERB
62.0 BINARYRULE SQ NP+NOUN VP
1.0 BINARYRULE SQ NP NP+NOUN
6.0 BINARYRULE VP PRT+PRT VP
1.0 BINARYRULE VP NP ADVP
1.0 BINARYRULE ADJP ADJP ADJP
1.0 BINARYRULE SQ VERB ADJP+ADJ
8.0 BINARYRULE SQ NP NP
1.0 BINARYRULE NP ADJ NP+NOUN
9.0 BINARYRULE SBAR+S+VP PRT VP
1.0 BINARYRULE WHPP PRT WHNP+PRON
3.0 BINARYRULE WHADVP ADV PP
1.0 BINARYRULE VP VERB NP+S+VP
3.0 BINARYRULE PP ADP NP+ADJ
20.0 BINARYRULE WHNP WHNP PP
1.0 BINARYRULE SQ+VP ADVP VP
1.0 BINARYRULE SBARQ WHNP SQ+VP
1.0 BINARYRULE WHADJP ADV ADJP
3.0 BINARYRULE ADJP ADV ADJP
20.0 BINARYRULE WHNP WHADJP NP
42.0 BINARYRULE NP PRON NOUN
17.0 BINARYRULE NP . NOUN
6.0 BINARYRULE NP ADV NP
1.0 BINARYRULE VP CONJ VP+VERB
11.0 BINARYRULE SQ NP PP+ADP
1.0 BINARYRULE SQ+VP VERB SBAR
12.0 BINARYRULE VP VERB SBAR
1.0 BINARYRULE PP ADP NP+PRON
2.0 BINARYRULE NP NP+NOUN SBAR
1.0 BINARYRULE SBAR WHNP+DET VP
10.0 BINARYRULE PP PRT NP+NOUN
1.0 BINARYRULE VP NP+NUM PP
1.0 BINARYRULE VP PP+PRT PP
1.0 BINARYRULE NP . S+VP
2.0 BINARYRULE SQ VERB ADVP
1.0 BINARYRULE NP ADJP ADVP
1.0 BINARYRULE NP NP NP+PP
3.0 BINARYRULE WHADVP ADV ADJ
1.0 BINARYRULE NP+PP PP PP
1.0 BINARYRULE ADJP X .
1.0 BINARYRULE SQ NP+NP VP+VERB
1.0 BINARYRULE VP NP+NOUN VP
1.0 BINARYRULE NP+S+VP VERB VP
12.0 BINARYRULE S NP+PRON VP
1.0 BINARYRULE ADJP ADJ PP+PRT
1.0 BINARYRULE PP PRT VP
3.0 BINARYRULE VP NP PP+ADP
2.0 BINARYRULE NP X X
1.0 BINARYRULE VP NP PP+NOUN
1.0 BINARYRULE NP NP NX
1.0 BINARYRULE NP PRON PRT
4.0 BINARYRULE NP QP NOUN
323.0 BINARYRULE NP NOUN NP
1.0 BINARYRULE NP+NP NP PP
5.0 BINARYRULE WHADJP ADV ADV
164.0 BINARYRULE WHNP DET NP
30.0 BINARYRULE NP NP SBAR
1.0 BINARYRULE VP NP+NP PP
1.0 BINARYRULE SBAR+S NP S
40.0 BINARYRULE PP ADP NP+NUM
20.0 BINARYRULE SBARQ WHPP SBARQ
283.0 BINARYRULE SBARQ WHADVP+ADV SBARQ
1.0 BINARYRULE SBARQ NP .
138.0 BINARYRULE NP NP NP
1.0 BINARYRULE NP NUM .
1.0 BINARYRULE NP NP NP+ADVP
2.0 BINARYRULE VP NP NP
1.0 BINARYRULE VP NOUN NP
4.0 BINARYRULE S VP S
1.0 BINARYRULE VP PRT+PRT SBAR
3.0 BINARYRULE VP VERB ADJP+ADJ
2.0 BINARYRULE WHNP WHADJP WHNP
3.0 BINARYRULE WHNP PRON WHNP
6.0 BINARYRULE VP PRT VP
46.0 BINARYRULE VP NP PP
1.0 BINARYRULE SBAR+VP PRT VP
2.0 BINARYRULE VP . PP
1.0 BINARYRULE VP VP+VERB VP
8.0 BINARYRULE NP CONJ NP+NOUN
2.0 BINARYRULE QP ADP NUM
3.0 BINARYRULE NP X .
1.0 BINARYRULE WHNP WHNP NP+NOUN
1.0 BINARYRULE VP NP VERB
172.0 BINARYRULE SQ NP VP+VERB
3.0 BINARYRULE S+VP VERB ADJP+ADJ
1.0 BINARYRULE S+VP VERB NP+NP
2.0 BINARYRULE SBARQ WHADVP+ADV SQ
1.0 BINARYRULE NP . DET
1.0 BINARYRULE NP+QP ADJ QP
1.0 BINARYRULE WHNP DET S
1.0 BINARYRULE WHNP WHADJP PP
2.0 BINARYRULE VP CONJ VERB
1.0 BINARYRULE VP VERB ADVP
28.0 BINARYRULE NP NP+NOUN NP
1.0 BINARYRULE ADJP ADJ PP+ADP
15.0 BINARYRULE NP NOUN NUM
1.0 BINARYRULE VP NOUN NP+NOUN
1.0 BINARYRULE VP+S+VP PRT VP
4.0 BINARYRULE NP NP+NOUN VP
17.0 BINARYRULE ADJP ADV ADJ
1.0 BINARYRULE SQ ADV VP
1.0 BINARYRULE NP NP+NUM PP
1.0 BINARYRULE VP NP+PRON PP
1.0 BINARYRULE ADVP CONJ ADV
1.0 BINARYRULE VP NP VP+S+VP
1.0 BINARYRULE PP NP PP
13.0 BINARYRULE S NP VP
3.0 BINARYRULE S+VP . VP
5.0 BINARYRULE ADJP . ADJP
21.0 BINARYRULE SBAR ADP S
1.0 BINARYRULE SQ NP NP+VERB
4.0 BINARYRULE SQ NP ADJP+ADJ
1.0 BINARYRULE NP ADJ .
2.0 BINARYRULE NP+S NP VP
2.0 BINARYRULE NP NP ADJP
8.0 BINARYRULE SQ ADVP+ADV VP
1.0 BINARYRULE SQ VP SBAR
1.0 BINARYRULE WHNP WHNP NP
45.0 BINARYRULE NP NUM NOUN
1.0 BINARYRULE ADVP ADVP PP
1.0 BINARYRULE SQ VP+VERB SQ
4.0 BINARYRULE SQ NP SBAR
1.0 BINARYRULE NP NOUN X
1.0 BINARYRULE QP ADJ QP
6.0 BINARYRULE S NP+NOUN VP
2.0 BINARYRULE VP ADVP+ADV PP
4.0 BINARYRULE WHNP DET WHNP
1.0 BINARYRULE NP NP+NUM PP+ADP
3.0 BINARYRULE SBARQ PP SBARQ
1.0 BINARYRULE SBARQ SQ+VP SBARQ
58.0 BINARYRULE WHNP WHADJP NOUN
2.0 BINARYRULE NP NOUN SBAR
5.0 BINARYRULE SBAR WHNP+PRON S+VP
2.0 BINARYRULE WHNP ADV ADJ
3.0 BINARYRULE SQ+VP VERB S+VP
2.0 BINARYRULE WHADVP WHADVP PP
5.0 BINARYRULE ADJP ADJ ADJP
12.0 BINARYRULE VP NP+NOUN PP
2.0 BINARYRULE VP NP+PRON NP
5.0 BINARYRULE WHNP DET NP+NOUN
1.0 BINARYRULE SBARQ VP .
1.0 BINARYRULE NP QP PP
1.0 BINARYRULE NP VERB PP
216.0 BINARYRULE NP ADJ NP
8.0 BINARYRULE SQ NP+NOUN PP+ADP
1.0 BINARYRULE VP NP ADVP+ADJ
1.0 BINARYRULE VP VERB PP+PP+ADP
1.0 BINARYRULE QP DET NOUN
1.0 BINARYRULE NP ADJP NP+NOUN
2.0 BINARYRULE VP . NP
1.0 BINARYRULE ADJP NOUN VERB
1.0 BINARYRULE PP ADP NP+VERB
2.0 BINARYRULE ADJP CONJ ADJP
2.0 BINARYRULE VP VERB S
1.0 BINARYRULE NP+NP DET NP
12.0 BINARYRULE VP ADVP+ADV VP
1.0 BINARYRULE NP . NP+NUM
24.0 BINARYRULE VP VERB S+VP
2.0 BINARYRULE WHNP WHNP+DET PP
1.0 BINARYRULE S . S
6.0 BINARYRULE PP ADP PP
1.0 BINARYRULE NP ADJP PP
15.0 BINARYRULE NP . NP+NOUN
1.0 BINARYRULE SQ VERB SBAR+S
7.0 BINARYRULE S NP S
1.0 BINARYRULE ADVP . ADVP
2.0 BINARYRULE NP NP PRT
1.0 BINARYRULE NP+ADVP . ADVP
1.0 BINARYRULE WHPP ADP WHNP+PRON
3.0 BINARYRULE VP . VP
2.0 BINARYRULE S+VP VERB NP+NOUN
1.0 BINARYRULE NP PP PP
1.0 BINARYRULE NP PP VP
1.0 BINARYRULE VP NP+NOUN ADVP
2.0 BINARYRULE VP PRT+PRT PP+ADP
2.0 BINARYRULE ADJP ADJ S+VP
5.0 BINARYRULE SBAR WHADVP+ADV S+VP
1.0 BINARYRULE VP VP VP
3.0 BINARYRULE NP DET NUM
2.0 BINARYRULE NP VERB .
1.0 BINARYRULE PP PRT NOUN
1.0 BINARYRULE SQ NP+PRON ADJP
2.0 BINARYRULE VP VP NP
3.0 BINARYRULE SBARQ SBAR SBARQ
2.0 BINARYRULE SBARQ . .
6.0 BINARYRULE WHNP PRON NOUN
1.0 BINARYRULE SBARQ WHNP+PRON SQ+VP
1.0 BINARYRULE SQ VP+VERB NP
1.0 BINARYRULE S+VP VERB ADVP+ADV
27.0 BINARYRULE VP VERB NP+NOUN
15.0 BINARYRULE SQ+VP VERB NP+NOUN
117.0 BINARYRULE NP . NP
4.0 BINARYRULE S NP VP+VERB
28.0 BINARYRULE SQ NP+NOUN VP+VERB
1.0 BINARYRULE NP NP S
10.0 BINARYRULE ADJP ADJ PP
11.0 BINARYRULE NP NP S+VP
1.0 BINARYRULE NP ADJ NUM
2.0 BINARYRULE WHADVP ADV WHADVP
1.0 BINARYRULE NP+QP DET NUM
9.0 BINARYRULE NP DET ADJ
26.0 BINARYRULE NP NUM NP
2.0 BINARYRULE VP ADVP+ADV VERB
1.0 BINARYRULE VP VERB ADVP+ADJ
1.0 BINARYRULE NP ADV .
103.0 BINARYRULE VP VERB VP
1.0 BINARYRULE NP PRON .
6.0 BINARYRULE NP X NP
6.0 BINARYRULE NP NP SBAR+S
1.0 BINARYRULE PP ADV PP
1.0 BINARYRULE ADJP ADP WHNP+PRON
1.0 BINARYRULE SQ+VP VERB ADVP+ADV
1.0 BINARYRULE SQ VERB NP+X
1.0 BINARYRULE SBAR+S NP+NOUN VP
1.0 BINARYRULE ADJP ADV VERB
2.0 BINARYRULE SQ NP+X VP+NOUN
1.0 BINARYRULE NP CONJ NP+NUM
1.0 BINARYRULE SQ NP+NOUN ADVP
1.0 BINARYRULE VP PP VP
2.0 BINARYRULE NP NP+NOUN VP+VERB
3.0 BINARYRULE SQ NP+NOUN SQ
1.0 BINARYRULE VP . S+VP
1.0 BINARYRULE WHNP+WHNP DET NP
1.0 BINARYRULE QP DET NUM
1.0 BINARYRULE SQ ADV SQ
9.0 BINARYRULE NP VERB NOUN
1.0 BINARYRULE SBAR WHNP SBAR
1.0 BINARYRULE ADJP . SBAR+S
2.0 BINARYRULE VP ADJ VP
121.0 BINARYRULE SQ+VP VERB NP
2.0 BINARYRULE NP NP ADJ
247.0 BINARYRULE SBARQ SQ+VP .
1.0 BINARYRULE SBAR WHADVP+ADV PP
3.0 BINARYRULE ADVP ADV PP
2.0 BINARYRULE NP NOUN ADJ
2.0 BINARYRULE ADVP ADV ADVP
1.0 BINARYRULE VP ADJP+ADJ PP
168.0 BINARYRULE SQ NP VP
2.0 BINARYRULE VP VP SBAR
3.0 BINARYRULE NP NP .
1.0 BINARYRULE PP . PP
0.00344488188976 UNARYRULE_FREQ . _RARE_
0.799265605875 UNARYRULE_FREQ WHNP+PRON What
0.000778816199377 UNARYRULE_FREQ NOUN British
0.00147637795276 UNARYRULE_FREQ . <
0.00155763239875 UNARYRULE_FREQ NOUN horse
0.0015243902439 UNARYRULE_FREQ NP+NOUN Washington
0.00181723779855 UNARYRULE_FREQ NOUN war
0.00327510917031 UNARYRULE_FREQ ADJ Great
0.00808854831843 UNARYRULE_FREQ VERB get
0.0708661417323 UNARYRULE_FREQ VP+VERB called
0.041095890411 UNARYRULE_FREQ PRON what
0.5 UNARYRULE_FREQ NP+VERB called
0.000553097345133 UNARYRULE_FREQ DET that
0.0152838427948 UNARYRULE_FREQ ADJ much
0.782608695652 UNARYRULE_FREQ WHNP+DET that
0.00129802699896 UNARYRULE_FREQ NOUN house
0.016393442623 UNARYRULE_FREQ ADV how
0.00655021834061 UNARYRULE_FREQ ADJ different
0.0109034267913 UNARYRULE_FREQ NOUN year
0.00103842159917 UNARYRULE_FREQ NOUN animal
0.00553426990209 UNARYRULE_FREQ VERB have
0.00545851528384 UNARYRULE_FREQ ADJ last
0.00155763239875 UNARYRULE_FREQ NOUN language
0.0015243902439 UNARYRULE_FREQ NP+NOUN school
0.0015243902439 UNARYRULE_FREQ NP+NOUN color
0.0398671096346 UNARYRULE_FREQ WHADVP+ADV when
0.815789473684 UNARYRULE_FREQ ADVP+ADV _RARE_
0.00762195121951 UNARYRULE_FREQ NP+NOUN Earth
0.000425713069391 UNARYRULE_FREQ VERB mean
0.00181723779855 UNARYRULE_FREQ NOUN countries
0.00655021834061 UNARYRULE_FREQ ADJ high
0.00129802699896 UNARYRULE_FREQ NOUN years
0.0015243902439 UNARYRULE_FREQ NP+NOUN animal
0.00129802699896 UNARYRULE_FREQ NOUN William
0.00393700787402 UNARYRULE_FREQ VP+VERB fear
0.00181723779855 UNARYRULE_FREQ NOUN point
0.0049504950495 UNARYRULE_FREQ ADP before
0.0168316831683 UNARYRULE_FREQ ADP In
0.333333333333 UNARYRULE_FREQ PRT+PRT out
0.000519210799585 UNARYRULE_FREQ NOUN power
0.00393700787402 UNARYRULE_FREQ VP+VERB write
0.0905511811024 UNARYRULE_FREQ VP+VERB born
0.00425713069391 UNARYRULE_FREQ VERB become
0.00129802699896 UNARYRULE_FREQ NOUN ball
0.0015243902439 UNARYRULE_FREQ NP+NOUN average
0.000778816199377 UNARYRULE_FREQ NOUN types
0.00129802699896 UNARYRULE_FREQ NOUN song
0.947368421053 UNARYRULE_FREQ ADJP+ADJ _RARE_
0.00393700787402 UNARYRULE_FREQ VP+VERB founded
0.00611995104039 UNARYRULE_FREQ WHNP+PRON what
0.289473684211 UNARYRULE_FREQ NP+PRON I
0.0196850393701 UNARYRULE_FREQ VP+VERB located
0.00441329179647 UNARYRULE_FREQ NOUN population
0.00170285227756 UNARYRULE_FREQ VERB painted
0.000259605399792 UNARYRULE_FREQ NOUN France
0.000425713069391 UNARYRULE_FREQ VERB born
0.011811023622 UNARYRULE_FREQ VP+VERB live
0.557142857143 UNARYRULE_FREQ PRT <s
0.0676855895197 UNARYRULE_FREQ ADJ first
0.000778816199377 UNARYRULE_FREQ NOUN London
0.0015243902439 UNARYRULE_FREQ NP+NOUN sport
0.00545851528384 UNARYRULE_FREQ ADJ South
0.00103842159917 UNARYRULE_FREQ NOUN miles
0.00457317073171 UNARYRULE_FREQ NP+NOUN miles
0.00109170305677 UNARYRULE_FREQ ADJ New
0.00884955752212 UNARYRULE_FREQ PP+ADP as
0.00787401574803 UNARYRULE_FREQ VP+VERB form
0.037037037037 UNARYRULE_FREQ PRT+PRT into
0.0161770966369 UNARYRULE_FREQ VERB has
0.00155763239875 UNARYRULE_FREQ NOUN America
0.00764192139738 UNARYRULE_FREQ ADJ British
0.00129802699896 UNARYRULE_FREQ NOUN battle
0.0157480314961 UNARYRULE_FREQ VP+VERB do
0.00982532751092 UNARYRULE_FREQ ADJ best
0.00129802699896 UNARYRULE_FREQ NOUN group
0.00233644859813 UNARYRULE_FREQ NOUN person
0.0580708661417 UNARYRULE_FREQ . <<
0.00723712217965 UNARYRULE_FREQ VERB Name
0.00655021834061 UNARYRULE_FREQ ADJ top
0.00129802699896 UNARYRULE_FREQ NOUN Mississippi
0.0536398467433 UNARYRULE_FREQ VERB are
0.0015243902439 UNARYRULE_FREQ NP+NOUN America
0.00762195121951 UNARYRULE_FREQ NP+NOUN place
0.000519210799585 UNARYRULE_FREQ NOUN French
0.00787401574803 UNARYRULE_FREQ VP+VERB cost
0.00609756097561 UNARYRULE_FREQ NP+NOUN Texas
0.00207684319834 UNARYRULE_FREQ NOUN names
0.00664451827243 UNARYRULE_FREQ WHADVP+ADV how
0.000519210799585 UNARYRULE_FREQ NOUN mean
0.00792079207921 UNARYRULE_FREQ ADP that
0.0772277227723 UNARYRULE_FREQ ADP for
0.00207684319834 UNARYRULE_FREQ NOUN colors
0.000778816199377 UNARYRULE_FREQ NOUN animals
0.00103842159917 UNARYRULE_FREQ NOUN sport
0.00109170305677 UNARYRULE_FREQ ADJ mountain
0.00982532751092 UNARYRULE_FREQ ADJ highest
0.0174672489083 UNARYRULE_FREQ ADJ largest
0.0030487804878 UNARYRULE_FREQ NP+NOUN President
0.0655598126862 UNARYRULE_FREQ VERB did
0.0030487804878 UNARYRULE_FREQ NP+NOUN types
0.00393700787402 UNARYRULE_FREQ VP+VERB be
0.00545851528384 UNARYRULE_FREQ ADJ common
1.0 UNARYRULE_FREQ S+VP+VERB _RARE_
0.232558139535 UNARYRULE_FREQ WHADVP+ADV How
0.0046828437633 UNARYRULE_FREQ VERB invented
0.610655737705 UNARYRULE_FREQ ADV How
0.00285565939772 UNARYRULE_FREQ NOUN capital
0.701453790239 UNARYRULE_FREQ NOUN _RARE_
0.000519210799585 UNARYRULE_FREQ NOUN earth
0.00982532751092 UNARYRULE_FREQ ADJ real
0.0137195121951 UNARYRULE_FREQ NP+NOUN people
0.000778816199377 UNARYRULE_FREQ NOUN Earth
0.00734394124847 UNARYRULE_FREQ WHNP+PRON who
0.00387168141593 UNARYRULE_FREQ DET which
0.00297999148574 UNARYRULE_FREQ VERB died
0.00285565939772 UNARYRULE_FREQ NOUN word
0.00982532751092 UNARYRULE_FREQ ADJ national
0.00155763239875 UNARYRULE_FREQ NOUN flight
0.150442477876 UNARYRULE_FREQ PP+ADP of
0.00212856534696 UNARYRULE_FREQ VERB said
0.00415368639668 UNARYRULE_FREQ NOUN United
0.00181723779855 UNARYRULE_FREQ NOUN date
0.000259605399792 UNARYRULE_FREQ NOUN Texas
0.00762195121951 UNARYRULE_FREQ NP+NOUN president
0.0030487804878 UNARYRULE_FREQ NP+NOUN London
0.10515112814 UNARYRULE_FREQ VERB was
0.0263157894737 UNARYRULE_FREQ ADVP+ADV after
0.00363447559709 UNARYRULE_FREQ NOUN color
0.00764192139738 UNARYRULE_FREQ ADJ average
0.00129802699896 UNARYRULE_FREQ NOUN water
0.000259605399792 UNARYRULE_FREQ NOUN Spanish
0.0030487804878 UNARYRULE_FREQ NP+NOUN animals
0.00233644859813 UNARYRULE_FREQ NOUN John
0.00103842159917 UNARYRULE_FREQ NOUN play
0.00545851528384 UNARYRULE_FREQ ADJ tallest
0.00393700787402 UNARYRULE_FREQ VP+VERB make
0.882352941176 UNARYRULE_FREQ CONJ and
0.00233644859813 UNARYRULE_FREQ NOUN number
0.00207684319834 UNARYRULE_FREQ NOUN character
0.013698630137 UNARYRULE_FREQ PRON it
0.00155763239875 UNARYRULE_FREQ NOUN school
0.011811023622 UNARYRULE_FREQ VP+VERB open
0.00212856534696 UNARYRULE_FREQ VERB located
0.0157480314961 UNARYRULE_FREQ VP+VERB work
0.00129802699896 UNARYRULE_FREQ NOUN eye
0.000259605399792 UNARYRULE_FREQ NOUN Liberty
0.00285565939772 UNARYRULE_FREQ NOUN River
0.00181723779855 UNARYRULE_FREQ NOUN abbreviation
0.00181723779855 UNARYRULE_FREQ NOUN home
0.00129802699896 UNARYRULE_FREQ NOUN party
0.00127713920817 UNARYRULE_FREQ VERB buried
0.00311526479751 UNARYRULE_FREQ NOUN War
0.000425713069391 UNARYRULE_FREQ VERB open
0.00129802699896 UNARYRULE_FREQ NOUN star
0.00155763239875 UNARYRULE_FREQ NOUN currency
0.00122399020808 UNARYRULE_FREQ WHNP+PRON _RARE_
0.0353982300885 UNARYRULE_FREQ PP+ADP with
0.00129802699896 UNARYRULE_FREQ NOUN team
0.412280701754 UNARYRULE_FREQ NP+PRON you
0.000778816199377 UNARYRULE_FREQ NOUN Australia
0.00129802699896 UNARYRULE_FREQ NOUN birthstone
0.0275590551181 UNARYRULE_FREQ VP+VERB have
0.00393700787402 UNARYRULE_FREQ VP+VERB find
0.00327510917031 UNARYRULE_FREQ ADJ long
0.00246062992126 UNARYRULE_FREQ . :
0.130434782609 UNARYRULE_FREQ WHNP+DET Which
0.037037037037 UNARYRULE_FREQ PRT+PRT for
0.00594059405941 UNARYRULE_FREQ ADP after
0.00787401574803 UNARYRULE_FREQ VP+VERB become
0.0442477876106 UNARYRULE_FREQ PP+ADP into
0.0030487804878 UNARYRULE_FREQ NP+NOUN office
0.00787401574803 UNARYRULE_FREQ VP+VERB use
0.011811023622 UNARYRULE_FREQ VP+VERB died
0.00129802699896 UNARYRULE_FREQ NOUN college
0.00389408099688 UNARYRULE_FREQ NOUN game
0.00545851528384 UNARYRULE_FREQ ADJ black
0.283950617284 UNARYRULE_FREQ VERB is
0.00276548672566 UNARYRULE_FREQ DET some
0.0275590551181 UNARYRULE_FREQ VP+VERB mean
0.00457317073171 UNARYRULE_FREQ NP+NOUN baseball
0.00129802699896 UNARYRULE_FREQ NOUN percentage
0.205479452055 UNARYRULE_FREQ PRON his
0.00830737279335 UNARYRULE_FREQ NOUN world
0.00393700787402 UNARYRULE_FREQ VP+VERB did
0.00285565939772 UNARYRULE_FREQ NOUN origin
0.0015243902439 UNARYRULE_FREQ NP+NOUN battle
0.5 UNARYRULE_FREQ NP+VERB _RARE_
0.0464285714286 UNARYRULE_FREQ PRT <
0.00109170305677 UNARYRULE_FREQ ADJ capital
0.0526315789474 UNARYRULE_FREQ ADJP+ADJ open
0.00207684319834 UNARYRULE_FREQ NOUN woman
0.00285565939772 UNARYRULE_FREQ NOUN sun
0.0491803278689 UNARYRULE_FREQ ADV far
0.04 UNARYRULE_FREQ NP+DET that
0.0154867256637 UNARYRULE_FREQ DET Which
0.0148999574287 UNARYRULE_FREQ VERB can
0.131578947368 UNARYRULE_FREQ NP+PRON it
0.0046828437633 UNARYRULE_FREQ VERB makes
0.834153543307 UNARYRULE_FREQ . ?
0.0131971051511 UNARYRULE_FREQ VERB <s
1.0 UNARYRULE_FREQ PP+NOUN _RARE_
0.0129802699896 UNARYRULE_FREQ NOUN city
0.0157480314961 UNARYRULE_FREQ VP+VERB made
0.0148514851485 UNARYRULE_FREQ ADP with
0.00129802699896 UNARYRULE_FREQ NOUN World
0.358803986711 UNARYRULE_FREQ WHADVP+ADV When
0.18482252142 UNARYRULE_FREQ WHNP+PRON Who
0.00393700787402 UNARYRULE_FREQ VP+VERB used
0.00129802699896 UNARYRULE_FREQ NOUN leader
0.00259605399792 UNARYRULE_FREQ NOUN nickname
0.019801980198 UNARYRULE_FREQ ADP by
0.00212856534696 UNARYRULE_FREQ VERB killed
0.00393700787402 UNARYRULE_FREQ VP+VERB start
0.00181723779855 UNARYRULE_FREQ NOUN dog
0.00129802699896 UNARYRULE_FREQ NOUN Lincoln
0.392857142857 UNARYRULE_FREQ PRT to
0.00510855683269 UNARYRULE_FREQ VERB come
0.00762195121951 UNARYRULE_FREQ NP+NOUN Mars
0.00752855659398 UNARYRULE_FREQ NOUN state
0.000425713069391 UNARYRULE_FREQ VERB name
0.00155763239875 UNARYRULE_FREQ NOUN governor
0.00155763239875 UNARYRULE_FREQ NOUN Tower
0.00664451827243 UNARYRULE_FREQ WHADVP+ADV _RARE_
0.00609756097561 UNARYRULE_FREQ NP+NOUN earth
0.000778816199377 UNARYRULE_FREQ NOUN musical
0.00207684319834 UNARYRULE_FREQ NOUN US
0.016592920354 UNARYRULE_FREQ DET an
0.00609756097561 UNARYRULE_FREQ NP+NOUN Spanish
0.00103842159917 UNARYRULE_FREQ NOUN mountain
0.00545851528384 UNARYRULE_FREQ ADJ fastest
0.0015243902439 UNARYRULE_FREQ NP+NOUN company
0.0015243902439 UNARYRULE_FREQ NP+NOUN state
0.0240174672489 UNARYRULE_FREQ ADJ American
0.00787401574803 UNARYRULE_FREQ VP+VERB run
0.0247524752475 UNARYRULE_FREQ ADP as
0.0368852459016 UNARYRULE_FREQ ADV much
0.0015243902439 UNARYRULE_FREQ NP+NOUN Johnson
1.0 UNARYRULE_FREQ PP+PRT to
0.00259605399792 UNARYRULE_FREQ NOUN University
0.00436681222707 UNARYRULE_FREQ ADJ North
0.000259605399792 UNARYRULE_FREQ NOUN light
0.04 UNARYRULE_FREQ NP+NUM one
0.00181723779855 UNARYRULE_FREQ NOUN State
0.00255427841635 UNARYRULE_FREQ VERB use
0.0015243902439 UNARYRULE_FREQ NP+NOUN dog
0.00155763239875 UNARYRULE_FREQ NOUN West
0.000851426138782 UNARYRULE_FREQ VERB cost
0.0683168316832 UNARYRULE_FREQ ADP on
0.0138613861386 UNARYRULE_FREQ ADP at
0.000851426138782 UNARYRULE_FREQ VERB built
0.0314960629921 UNARYRULE_FREQ . ,
0.73786407767 UNARYRULE_FREQ NUM _RARE_
0.00181723779855 UNARYRULE_FREQ NOUN term
0.00914634146341 UNARYRULE_FREQ NP+NOUN Alaska
0.00609756097561 UNARYRULE_FREQ NP+NOUN home
0.0958904109589 UNARYRULE_FREQ PRON your
0.00155763239875 UNARYRULE_FREQ NOUN North
0.00819672131148 UNARYRULE_FREQ ADV only
0.0109170305677 UNARYRULE_FREQ ADJ fast
0.259259259259 UNARYRULE_FREQ PRT+PRT up
0.0332056194125 UNARYRULE_FREQ VERB do
0.0108267716535 UNARYRULE_FREQ . .
0.00609756097561 UNARYRULE_FREQ NP+NOUN Canada
0.00103842159917 UNARYRULE_FREQ NOUN Africa
0.0958904109589 UNARYRULE_FREQ PRON _RARE_
0.00207684319834 UNARYRULE_FREQ NOUN King
0.08 UNARYRULE_FREQ NP+DET some
0.0176991150442 UNARYRULE_FREQ PP+ADP at
0.000259605399792 UNARYRULE_FREQ NOUN cost
1.0 UNARYRULE_FREQ VP+NOUN mean
0.0193584070796 UNARYRULE_FREQ DET The
0.000259605399792 UNARYRULE_FREQ NOUN England
0.00609756097561 UNARYRULE_FREQ NP+NOUN light
0.84 UNARYRULE_FREQ NP+DET there
0.00207684319834 UNARYRULE_FREQ NOUN day
0.0111630321911 UNARYRULE_FREQ NOUN U.S.
0.00389408099688 UNARYRULE_FREQ NOUN States
0.00425713069391 UNARYRULE_FREQ VERB play
0.0684931506849 UNARYRULE_FREQ PRON her
0.00609756097561 UNARYRULE_FREQ NP+NOUN France
0.00808854831843 UNARYRULE_FREQ VERB find
0.0564784053156 UNARYRULE_FREQ WHADVP+ADV Why
0.000425713069391 UNARYRULE_FREQ VERB begin
0.0030487804878 UNARYRULE_FREQ NP+NOUN rain
0.000519210799585 UNARYRULE_FREQ NOUN top
0.00181723779855 UNARYRULE_FREQ NOUN actor
0.0684931506849 UNARYRULE_FREQ PRON What
0.269306930693 UNARYRULE_FREQ ADP in
0.0030487804878 UNARYRULE_FREQ NP+NOUN Africa
0.0106438213915 UNARYRULE_FREQ NOUN country
0.0353982300885 UNARYRULE_FREQ PP+ADP on
0.0204918032787 UNARYRULE_FREQ ADV long
0.0438596491228 UNARYRULE_FREQ NP+PRON he
0.0860655737705 UNARYRULE_FREQ ADV most
0.00609756097561 UNARYRULE_FREQ NP+NOUN England
0.259259259259 UNARYRULE_FREQ PRT+PRT _RARE_
0.000425713069391 UNARYRULE_FREQ VERB work
0.00595998297148 UNARYRULE_FREQ VERB used
0.00719026548673 UNARYRULE_FREQ DET what
0.0109170305677 UNARYRULE_FREQ ADJ old
0.000778816199377 UNARYRULE_FREQ NOUN form
0.0231048805815 UNARYRULE_FREQ NOUN name
0.0015243902439 UNARYRULE_FREQ NP+NOUN Mississippi
0.0869565217391 UNARYRULE_FREQ WHNP+DET which
0.00212856534696 UNARYRULE_FREQ VERB had
0.00357142857143 UNARYRULE_FREQ PRT _RARE_
0.000778816199377 UNARYRULE_FREQ NOUN place
0.00873362445415 UNARYRULE_FREQ ADJ tall
0.00819672131148 UNARYRULE_FREQ ADV about
0.0376237623762 UNARYRULE_FREQ ADP from
0.00207684319834 UNARYRULE_FREQ NOUN book
0.353982300885 UNARYRULE_FREQ PP+ADP in
0.191780821918 UNARYRULE_FREQ PRON its
0.037037037037 UNARYRULE_FREQ PRT+PRT on
0.037037037037 UNARYRULE_FREQ PRT+PRT place
0.00436681222707 UNARYRULE_FREQ ADJ French
0.0275590551181 UNARYRULE_FREQ VP+VERB built
0.0582524271845 UNARYRULE_FREQ NUM four
1.0 UNARYRULE_FREQ X _RARE_
0.00129802699896 UNARYRULE_FREQ NOUN address
0.00122399020808 UNARYRULE_FREQ WHNP+PRON Which
0.0137195121951 UNARYRULE_FREQ NP+NOUN water
0.212389380531 UNARYRULE_FREQ PP+ADP for
0.00155763239875 UNARYRULE_FREQ NOUN bird
0.00129802699896 UNARYRULE_FREQ NOUN show
0.00207684319834 UNARYRULE_FREQ NOUN car
0.00393700787402 UNARYRULE_FREQ VP+VERB get
0.000259605399792 UNARYRULE_FREQ NOUN start
0.0033748701973 UNARYRULE_FREQ NOUN New
0.0314960629921 UNARYRULE_FREQ VP+VERB invented
0.00129802699896 UNARYRULE_FREQ NOUN life
0.000259605399792 UNARYRULE_FREQ NOUN Spain
0.0701754385965 UNARYRULE_FREQ NP+PRON _RARE_
0.00155763239875 UNARYRULE_FREQ NOUN money
0.0265486725664 UNARYRULE_FREQ PP+ADP by
0.00409836065574 UNARYRULE_FREQ ADV Why
0.00425713069391 UNARYRULE_FREQ VERB say
0.00207684319834 UNARYRULE_FREQ NOUN movie
0.0459770114943 UNARYRULE_FREQ VERB does
0.00155763239875 UNARYRULE_FREQ NOUN system
0.00609756097561 UNARYRULE_FREQ NP+NOUN Spain
0.00764192139738 UNARYRULE_FREQ ADJ oldest
0.115044247788 UNARYRULE_FREQ PP+ADP from
0.00255427841635 UNARYRULE_FREQ VERB live
0.00129802699896 UNARYRULE_FREQ NOUN Vietnam
0.00181723779855 UNARYRULE_FREQ NOUN river
1.0 UNARYRULE_FREQ PP+PP+ADP in
0.000259605399792 UNARYRULE_FREQ NOUN use
0.00609756097561 UNARYRULE_FREQ NP+NOUN power
0.00425713069391 UNARYRULE_FREQ VERB take
0.215707964602 UNARYRULE_FREQ DET What
0.0033748701973 UNARYRULE_FREQ NOUN people
0.0030487804878 UNARYRULE_FREQ NP+NOUN French
0.00255427841635 UNARYRULE_FREQ VERB founded
0.131578947368 UNARYRULE_FREQ ADVP+ADV first
0.00170285227756 UNARYRULE_FREQ VERB start
0.00212856534696 UNARYRULE_FREQ VERB given
0.00181723779855 UNARYRULE_FREQ NOUN York
0.000778816199377 UNARYRULE_FREQ NOUN Great
0.0157480314961 UNARYRULE_FREQ VP+VERB begin
0.94 UNARYRULE_FREQ NP+NUM _RARE_
0.000778816199377 UNARYRULE_FREQ NOUN Canada
0.00609756097561 UNARYRULE_FREQ NP+NOUN Liberty
0.00595998297148 UNARYRULE_FREQ VERB called
0.00170285227756 UNARYRULE_FREQ VERB write
0.599557522124 UNARYRULE_FREQ DET the
0.00940265486726 UNARYRULE_FREQ DET _RARE_
0.00766283524904 UNARYRULE_FREQ VERB made
0.0386138613861 UNARYRULE_FREQ ADP _RARE_
0.00155763239875 UNARYRULE_FREQ NOUN George
0.00873362445415 UNARYRULE_FREQ ADJ famous
0.417322834646 UNARYRULE_FREQ VP+VERB _RARE_
0.00129802699896 UNARYRULE_FREQ NOUN difference
0.0049504950495 UNARYRULE_FREQ ADP about
0.2030651341 UNARYRULE_FREQ VERB _RARE_
0.109589041096 UNARYRULE_FREQ PRON their
0.00594059405941 UNARYRULE_FREQ ADP into
0.0033748701973 UNARYRULE_FREQ NOUN fear
0.0015243902439 UNARYRULE_FREQ NP+NOUN countries
0.00851426138782 UNARYRULE_FREQ VERB were
0.0046828437633 UNARYRULE_FREQ VERB make
0.57423580786 UNARYRULE_FREQ ADJ _RARE_
0.0826771653543 UNARYRULE_FREQ VP+VERB die
0.00207684319834 UNARYRULE_FREQ NOUN moon
0.109513274336 UNARYRULE_FREQ DET a
0.00103842159917 UNARYRULE_FREQ NOUN rain
0.0485436893204 UNARYRULE_FREQ NUM one
0.00389408099688 UNARYRULE_FREQ NOUN president
0.00792079207921 UNARYRULE_FREQ ADP between
0.00212856534696 UNARYRULE_FREQ VERB causes
0.00129802699896 UNARYRULE_FREQ NOUN Johnson
0.00545851528384 UNARYRULE_FREQ ADJ female
0.00681140911026 UNARYRULE_FREQ VERB known
0.00129802699896 UNARYRULE_FREQ NOUN South
0.000259605399792 UNARYRULE_FREQ NOUN work
0.00218340611354 UNARYRULE_FREQ ADJ musical
0.00327510917031 UNARYRULE_FREQ ADJ National
0.0015243902439 UNARYRULE_FREQ NP+NOUN Vietnam
0.02 UNARYRULE_FREQ NP+NUM two
0.000778816199377 UNARYRULE_FREQ NOUN office
0.041095890411 UNARYRULE_FREQ PRON I
0.00655021834061 UNARYRULE_FREQ ADJ Spanish
0.00127713920817 UNARYRULE_FREQ VERB run
0.0033748701973 UNARYRULE_FREQ NOUN President
0.00212856534696 UNARYRULE_FREQ VERB wrote
0.00259605399792 UNARYRULE_FREQ NOUN Day
0.0049504950495 UNARYRULE_FREQ ADP out
1.0 UNARYRULE_FREQ NP+X _RARE_
1.0 UNARYRULE_FREQ ADVP+ADJ _RARE_
0.00425713069391 UNARYRULE_FREQ VERB call
0.00340570455513 UNARYRULE_FREQ VERB being
0.075327510917 UNARYRULE_FREQ ADJ many
0.00457317073171 UNARYRULE_FREQ NP+NOUN Australia
0.0526315789474 UNARYRULE_FREQ NP+PRON they
0.25 UNARYRULE_FREQ NP+ADJ black
0.011811023622 UNARYRULE_FREQ VP+VERB buried
0.00259605399792 UNARYRULE_FREQ NOUN kind
0.00207684319834 UNARYRULE_FREQ NOUN St.
0.376237623762 UNARYRULE_FREQ ADP of
0.0684931506849 UNARYRULE_FREQ PRON my
0.00109170305677 UNARYRULE_FREQ ADJ home
0.00109170305677 UNARYRULE_FREQ ADJ West
0.801829268293 UNARYRULE_FREQ NP+NOUN _RARE_
0.0294117647059 UNARYRULE_FREQ CONJ _RARE_
0.00545851528384 UNARYRULE_FREQ ADJ European
0.000259605399792 UNARYRULE_FREQ NOUN run
0.00212856534696 UNARYRULE_FREQ VERB been
0.00155763239875 UNARYRULE_FREQ NOUN Washington
0.00285565939772 UNARYRULE_FREQ NOUN body
0.75 UNARYRULE_FREQ NP+ADJ _RARE_
0.00764192139738 UNARYRULE_FREQ ADJ only
0.00233644859813 UNARYRULE_FREQ NOUN film
0.00819672131148 UNARYRULE_FREQ ADV Where
0.00545851528384 UNARYRULE_FREQ ADJ longest
0.00212856534696 UNARYRULE_FREQ VERB win
0.0263157894737 UNARYRULE_FREQ ADVP+ADV best
0.299003322259 UNARYRULE_FREQ WHADVP+ADV Where
0.00129802699896 UNARYRULE_FREQ NOUN rate
0.00155763239875 UNARYRULE_FREQ NOUN Kennedy
0.00259605399792 UNARYRULE_FREQ NOUN baseball
0.00787401574803 UNARYRULE_FREQ VP+VERB play
0.000519210799585 UNARYRULE_FREQ NOUN National
0.0580708661417 UNARYRULE_FREQ . ``
0.00285565939772 UNARYRULE_FREQ NOUN company
0.0030487804878 UNARYRULE_FREQ NP+NOUN year
0.0882352941176 UNARYRULE_FREQ CONJ or
0.151639344262 UNARYRULE_FREQ ADV _RARE_
0.155339805825 UNARYRULE_FREQ NUM two
0.00393700787402 UNARYRULE_FREQ VP+VERB painted
0.00851426138782 UNARYRULE_FREQ VERB stand
0.04 UNARYRULE_FREQ NP+DET _RARE_
0.0152838427948 UNARYRULE_FREQ ADJ most
0.000259605399792 UNARYRULE_FREQ NOUN I
0.00129802699896 UNARYRULE_FREQ NOUN American
0.00212856534696 UNARYRULE_FREQ VERB should
0.00510855683269 UNARYRULE_FREQ VERB be
0.00393700787402 UNARYRULE_FREQ VP+VERB killed
0.00124533001245 BINARYRULE_FREQ VP VERB SBAR+VP
0.00498132004981 BINARYRULE_FREQ VP VERB NP+PRON
0.1 BINARYRULE_FREQ SBAR+S+VP PRT VP+VERB
0.0302739067756 BINARYRULE_FREQ SQ VERB VP
0.000480538202787 BINARYRULE_FREQ SQ ADVP+ADV VP+VERB
0.00124533001245 BINARYRULE_FREQ VP PP WHPP
0.000207770621234 BINARYRULE_FREQ NP VERB NP+NOUN
0.000293685756241 BINARYRULE_FREQ SBARQ SBARQ .
0.0864197530864 BINARYRULE_FREQ ADJP DET ADJ
0.421732745962 BINARYRULE_FREQ SBARQ SQ .
0.00436318304592 BINARYRULE_FREQ NP CONJ NOUN
0.0342821525036 BINARYRULE_FREQ NP NOUN PRT
0.133333333333 BINARYRULE_FREQ S+VP VERB NP
0.0085185954706 BINARYRULE_FREQ NP NOUN PP
0.029296875 BINARYRULE_FREQ PP PRT NP
0.0958904109589 BINARYRULE_FREQ VP VERB PP+ADP
0.0341182123979 BINARYRULE_FREQ SQ VERB NP+NOUN
0.105131934344 BINARYRULE_FREQ NP NP PP
0.000961076405574 BINARYRULE_FREQ SQ PP PP
0.175591531756 BINARYRULE_FREQ VP VERB PP
0.0470588235294 BINARYRULE_FREQ S . .
0.001953125 BINARYRULE_FREQ PP PRT NP+NUM
0.000480538202787 BINARYRULE_FREQ SQ NP+ADJ SQ
0.00124533001245 BINARYRULE_FREQ VP NP ADJP+ADJ
0.0246913580247 BINARYRULE_FREQ ADJP CONJ ADJ
0.00124533001245 BINARYRULE_FREQ VP NP+NOUN PRT+PRT
0.00763582966226 BINARYRULE_FREQ SBARQ WHADVP SBARQ
0.0009765625 BINARYRULE_FREQ PP ADP NP+QP
0.5869140625 BINARYRULE_FREQ PP ADP NP
0.0119521912351 BINARYRULE_FREQ SQ+VP VERB SBAR+S
0.00624699663623 BINARYRULE_FREQ SQ NP+DET PP
0.0123348017621 BINARYRULE_FREQ SBARQ WHADJP SBARQ
0.00527240773286 BINARYRULE_FREQ WHNP PRON NP
0.666666666667 BINARYRULE_FREQ WHADVP ADV ADV
0.00124533001245 BINARYRULE_FREQ VP NP VP+VERB
0.0038443056223 BINARYRULE_FREQ SQ VERB ADJP
0.0009765625 BINARYRULE_FREQ PP NP+NUM PP
0.0123456790123 BINARYRULE_FREQ ADJP NUM NOUN
0.000480538202787 BINARYRULE_FREQ SQ NP+NOUN VP+NOUN
0.0009765625 BINARYRULE_FREQ PP PRT NP+DET
0.0174346201743 BINARYRULE_FREQ VP VERB VP+VERB
0.000480538202787 BINARYRULE_FREQ SQ NP+S VP
0.000207770621234 BINARYRULE_FREQ NP NOUN PP+ADP
0.00124533001245 BINARYRULE_FREQ VP VERB NP+SBAR+S
0.0823529411765 BINARYRULE_FREQ S NP+PRON VP+VERB
0.000480538202787 BINARYRULE_FREQ SQ NP+NP VP+VERB
0.000207770621234 BINARYRULE_FREQ NP NOUN ADVP+ADV
0.0991065863287 BINARYRULE_FREQ NP ADJ NOUN
0.000480538202787 BINARYRULE_FREQ SQ ADJP+ADJ PP
0.00498132004981 BINARYRULE_FREQ VP PRT VP+VERB
0.00124533001245 BINARYRULE_FREQ VP NP+NUM PP
0.0909090909091 BINARYRULE_FREQ SBAR+S NP VP+VERB
0.00124533001245 BINARYRULE_FREQ VP VERB .
0.875 BINARYRULE_FREQ WHPP ADP WHNP
0.000207770621234 BINARYRULE_FREQ NP NP+NOUN PP+ADP
0.0038443056223 BINARYRULE_FREQ SQ VERB NP+DET
0.00124533001245 BINARYRULE_FREQ VP NOUN PP+ADP
0.00103885310617 BINARYRULE_FREQ NP NP PP+ADP
0.333333333333 BINARYRULE_FREQ NP+NP . NP
0.000207770621234 BINARYRULE_FREQ NP CONJ NP+NUM
0.00249066002491 BINARYRULE_FREQ VP PP NP
0.00624699663623 BINARYRULE_FREQ SQ NP VP+NOUN
0.122222222222 BINARYRULE_FREQ S+VP VERB PP
0.00249066002491 BINARYRULE_FREQ VP ADVP+ADV PP
0.00124533001245 BINARYRULE_FREQ VP VERB WHADJP
0.00124533001245 BINARYRULE_FREQ VP NP SBAR
0.00796812749004 BINARYRULE_FREQ SQ+VP ADVP+ADV VP
0.00192215281115 BINARYRULE_FREQ SQ VP PP
0.00124533001245 BINARYRULE_FREQ VP PRT+PRT WHPP
0.00249066002491 BINARYRULE_FREQ VP PP+ADP PP
0.00205580029369 BINARYRULE_FREQ SBARQ WHNP SQ
0.00373599003736 BINARYRULE_FREQ VP PRT+PRT PP
0.0153846153846 BINARYRULE_FREQ SBAR WHPP S
0.00702987697715 BINARYRULE_FREQ WHNP ADV ADV
0.000623311863702 BINARYRULE_FREQ NP VERB NP
0.951612903226 BINARYRULE_FREQ WHADJP ADV ADJ
0.0876494023904 BINARYRULE_FREQ SQ+VP VERB PP
0.036040365209 BINARYRULE_FREQ SQ NP+PRON VP
0.0153846153846 BINARYRULE_FREQ SBAR WHNP+DET S+VP+VERB
0.0222222222222 BINARYRULE_FREQ S+VP VERB S
0.00644088925826 BINARYRULE_FREQ NP NP+NOUN PP
0.31379144642 BINARYRULE_FREQ SQ VERB NP
0.00519426553085 BINARYRULE_FREQ NP CONJ NP
0.285714285714 BINARYRULE_FREQ QP ADV NUM
0.0123456790123 BINARYRULE_FREQ ADJP ADJ PRT+PRT
0.000623311863702 BINARYRULE_FREQ NP . PRON
0.0714285714286 BINARYRULE_FREQ ADVP ADV NP
0.388888888889 BINARYRULE_FREQ S+VP PRT VP
0.0246913580247 BINARYRULE_FREQ ADJP ADJ NOUN
0.0111111111111 BINARYRULE_FREQ S+VP VERB ADVP+ADV
0.00240269101394 BINARYRULE_FREQ SQ NP SQ
0.00373599003736 BINARYRULE_FREQ VP NP+NOUN S+VP
0.00290878869728 BINARYRULE_FREQ NP PRON NP
1.0 BINARYRULE_FREQ NX NOUN NOUN
0.00207770621234 BINARYRULE_FREQ NP NP SBAR+S+VP
0.000293685756241 BINARYRULE_FREQ SBARQ WHNP+WHNP SBARQ
0.00124533001245 BINARYRULE_FREQ VP PRT+PRT SBARQ
0.000480538202787 BINARYRULE_FREQ SQ NP+NOUN ADJP
0.0123456790123 BINARYRULE_FREQ ADJP ADJ VP
0.00124533001245 BINARYRULE_FREQ VP NP+PRON ADJP+ADJ
0.00390625 BINARYRULE_FREQ PP ADP NOUN
0.00249066002491 BINARYRULE_FREQ VP ADV VERB
0.00398406374502 BINARYRULE_FREQ SQ+VP VERB S
0.00702987697715 BINARYRULE_FREQ WHNP ADJ NOUN
0.000961076405574 BINARYRULE_FREQ SQ NP+NOUN NP
0.001953125 BINARYRULE_FREQ PP ADP SBAR
0.00124533001245 BINARYRULE_FREQ VP NOUN PP
0.000881057268722 BINARYRULE_FREQ SBARQ SBAR SBARQ
0.000961076405574 BINARYRULE_FREQ SQ NP ADJP
0.013671875 BINARYRULE_FREQ PP ADP S+VP
0.0714285714286 BINARYRULE_FREQ ADVP ADV .
0.000480538202787 BINARYRULE_FREQ SQ ADJP SBAR
0.00124533001245 BINARYRULE_FREQ VP NP+NP PP
0.000207770621234 BINARYRULE_FREQ NP NP+NUM NP
0.15998337835 BINARYRULE_FREQ NP NOUN NOUN
0.0909090909091 BINARYRULE_FREQ SBAR+S NP+PRON VP+VERB
0.00996264009963 BINARYRULE_FREQ VP VERB PRT+PRT
0.0111111111111 BINARYRULE_FREQ S+VP VP VP
0.00373599003736 BINARYRULE_FREQ VP PRT+PRT NP
0.000207770621234 BINARYRULE_FREQ NP X NOUN
0.0224159402242 BINARYRULE_FREQ VP NP VP
0.0153846153846 BINARYRULE_FREQ SBAR WHNP S
0.00249066002491 BINARYRULE_FREQ VP S PP
0.00436318304592 BINARYRULE_FREQ NP NP VP
0.00373599003736 BINARYRULE_FREQ VP CONJ VP
0.000415541242468 BINARYRULE_FREQ NP . ADJP+ADJ
0.0249066002491 BINARYRULE_FREQ VP PP PP
0.0111111111111 BINARYRULE_FREQ S+VP VERB ADJP
0.285714285714 BINARYRULE_FREQ ADVP ADV ADV
0.000415541242468 BINARYRULE_FREQ NP . NUM
0.000207770621234 BINARYRULE_FREQ NP ADJP .
0.000207770621234 BINARYRULE_FREQ NP . PP
0.00144161460836 BINARYRULE_FREQ SQ NP+PRON PP
0.000831082484937 BINARYRULE_FREQ NP NP NP+NOUN
0.00373599003736 BINARYRULE_FREQ VP VERB PP+PRT
0.294117647059 BINARYRULE_FREQ S VP .
0.00124533001245 BINARYRULE_FREQ VP NP+NOUN SBAR
0.00373599003736 BINARYRULE_FREQ VP NP PP+ADP
0.00373599003736 BINARYRULE_FREQ VP VERB ADVP+ADV
0.122222222222 BINARYRULE_FREQ S+VP VERB VP
0.00124533001245 BINARYRULE_FREQ VP NP+NOUN VP+VERB
0.000480538202787 BINARYRULE_FREQ SQ . PP
0.000207770621234 BINARYRULE_FREQ NP NP+NUM PP+ADP
0.123456790123 BINARYRULE_FREQ ADJP ADJ PP
0.00175746924429 BINARYRULE_FREQ WHNP NOUN ADJ
0.0117647058824 BINARYRULE_FREQ S PP S
0.00228547683358 BINARYRULE_FREQ NP NP S+VP
0.0009765625 BINARYRULE_FREQ PP ADV ADP
0.0123456790123 BINARYRULE_FREQ ADJP ADJ .
0.0123456790123 BINARYRULE_FREQ ADJP NOUN ADJP
0.00398406374502 BINARYRULE_FREQ SQ+VP VP PP
0.00124533001245 BINARYRULE_FREQ VP VP PP
0.00205580029369 BINARYRULE_FREQ SBARQ . SBARQ
0.0107421875 BINARYRULE_FREQ PP PP PP
0.153846153846 BINARYRULE_FREQ SBAR WHADVP+ADV S
0.159152295865 BINARYRULE_FREQ NP DET NP
0.0176605028049 BINARYRULE_FREQ NP NP NOUN
0.0123456790123 BINARYRULE_FREQ ADJP NOUN ADJ
0.000587371512482 BINARYRULE_FREQ SBARQ SQ SBARQ
0.314741035857 BINARYRULE_FREQ SQ+VP VERB VP
0.000587371512482 BINARYRULE_FREQ SBARQ SBARQ SBARQ
0.000480538202787 BINARYRULE_FREQ SQ VERB S+VP
0.00373599003736 BINARYRULE_FREQ VP ADV VP
0.000961076405574 BINARYRULE_FREQ SQ NP VERB
0.00540203615209 BINARYRULE_FREQ NP ADJP NOUN
0.0123456790123 BINARYRULE_FREQ ADJP NUM ADJ
0.000623311863702 BINARYRULE_FREQ NP NP+DET PP
0.261538461538 BINARYRULE_FREQ SBAR WHNP+DET S+VP
0.237298091043 BINARYRULE_FREQ SBARQ WHNP+PRON SBARQ
0.0117647058824 BINARYRULE_FREQ S NP+NUM VP
0.0416666666667 BINARYRULE_FREQ WHPP PRT WHNP+DET
0.148311306902 BINARYRULE_FREQ SBARQ WHNP SBARQ
0.000293685756241 BINARYRULE_FREQ SBARQ WHNP+DET SBARQ
0.000415541242468 BINARYRULE_FREQ NP ADJ ADJ
0.000207770621234 BINARYRULE_FREQ NP NOUN ADV
0.00527240773286 BINARYRULE_FREQ WHNP NOUN NOUN
0.000207770621234 BINARYRULE_FREQ NP DET X
0.00144161460836 BINARYRULE_FREQ SQ NP+NOUN PP
0.00498132004981 BINARYRULE_FREQ VP ADVP+ADV VP+VERB
0.00124533001245 BINARYRULE_FREQ VP . NP+S
0.00175746924429 BINARYRULE_FREQ WHNP NP NOUN
0.00432484382508 BINARYRULE_FREQ SQ NP PP
0.000207770621234 BINARYRULE_FREQ NP NP PP+PRT
0.00373599003736 BINARYRULE_FREQ VP NP S+VP
0.0123456790123 BINARYRULE_FREQ ADJP ADVP VERB
0.462214411248 BINARYRULE_FREQ WHNP DET NOUN
0.000480538202787 BINARYRULE_FREQ SQ NP+NOUN ADJP+ADJ
0.00249066002491 BINARYRULE_FREQ VP VERB WHNP
0.00249066002491 BINARYRULE_FREQ VP ADJP PP
0.181818181818 BINARYRULE_FREQ SBAR+S NP+PRON VP
1.0 BINARYRULE_FREQ NP+SBAR+S ADVP+ADV S
0.00398406374502 BINARYRULE_FREQ SQ+VP VP VP
0.00192215281115 BINARYRULE_FREQ SQ NP+PRON SQ
0.297453147525 BINARYRULE_FREQ SQ VERB SQ
0.000480538202787 BINARYRULE_FREQ SQ VERB VP+VERB
0.00864968765017 BINARYRULE_FREQ SQ VERB PP
0.279296875 BINARYRULE_FREQ PP ADP NP+NOUN
0.0123456790123 BINARYRULE_FREQ ADJP . ADJ
0.00249066002491 BINARYRULE_FREQ VP VERB ADJP
0.000587371512482 BINARYRULE_FREQ SBARQ CONJ SBARQ
0.0153846153846 BINARYRULE_FREQ SBAR SQ+VP .
0.0009765625 BINARYRULE_FREQ PP . PP
0.000207770621234 BINARYRULE_FREQ NP NP WHPP
0.000207770621234 BINARYRULE_FREQ NP NUM NUM
0.00124533001245 BINARYRULE_FREQ VP . S
0.00124533001245 BINARYRULE_FREQ VP ADV NP
0.120299189695 BINARYRULE_FREQ NP DET NOUN
0.000207770621234 BINARYRULE_FREQ NP NP+NOUN .
0.454545454545 BINARYRULE_FREQ SBAR+S NP VP
0.0777777777778 BINARYRULE_FREQ S+VP PRT VP+VERB
0.0297933685728 BINARYRULE_FREQ SQ NP+NOUN VP
0.000480538202787 BINARYRULE_FREQ SQ NP NP+NOUN
0.00747198007472 BINARYRULE_FREQ VP PRT+PRT VP
0.00124533001245 BINARYRULE_FREQ VP NP ADVP
0.0123456790123 BINARYRULE_FREQ ADJP ADJP ADJP
0.000480538202787 BINARYRULE_FREQ SQ VERB ADJP+ADJ
0.0038443056223 BINARYRULE_FREQ SQ NP NP
0.000207770621234 BINARYRULE_FREQ NP ADJ NP+NOUN
0.9 BINARYRULE_FREQ SBAR+S+VP PRT VP
0.0416666666667 BINARYRULE_FREQ WHPP PRT WHNP+PRON
0.1 BINARYRULE_FREQ WHADVP ADV PP
0.00124533001245 BINARYRULE_FREQ VP VERB NP+S+VP
0.0029296875 BINARYRULE_FREQ PP ADP NP+ADJ
0.0351493848858 BINARYRULE_FREQ WHNP WHNP PP
0.00398406374502 BINARYRULE_FREQ SQ+VP ADVP VP
0.000293685756241 BINARYRULE_FREQ SBARQ WHNP SQ+VP
0.00124533001245 BINARYRULE_FREQ VP NP ADVP+ADJ
0.037037037037 BINARYRULE_FREQ ADJP ADV ADJP
0.0351493848858 BINARYRULE_FREQ WHNP WHADJP NP
0.00872636609183 BINARYRULE_FREQ NP PRON NOUN
0.000293685756241 BINARYRULE_FREQ SBARQ NP .
0.0012466237274 BINARYRULE_FREQ NP ADV NP
0.00124533001245 BINARYRULE_FREQ VP CONJ VP+VERB
0.00528592023066 BINARYRULE_FREQ SQ NP PP+ADP
0.00398406374502 BINARYRULE_FREQ SQ+VP VERB SBAR
0.0149439601494 BINARYRULE_FREQ VP VERB SBAR
0.0009765625 BINARYRULE_FREQ PP ADP NP+PRON
0.000415541242468 BINARYRULE_FREQ NP NP+NOUN SBAR
0.0153846153846 BINARYRULE_FREQ SBAR WHNP+DET VP
0.009765625 BINARYRULE_FREQ PP PRT NP+NOUN
0.184308841843 BINARYRULE_FREQ VP VERB NP
0.00124533001245 BINARYRULE_FREQ VP PP+PRT PP
0.000961076405574 BINARYRULE_FREQ SQ VERB ADVP
0.000207770621234 BINARYRULE_FREQ NP ADJP ADVP
0.00124533001245 BINARYRULE_FREQ VP VERB ADVP+ADJ
0.000207770621234 BINARYRULE_FREQ NP NP NP+PP
0.1 BINARYRULE_FREQ WHADVP ADV ADJ
1.0 BINARYRULE_FREQ NP+PP PP PP
0.0123456790123 BINARYRULE_FREQ ADJP X .
0.00144161460836 BINARYRULE_FREQ SQ NP+NOUN SQ
0.000207770621234 BINARYRULE_FREQ NP ADJP+ADJ NP
0.00124533001245 BINARYRULE_FREQ VP NP+NOUN VP
1.0 BINARYRULE_FREQ NP+S+VP VERB VP
0.141176470588 BINARYRULE_FREQ S NP+PRON VP
0.0123456790123 BINARYRULE_FREQ ADJP ADJ PP+PRT
0.0009765625 BINARYRULE_FREQ PP PRT VP
0.00124533001245 BINARYRULE_FREQ VP VERB NP+QP
0.000415541242468 BINARYRULE_FREQ NP X X
0.00124533001245 BINARYRULE_FREQ VP NP PP+NOUN
0.000207770621234 BINARYRULE_FREQ NP NP NX
0.0123456790123 BINARYRULE_FREQ ADJP ADV VERB
0.000831082484937 BINARYRULE_FREQ NP QP NOUN
0.0671099106586 BINARYRULE_FREQ NP NOUN NP
0.333333333333 BINARYRULE_FREQ NP+NP NP PP
0.0403225806452 BINARYRULE_FREQ WHADJP ADV ADV
0.00623311863702 BINARYRULE_FREQ NP NP SBAR
0.0909090909091 BINARYRULE_FREQ SBAR+S NP S
0.0390625 BINARYRULE_FREQ PP ADP NP+NUM
0.00587371512482 BINARYRULE_FREQ SBARQ WHPP SBARQ
0.0831130690162 BINARYRULE_FREQ SBARQ WHADVP+ADV SBARQ
0.00353210056098 BINARYRULE_FREQ NP . NOUN
0.0286723457303 BINARYRULE_FREQ NP NP NP
0.000207770621234 BINARYRULE_FREQ NP NUM .
0.000207770621234 BINARYRULE_FREQ NP NP NP+ADVP
0.00249066002491 BINARYRULE_FREQ VP NP NP
0.00124533001245 BINARYRULE_FREQ VP NOUN NP
0.0470588235294 BINARYRULE_FREQ S VP S
0.00124533001245 BINARYRULE_FREQ VP PRT+PRT SBAR
0.00373599003736 BINARYRULE_FREQ VP VERB ADJP+ADJ
0.00351493848858 BINARYRULE_FREQ WHNP WHADJP WHNP
0.00527240773286 BINARYRULE_FREQ WHNP PRON WHNP
0.00747198007472 BINARYRULE_FREQ VP PRT VP
0.0572851805729 BINARYRULE_FREQ VP NP PP
1.0 BINARYRULE_FREQ SBAR+VP PRT VP
0.00249066002491 BINARYRULE_FREQ VP . PP
0.00124533001245 BINARYRULE_FREQ VP VP+VERB VP
0.00166216496987 BINARYRULE_FREQ NP CONJ NP+NOUN
0.285714285714 BINARYRULE_FREQ QP ADP NUM
0.000623311863702 BINARYRULE_FREQ NP X .
0.00175746924429 BINARYRULE_FREQ WHNP WHNP NP+NOUN
0.00124533001245 BINARYRULE_FREQ VP NP VERB
0.0826525708794 BINARYRULE_FREQ SQ NP VP+VERB
0.0333333333333 BINARYRULE_FREQ S+VP VERB ADJP+ADJ
0.0111111111111 BINARYRULE_FREQ S+VP VERB NP+NP
0.000587371512482 BINARYRULE_FREQ SBARQ WHADVP+ADV SQ
0.000207770621234 BINARYRULE_FREQ NP . DET
0.5 BINARYRULE_FREQ NP+QP ADJ QP
0.00175746924429 BINARYRULE_FREQ WHNP DET S
0.00175746924429 BINARYRULE_FREQ WHNP WHADJP PP
0.00249066002491 BINARYRULE_FREQ VP CONJ VERB
0.00124533001245 BINARYRULE_FREQ VP VERB ADVP
0.00581757739456 BINARYRULE_FREQ NP NP+NOUN NP
0.0123456790123 BINARYRULE_FREQ ADJP ADJ PP+ADP
0.00311655931851 BINARYRULE_FREQ NP NOUN NUM
0.00124533001245 BINARYRULE_FREQ VP NOUN NP+NOUN
1.0 BINARYRULE_FREQ VP+S+VP PRT VP
0.000831082484937 BINARYRULE_FREQ NP NP+NOUN VP
0.20987654321 BINARYRULE_FREQ ADJP ADV ADJ
0.000480538202787 BINARYRULE_FREQ SQ ADV VP
0.000207770621234 BINARYRULE_FREQ NP NP+NUM PP
0.00124533001245 BINARYRULE_FREQ VP NP+PRON PP
0.0714285714286 BINARYRULE_FREQ ADVP CONJ ADV
0.0009765625 BINARYRULE_FREQ PP NP PP
0.152941176471 BINARYRULE_FREQ S NP VP
0.0333333333333 BINARYRULE_FREQ S+VP . VP
0.0617283950617 BINARYRULE_FREQ ADJP . ADJP
0.323076923077 BINARYRULE_FREQ SBAR ADP S
0.000480538202787 BINARYRULE_FREQ SQ NP NP+VERB
0.00192215281115 BINARYRULE_FREQ SQ NP ADJP+ADJ
0.000207770621234 BINARYRULE_FREQ NP ADJ .
1.0 BINARYRULE_FREQ NP+S NP VP
0.000415541242468 BINARYRULE_FREQ NP NP ADJP
0.0038443056223 BINARYRULE_FREQ SQ ADVP+ADV VP
0.000480538202787 BINARYRULE_FREQ SQ VP SBAR
0.00175746924429 BINARYRULE_FREQ WHNP WHNP NP
0.00934967795554 BINARYRULE_FREQ NP NUM NOUN
0.0714285714286 BINARYRULE_FREQ ADVP ADVP PP
0.000480538202787 BINARYRULE_FREQ SQ VP+VERB SQ
0.00192215281115 BINARYRULE_FREQ SQ NP SBAR
0.000207770621234 BINARYRULE_FREQ NP NOUN X
0.142857142857 BINARYRULE_FREQ QP ADJ QP
0.0705882352941 BINARYRULE_FREQ S NP+NOUN VP
0.00249324745481 BINARYRULE_FREQ NP ADJP NP
0.00702987697715 BINARYRULE_FREQ WHNP DET WHNP
0.000207770621234 BINARYRULE_FREQ NP . S+VP
0.000881057268722 BINARYRULE_FREQ SBARQ PP SBARQ
0.000293685756241 BINARYRULE_FREQ SBARQ SQ+VP SBARQ
0.101933216169 BINARYRULE_FREQ WHNP WHADJP NOUN
0.000415541242468 BINARYRULE_FREQ NP NOUN SBAR
0.0769230769231 BINARYRULE_FREQ SBAR WHNP+PRON S+VP
0.00351493848858 BINARYRULE_FREQ WHNP ADV ADJ
0.0119521912351 BINARYRULE_FREQ SQ+VP VERB S+VP
0.0666666666667 BINARYRULE_FREQ WHADVP WHADVP PP
0.0617283950617 BINARYRULE_FREQ ADJP ADJ ADJP
0.0149439601494 BINARYRULE_FREQ VP NP+NOUN PP
0.00249066002491 BINARYRULE_FREQ VP NP+PRON NP
0.00878734622144 BINARYRULE_FREQ WHNP DET NP+NOUN
0.000293685756241 BINARYRULE_FREQ SBARQ VP .
0.000207770621234 BINARYRULE_FREQ NP QP PP
0.000207770621234 BINARYRULE_FREQ NP VERB PP
0.0448784541866 BINARYRULE_FREQ NP ADJ NP
0.0038443056223 BINARYRULE_FREQ SQ NP+NOUN PP+ADP
0.00806451612903 BINARYRULE_FREQ WHADJP ADV ADJP
0.00124533001245 BINARYRULE_FREQ VP VERB PP+PP+ADP
0.142857142857 BINARYRULE_FREQ QP DET NOUN
0.00186993559111 BINARYRULE_FREQ NP DET ADJ
0.000207770621234 BINARYRULE_FREQ NP ADJP NP+NOUN
0.00249066002491 BINARYRULE_FREQ VP . NP
0.0123456790123 BINARYRULE_FREQ ADJP NOUN VERB
0.0009765625 BINARYRULE_FREQ PP ADP NP+VERB
0.0246913580247 BINARYRULE_FREQ ADJP CONJ ADJP
0.00249066002491 BINARYRULE_FREQ VP VERB S
0.333333333333 BINARYRULE_FREQ NP+NP DET NP
0.0149439601494 BINARYRULE_FREQ VP ADVP+ADV VP
0.000207770621234 BINARYRULE_FREQ NP . NP+NUM
0.0298879202989 BINARYRULE_FREQ VP VERB S+VP
0.00351493848858 BINARYRULE_FREQ WHNP WHNP+DET PP
0.0117647058824 BINARYRULE_FREQ S . S
0.005859375 BINARYRULE_FREQ PP ADP PP
0.000207770621234 BINARYRULE_FREQ NP ADJP PP
0.00311655931851 BINARYRULE_FREQ NP . NP+NOUN
0.000480538202787 BINARYRULE_FREQ SQ VERB SBAR+S
0.0823529411765 BINARYRULE_FREQ S NP S
0.000415541242468 BINARYRULE_FREQ NP NP PRT
1.0 BINARYRULE_FREQ NP+ADVP . ADVP
0.0416666666667 BINARYRULE_FREQ WHPP ADP WHNP+PRON
0.00373599003736 BINARYRULE_FREQ VP . VP
0.0222222222222 BINARYRULE_FREQ S+VP VERB NP+NOUN
0.000207770621234 BINARYRULE_FREQ NP PP PP
0.000207770621234 BINARYRULE_FREQ NP PP VP
0.00124533001245 BINARYRULE_FREQ VP NP+NOUN ADVP
0.00249066002491 BINARYRULE_FREQ VP PRT+PRT PP+ADP
0.0246913580247 BINARYRULE_FREQ ADJP ADJ S+VP
0.0769230769231 BINARYRULE_FREQ SBAR WHADVP+ADV S+VP
0.00124533001245 BINARYRULE_FREQ VP VP VP
0.000623311863702 BINARYRULE_FREQ NP DET NUM
0.000415541242468 BINARYRULE_FREQ NP VERB .
0.0009765625 BINARYRULE_FREQ PP PRT NOUN
0.000480538202787 BINARYRULE_FREQ SQ NP+PRON ADJP
0.00249066002491 BINARYRULE_FREQ VP VP NP
0.111111111111 BINARYRULE_FREQ ADJP ADJ ADJ
0.0105448154657 BINARYRULE_FREQ WHNP PRON NOUN
0.000293685756241 BINARYRULE_FREQ SBARQ WHNP+PRON SQ+VP
0.000480538202787 BINARYRULE_FREQ SQ VP+VERB NP
0.00124533001245 BINARYRULE_FREQ VP VP NP+NOUN
0.0336239103362 BINARYRULE_FREQ VP VERB NP+NOUN
0.0597609561753 BINARYRULE_FREQ SQ+VP VERB NP+NOUN
0.0243091626844 BINARYRULE_FREQ NP . NP
0.0470588235294 BINARYRULE_FREQ S NP VP+VERB
0.013455069678 BINARYRULE_FREQ SQ NP+NOUN VP+VERB
0.000207770621234 BINARYRULE_FREQ NP NP S
0.0201537502597 BINARYRULE_FREQ NP NOUN .
0.000207770621234 BINARYRULE_FREQ NP VERB PRT
0.000207770621234 BINARYRULE_FREQ NP ADJ NUM
0.0666666666667 BINARYRULE_FREQ WHADVP ADV WHADVP
0.5 BINARYRULE_FREQ NP+QP DET NUM
0.00390625 BINARYRULE_FREQ PP ADP VP
0.00540203615209 BINARYRULE_FREQ NP NUM NP
0.00249066002491 BINARYRULE_FREQ VP ADVP+ADV VERB
0.288224956063 BINARYRULE_FREQ WHNP DET NP
0.000207770621234 BINARYRULE_FREQ NP ADV .
0.128268991283 BINARYRULE_FREQ VP VERB VP
0.000207770621234 BINARYRULE_FREQ NP PRON .
0.0012466237274 BINARYRULE_FREQ NP X NP
0.0012466237274 BINARYRULE_FREQ NP NP SBAR+S
0.0009765625 BINARYRULE_FREQ PP ADV PP
0.0123456790123 BINARYRULE_FREQ ADJP ADP WHNP+PRON
0.00398406374502 BINARYRULE_FREQ SQ+VP VERB ADVP+ADV
0.000480538202787 BINARYRULE_FREQ SQ VERB NP+X
0.0909090909091 BINARYRULE_FREQ SBAR+S NP+NOUN VP
0.000207770621234 BINARYRULE_FREQ NP PRON PRT
0.000961076405574 BINARYRULE_FREQ SQ NP+X VP+NOUN
0.000587371512482 BINARYRULE_FREQ SBARQ . .
0.000480538202787 BINARYRULE_FREQ SQ NP+NOUN ADVP
0.00124533001245 BINARYRULE_FREQ VP PP VP
0.000415541242468 BINARYRULE_FREQ NP NP+NOUN VP+VERB
0.00124533001245 BINARYRULE_FREQ VP NP VP+S+VP
0.00124533001245 BINARYRULE_FREQ VP . S+VP
1.0 BINARYRULE_FREQ WHNP+WHNP DET NP
0.142857142857 BINARYRULE_FREQ QP DET NUM
0.000480538202787 BINARYRULE_FREQ SQ ADV SQ
0.00186993559111 BINARYRULE_FREQ NP VERB NOUN
0.0153846153846 BINARYRULE_FREQ SBAR WHNP SBAR
0.0123456790123 BINARYRULE_FREQ ADJP . SBAR+S
0.00249066002491 BINARYRULE_FREQ VP ADJ VP
0.482071713147 BINARYRULE_FREQ SQ+VP VERB NP
0.000415541242468 BINARYRULE_FREQ NP NP ADJ
0.0725403817915 BINARYRULE_FREQ SBARQ SQ+VP .
0.0153846153846 BINARYRULE_FREQ SBAR WHADVP+ADV PP
0.214285714286 BINARYRULE_FREQ ADVP ADV PP
0.000415541242468 BINARYRULE_FREQ NP NOUN ADJ
0.142857142857 BINARYRULE_FREQ ADVP ADV ADVP
0.00124533001245 BINARYRULE_FREQ VP ADJP+ADJ PP
0.0807304180682 BINARYRULE_FREQ SQ NP VP
0.00249066002491 BINARYRULE_FREQ VP VP SBAR
0.000623311863702 BINARYRULE_FREQ NP NP .
0.0714285714286 BINARYRULE_FREQ ADVP . ADVP
