all víctimas 0.0116819771633
all en 0.0194326047274
all pido 0.03292405957
all hagamos 0.03292405957
all colegas 0.03292405957
all han 0.00276937632665
all la 0.0658481191399
all lo 0.03292405957
all , 0.0158912986227
all . 0.00135995848643
all los 0.00492683272021
all tormentas 0.03292405957
all afectados 0.03292405957
all todas 0.03292405957
all europea 0.03292405957
all a 0.0153632209588
all memoria 0.03292405957
all unión 0.03292405957
all de 0.0337172388518
all distintos 0.03292405957
all silencio 0.03292405957
all minuto 0.03292405957
all espera 0.03292405957
all las 0.0658481191399
all me 0.03292405957
all produzca 0.03292405957
all muchos 0.03292405957
all pedido 0.03292405957
all países 0.0116819771633
all un 0.01566808611
all acuerdo 0.03292405957
all que 0.065648022027
all se 0.0116819771633
all con 0.03292405957
particularly en 0.0194326047274
particularly pido 0.03292405957
particularly hagamos 0.03292405957
particularly colegas 0.03292405957
particularly han 0.00276937632665
particularly la 0.0658481191399
particularly espera 0.03292405957
particularly , 0.0158912986227
particularly . 0.00135995848643
particularly los 0.00492683272021
particularly tormentas 0.03292405957
particularly europea 0.03292405957
particularly unión 0.03292405957
particularly me 0.03292405957
particularly memoria 0.03292405957
particularly de 0.0337172388518
particularly muchos 0.03292405957
particularly distintos 0.03292405957
particularly silencio 0.03292405957
particularly minuto 0.03292405957
particularly víctimas 0.0116819771633
particularly las 0.0658481191399
particularly a 0.0153632209588
particularly produzca 0.03292405957
particularly todas 0.03292405957
particularly afectados 0.03292405957
particularly pedido 0.03292405957
particularly países 0.0116819771633
particularly un 0.01566808611
particularly lo 0.03292405957
particularly acuerdo 0.03292405957
particularly que 0.065648022027
particularly se 0.0116819771633
particularly con 0.03292405957
course este 0.06697189231
course en 0.0166607842716
course han 0.0214288216367
course para 0.06697189231
course período 0.0435757628506
course próximos 0.06697189231
course de 0.0076810187854
course , 0.00375559748475
course señorías 0.0529151004561
course . 0.0122815915019
course los 0.026237097007
course sesiones 0.0435757628506
course sus 0.0529151004561
course días 0.06697189231
course sobre 0.06697189231
course curso 0.06697189231
course el 0.0771443740373
course solicitado 0.06697189231
course un 0.0390819578723
course debate 0.06697189231
course tema 0.06697189231
session el 0.00120668338056
session reitero 0.00115309379301
session buenas 0.00115309379301
session vacaciones 0.00115309379301
session diciembre 0.00115309379301
session unas 0.00115309379301
session interrumpido 0.00115309379301
session tenido 0.00115309379301
session , 0.00049104096125
session . 0.000189263276646
session reanudación 0.100189817052
session sesiones 0.272952894201
session sus 0.0008971064957
session señorías 0.0008971064957
session europeo 0.00115309379301
session deseo 0.00115309379301
session viernes 0.00115309379301
session de 0.0556197881487
session hayan 0.00115309379301
session reanudado 0.00115309379301
session que 0.000292187683878
session pasado 0.00115309379301
session a 0.000631521827021
session 17 0.00115309379301
session período 0.272952894201
session mi 0.00115309379301
session del 0.272924008002
session declaro 0.00115309379301
session y 0.00115309379301
session parlamento 0.00115309379301
still el 0.00820572319492
still en 0.00519385094842
still catástrofes 0.0375815306438
still efecto 0.0375815306438
still terribles 0.0375815306438
still . 0.0249260156859
still producido 0.0375815306438
still " 0.0751630612876
still han 0.0355204199764
still no 0.0375815306438
still , 0.0100474432406
still podido 0.0375815306438
still los 0.0102389728148
still nuestros 0.0375815306438
still todos 0.0375815306438
still varios 0.0375815306438
still verdaderamente 0.0375815306438
still de 0.00874965682288
still comprobar 0.0375815306438
still como 0.0375815306438
still año 0.0375815306438
still ha 0.0375815306438
still víctimas 0.0162824968723
still naturales 0.0375815306438
still países 0.0162824968723
still 2000 0.0375815306438
still cambio 0.0375815306438
still del 0.0214767525353
still ciudadanos 0.0375815306438
still gran 0.0375815306438
still sido 0.0375815306438
still se 0.0162824968723
enjoyed el 0.0440246485566
enjoyed reitero 0.0420694855071
enjoyed buenas 0.0420694855071
enjoyed vacaciones 0.0420694855071
enjoyed diciembre 0.0420694855071
enjoyed unas 0.0420694855071
enjoyed interrumpido 0.0420694855071
enjoyed tenido 0.0420694855071
enjoyed , 0.0179151433543
enjoyed . 0.00690508328303
enjoyed sesiones 0.0198091097071
enjoyed sus 0.0327300423851
enjoyed señorías 0.0327300423851
enjoyed europeo 0.0420694855071
enjoyed deseo 0.0420694855071
enjoyed viernes 0.0420694855071
enjoyed de 0.0167423743402
enjoyed hayan 0.0420694855071
enjoyed reanudado 0.0420694855071
enjoyed que 0.0106601783886
enjoyed pasado 0.0420694855071
enjoyed a 0.0230404486698
enjoyed 17 0.0420694855071
enjoyed período 0.0198091097071
enjoyed mi 0.0420694855071
enjoyed del 0.0183830800961
enjoyed declaro 0.0420694855071
enjoyed y 0.0420694855071
enjoyed parlamento 0.0420694855071
dreadful el 0.00820572319492
dreadful en 0.00519385094842
dreadful catástrofes 0.0375815306438
dreadful efecto 0.0375815306438
dreadful terribles 0.0375815306438
dreadful . 0.0249260156859
dreadful producido 0.0375815306438
dreadful " 0.0751630612876
dreadful han 0.0355204199764
dreadful no 0.0375815306438
dreadful , 0.0100474432406
dreadful verdaderamente 0.0375815306438
dreadful los 0.0102389728148
dreadful nuestros 0.0375815306438
dreadful comprobar 0.0375815306438
dreadful ciudadanos 0.0375815306438
dreadful varios 0.0375815306438
dreadful de 0.00874965682288
dreadful podido 0.0375815306438
dreadful como 0.0375815306438
dreadful año 0.0375815306438
dreadful ha 0.0375815306438
dreadful víctimas 0.0162824968723
dreadful naturales 0.0375815306438
dreadful países 0.0162824968723
dreadful 2000 0.0375815306438
dreadful cambio 0.0375815306438
dreadful del 0.0214767525353
dreadful todos 0.0375815306438
dreadful gran 0.0375815306438
dreadful sido 0.0375815306438
dreadful se 0.0162824968723
concerned víctimas 0.0116819771633
concerned en 0.0194326047274
concerned pido 0.03292405957
concerned hagamos 0.03292405957
concerned colegas 0.03292405957
concerned han 0.00276937632665
concerned la 0.0658481191399
concerned lo 0.03292405957
concerned , 0.0158912986227
concerned . 0.00135995848643
concerned los 0.00492683272021
concerned tormentas 0.03292405957
concerned unión 0.03292405957
concerned europea 0.03292405957
concerned me 0.03292405957
concerned memoria 0.03292405957
concerned de 0.0337172388518
concerned muchos 0.03292405957
concerned distintos 0.03292405957
concerned silencio 0.03292405957
concerned que 0.065648022027
concerned espera 0.03292405957
concerned las 0.0658481191399
concerned a 0.0153632209588
concerned produzca 0.03292405957
concerned todas 0.03292405957
concerned afectados 0.03292405957
concerned pedido 0.03292405957
concerned países 0.0116819771633
concerned un 0.01566808611
concerned acuerdo 0.03292405957
concerned minuto 0.03292405957
concerned se 0.0116819771633
concerned con 0.03292405957
storms en 0.0194326047274
storms pido 0.03292405957
storms hagamos 0.03292405957
storms espera 0.03292405957
storms colegas 0.03292405957
storms han 0.00276937632665
storms la 0.0658481191399
storms lo 0.03292405957
storms , 0.0158912986227
storms . 0.00135995848643
storms los 0.00492683272021
storms tormentas 0.03292405957
storms europea 0.03292405957
storms todas 0.03292405957
storms me 0.03292405957
storms memoria 0.03292405957
storms unión 0.03292405957
storms de 0.0337172388518
storms muchos 0.03292405957
storms distintos 0.03292405957
storms silencio 0.03292405957
storms minuto 0.03292405957
storms víctimas 0.0116819771633
storms las 0.0658481191399
storms a 0.0153632209588
storms produzca 0.03292405957
storms afectados 0.03292405957
storms pedido 0.03292405957
storms países 0.0116819771633
storms un 0.01566808611
storms acuerdo 0.03292405957
storms que 0.065648022027
storms se 0.0116819771633
storms con 0.03292405957
, pido 0.00990273953838
, reitero 1.20904395549e-06
, colegas 0.00990273953838
, debate 8.2039973168e-06
, han 0.0604971224288
, la 0.0198054790768
, lo 0.00990273953838
, , 0.11572639114
, nuestros 0.00104269713251
, días 8.2039973168e-06
, solicitado 8.2039973168e-06
, deseo 1.20904395549e-06
, comprobar 0.00104269713251
, varios 0.00104269713251
, de 0.179247479506
, hayan 1.20904395549e-06
, minuto 0.00990273953838
, víctimas 0.044760166
, 17 1.20904395549e-06
, período 6.31937059571e-05
, afectados 0.00990273953838
, pedido 0.00990273953838
, gran 0.00104269713251
, sido 0.00104269713251
, silencio 0.00990273953838
, el 0.00557538461481
, en 0.0799499112056
, vacaciones 1.20904395549e-06
, producido 0.00104269713251
, interrumpido 1.20904395549e-06
, curso 8.2039973168e-06
, tenido 1.20904395549e-06
, diciembre 1.20904395549e-06
, sus 8.68419664954e-05
, sobre 8.2039973168e-06
, señorías 8.68419664954e-05
, viernes 1.20904395549e-06
, tema 8.2039973168e-06
, reanudado 1.20904395549e-06
, que 0.0338163117025
, como 0.00104269713251
, pasado 1.20904395549e-06
, europea 0.00990273953838
, parlamento 1.20904395549e-06
, con 0.00990273953838
, hagamos 0.00990273953838
, buenas 1.20904395549e-06
, podido 0.00104269713251
, unas 1.20904395549e-06
, " 0.00208539426503
, verdaderamente 0.00104269713251
, los 0.0489405851052
, tormentas 0.00990273953838
, sesiones 6.31937059571e-05
, todas 0.00990273953838
, para 8.2039973168e-06
, distintos 0.00990273953838
, ha 0.00104269713251
, espera 0.00990273953838
, naturales 0.00104269713251
, me 0.00990273953838
, produzca 0.00990273953838
, mi 1.20904395549e-06
, países 0.044760166
, un 0.0145232747592
, del 0.00178524354772
, declaro 1.20904395549e-06
, acuerdo 0.00990273953838
, este 8.2039973168e-06
, catástrofes 0.00104269713251
, efecto 0.00104269713251
, terribles 0.00104269713251
, no 0.00104269713251
, . 0.0545114514014
, unión 0.00990273953838
, europeo 1.20904395549e-06
, todos 0.00104269713251
, memoria 0.00990273953838
, próximos 8.2039973168e-06
, año 0.00104269713251
, las 0.0198054790768
, a 0.0101455906405
, muchos 0.00990273953838
, 2000 0.00104269713251
, cambio 0.00104269713251
, ciudadanos 0.00104269713251
, y 1.20904395549e-06
, se 0.044760166
should víctimas 0.0116819771633
should en 0.0194326047274
should pido 0.03292405957
should hagamos 0.03292405957
should colegas 0.03292405957
should han 0.00276937632665
should la 0.0658481191399
should lo 0.03292405957
should , 0.0158912986227
should . 0.00135995848643
should los 0.00492683272021
should tormentas 0.03292405957
should todas 0.03292405957
should unión 0.03292405957
should a 0.0153632209588
should memoria 0.03292405957
should de 0.0337172388518
should muchos 0.03292405957
should distintos 0.03292405957
should acuerdo 0.03292405957
should que 0.065648022027
should espera 0.03292405957
should las 0.0658481191399
should me 0.03292405957
should produzca 0.03292405957
should afectados 0.03292405957
should pedido 0.03292405957
should países 0.0116819771633
should un 0.01566808611
should silencio 0.03292405957
should minuto 0.03292405957
should europea 0.03292405957
should se 0.0116819771633
should con 0.03292405957
meantime víctimas 0.0116819771633
meantime muchos 0.03292405957
meantime pido 0.03292405957
meantime hagamos 0.03292405957
meantime en 0.0194326047274
meantime colegas 0.03292405957
meantime han 0.00276937632665
meantime la 0.0658481191399
meantime lo 0.03292405957
meantime , 0.0158912986227
meantime . 0.00135995848643
meantime los 0.00492683272021
meantime tormentas 0.03292405957
meantime todas 0.03292405957
meantime unión 0.03292405957
meantime a 0.0153632209588
meantime memoria 0.03292405957
meantime de 0.0337172388518
meantime distintos 0.03292405957
meantime acuerdo 0.03292405957
meantime minuto 0.03292405957
meantime espera 0.03292405957
meantime las 0.0658481191399
meantime me 0.03292405957
meantime produzca 0.03292405957
meantime afectados 0.03292405957
meantime pedido 0.03292405957
meantime países 0.0116819771633
meantime un 0.01566808611
meantime silencio 0.03292405957
meantime que 0.065648022027
meantime europea 0.03292405957
meantime se 0.0116819771633
meantime con 0.03292405957
failed el 0.00820572319492
failed en 0.00519385094842
failed catástrofes 0.0375815306438
failed efecto 0.0375815306438
failed terribles 0.0375815306438
failed . 0.0249260156859
failed producido 0.0375815306438
failed " 0.0751630612876
failed han 0.0355204199764
failed no 0.0375815306438
failed , 0.0100474432406
failed podido 0.0375815306438
failed los 0.0102389728148
failed nuestros 0.0375815306438
failed todos 0.0375815306438
failed comprobar 0.0375815306438
failed varios 0.0375815306438
failed verdaderamente 0.0375815306438
failed de 0.00874965682288
failed como 0.0375815306438
failed año 0.0375815306438
failed ha 0.0375815306438
failed víctimas 0.0162824968723
failed naturales 0.0375815306438
failed países 0.0162824968723
failed 2000 0.0375815306438
failed cambio 0.0375815306438
failed del 0.0214767525353
failed ciudadanos 0.0375815306438
failed gran 0.0375815306438
failed sido 0.0375815306438
failed se 0.0162824968723
behalf afectados 0.03292405957
behalf pido 0.03292405957
behalf hagamos 0.03292405957
behalf en 0.0194326047274
behalf colegas 0.03292405957
behalf han 0.00276937632665
behalf la 0.0658481191399
behalf espera 0.03292405957
behalf , 0.0158912986227
behalf . 0.00135995848643
behalf los 0.00492683272021
behalf tormentas 0.03292405957
behalf todas 0.03292405957
behalf unión 0.03292405957
behalf a 0.0153632209588
behalf memoria 0.03292405957
behalf de 0.0337172388518
behalf distintos 0.03292405957
behalf silencio 0.03292405957
behalf minuto 0.03292405957
behalf víctimas 0.0116819771633
behalf las 0.0658481191399
behalf me 0.03292405957
behalf produzca 0.03292405957
behalf muchos 0.03292405957
behalf pedido 0.03292405957
behalf países 0.0116819771633
behalf un 0.01566808611
behalf lo 0.03292405957
behalf acuerdo 0.03292405957
behalf que 0.065648022027
behalf europea 0.03292405957
behalf se 0.0116819771633
behalf con 0.03292405957
suffered el 0.00820572319492
suffered en 0.00519385094842
suffered catástrofes 0.0375815306438
suffered efecto 0.0375815306438
suffered terribles 0.0375815306438
suffered . 0.0249260156859
suffered producido 0.0375815306438
suffered " 0.0751630612876
suffered han 0.0355204199764
suffered no 0.0375815306438
suffered , 0.0100474432406
suffered podido 0.0375815306438
suffered los 0.0102389728148
suffered nuestros 0.0375815306438
suffered todos 0.0375815306438
suffered varios 0.0375815306438
suffered verdaderamente 0.0375815306438
suffered de 0.00874965682288
suffered comprobar 0.0375815306438
suffered como 0.0375815306438
suffered año 0.0375815306438
suffered ha 0.0375815306438
suffered víctimas 0.0162824968723
suffered naturales 0.0375815306438
suffered países 0.0162824968723
suffered 2000 0.0375815306438
suffered cambio 0.0375815306438
suffered del 0.0214767525353
suffered ciudadanos 0.0375815306438
suffered gran 0.0375815306438
suffered sido 0.0375815306438
suffered se 0.0162824968723
dreaded el 0.00820572319492
dreaded en 0.00519385094842
dreaded catástrofes 0.0375815306438
dreaded efecto 0.0375815306438
dreaded terribles 0.0375815306438
dreaded . 0.0249260156859
dreaded producido 0.0375815306438
dreaded " 0.0751630612876
dreaded han 0.0355204199764
dreaded no 0.0375815306438
dreaded , 0.0100474432406
dreaded verdaderamente 0.0375815306438
dreaded los 0.0102389728148
dreaded nuestros 0.0375815306438
dreaded todos 0.0375815306438
dreaded ciudadanos 0.0375815306438
dreaded varios 0.0375815306438
dreaded de 0.00874965682288
dreaded podido 0.0375815306438
dreaded como 0.0375815306438
dreaded año 0.0375815306438
dreaded ha 0.0375815306438
dreaded víctimas 0.0162824968723
dreaded naturales 0.0375815306438
dreaded países 0.0162824968723
dreaded 2000 0.0375815306438
dreaded cambio 0.0375815306438
dreaded del 0.0214767525353
dreaded comprobar 0.0375815306438
dreaded gran 0.0375815306438
dreaded sido 0.0375815306438
dreaded se 0.0162824968723
hope el 0.0440246485566
hope reitero 0.0420694855071
hope buenas 0.0420694855071
hope vacaciones 0.0420694855071
hope diciembre 0.0420694855071
hope unas 0.0420694855071
hope interrumpido 0.0420694855071
hope tenido 0.0420694855071
hope , 0.0179151433543
hope . 0.00690508328303
hope sesiones 0.0198091097071
hope sus 0.0327300423851
hope señorías 0.0327300423851
hope europeo 0.0420694855071
hope deseo 0.0420694855071
hope viernes 0.0420694855071
hope de 0.0167423743402
hope hayan 0.0420694855071
hope reanudado 0.0420694855071
hope que 0.0106601783886
hope pasado 0.0420694855071
hope a 0.0230404486698
hope 17 0.0420694855071
hope período 0.0198091097071
hope mi 0.0420694855071
hope del 0.0183830800961
hope declaro 0.0420694855071
hope y 0.0420694855071
hope parlamento 0.0420694855071
victims en 0.0194326047274
victims pido 0.03292405957
victims hagamos 0.03292405957
victims colegas 0.03292405957
victims han 0.00276937632665
victims la 0.0658481191399
victims víctimas 0.0116819771633
victims , 0.0158912986227
victims . 0.00135995848643
victims los 0.00492683272021
victims tormentas 0.03292405957
victims afectados 0.03292405957
victims europea 0.03292405957
victims todas 0.03292405957
victims a 0.0153632209588
victims memoria 0.03292405957
victims unión 0.03292405957
victims de 0.0337172388518
victims distintos 0.03292405957
victims acuerdo 0.03292405957
victims que 0.065648022027
victims espera 0.03292405957
victims las 0.0658481191399
victims me 0.03292405957
victims produzca 0.03292405957
victims muchos 0.03292405957
victims pedido 0.03292405957
victims países 0.0116819771633
victims un 0.01566808611
victims lo 0.03292405957
victims silencio 0.03292405957
victims minuto 0.03292405957
victims se 0.0116819771633
victims con 0.03292405957
'millennium el 0.00820572319492
'millennium en 0.00519385094842
'millennium catástrofes 0.0375815306438
'millennium efecto 0.0375815306438
'millennium terribles 0.0375815306438
'millennium . 0.0249260156859
'millennium producido 0.0375815306438
'millennium " 0.0751630612876
'millennium han 0.0355204199764
'millennium no 0.0375815306438
'millennium ha 0.0375815306438
'millennium , 0.0100474432406
'millennium podido 0.0375815306438
'millennium los 0.0102389728148
'millennium nuestros 0.0375815306438
'millennium todos 0.0375815306438
'millennium varios 0.0375815306438
'millennium verdaderamente 0.0375815306438
'millennium de 0.00874965682288
'millennium como 0.0375815306438
'millennium año 0.0375815306438
'millennium comprobar 0.0375815306438
'millennium víctimas 0.0162824968723
'millennium naturales 0.0375815306438
'millennium países 0.0162824968723
'millennium 2000 0.0375815306438
'millennium cambio 0.0375815306438
'millennium del 0.0214767525353
'millennium ciudadanos 0.0375815306438
'millennium gran 0.0375815306438
'millennium sido 0.0375815306438
'millennium se 0.0162824968723
truly el 0.00820572319492
truly en 0.00519385094842
truly catástrofes 0.0375815306438
truly efecto 0.0375815306438
truly terribles 0.0375815306438
truly verdaderamente 0.0375815306438
truly producido 0.0375815306438
truly " 0.0751630612876
truly han 0.0355204199764
truly no 0.0375815306438
truly , 0.0100474432406
truly podido 0.0375815306438
truly . 0.0249260156859
truly nuestros 0.0375815306438
truly todos 0.0375815306438
truly los 0.0102389728148
truly comprobar 0.0375815306438
truly varios 0.0375815306438
truly de 0.00874965682288
truly como 0.0375815306438
truly año 0.0375815306438
truly ha 0.0375815306438
truly víctimas 0.0162824968723
truly naturales 0.0375815306438
truly países 0.0162824968723
truly 2000 0.0375815306438
truly cambio 0.0375815306438
truly del 0.0214767525353
truly ciudadanos 0.0375815306438
truly gran 0.0375815306438
truly sido 0.0375815306438
truly se 0.0162824968723
part-session el 0.0771443740373
part-session en 0.0166607842716
part-session para 0.06697189231
part-session han 0.0214288216367
part-session este 0.06697189231
part-session curso 0.06697189231
part-session sesiones 0.0435757628506
part-session período 0.0435757628506
part-session de 0.0076810187854
part-session , 0.00375559748475
part-session . 0.0122815915019
part-session los 0.026237097007
part-session solicitado 0.06697189231
part-session sus 0.0529151004561
part-session días 0.06697189231
part-session sobre 0.06697189231
part-session próximos 0.06697189231
part-session señorías 0.0529151004561
part-session un 0.0390819578723
part-session debate 0.06697189231
part-session tema 0.06697189231
materialise el 0.00820572319492
materialise en 0.00519385094842
materialise catástrofes 0.0375815306438
materialise efecto 0.0375815306438
materialise terribles 0.0375815306438
materialise podido 0.0375815306438
materialise producido 0.0375815306438
materialise " 0.0751630612876
materialise han 0.0355204199764
materialise no 0.0375815306438
materialise , 0.0100474432406
materialise verdaderamente 0.0375815306438
materialise . 0.0249260156859
materialise nuestros 0.0375815306438
materialise los 0.0102389728148
materialise todos 0.0375815306438
materialise ciudadanos 0.0375815306438
materialise varios 0.0375815306438
materialise de 0.00874965682288
materialise como 0.0375815306438
materialise año 0.0375815306438
materialise ha 0.0375815306438
materialise víctimas 0.0162824968723
materialise naturales 0.0375815306438
materialise países 0.0162824968723
materialise 2000 0.0375815306438
materialise cambio 0.0375815306438
materialise del 0.0214767525353
materialise comprobar 0.0375815306438
materialise gran 0.0375815306438
materialise sido 0.0375815306438
materialise se 0.0162824968723
during este 0.06697189231
during en 0.0166607842716
during para 0.06697189231
during han 0.0214288216367
during el 0.0771443740373
during curso 0.06697189231
during período 0.0435757628506
during tema 0.06697189231
during , 0.00375559748475
during sesiones 0.0435757628506
during . 0.0122815915019
during los 0.026237097007
during de 0.0076810187854
during solicitado 0.06697189231
during sus 0.0529151004561
during días 0.06697189231
during sobre 0.06697189231
during próximos 0.06697189231
during señorías 0.0529151004561
during un 0.0390819578723
during debate 0.06697189231
minute víctimas 0.0116819771633
minute en 0.0194326047274
minute pido 0.03292405957
minute hagamos 0.03292405957
minute colegas 0.03292405957
minute han 0.00276937632665
minute la 0.0658481191399
minute lo 0.03292405957
minute , 0.0158912986227
minute . 0.00135995848643
minute los 0.00492683272021
minute tormentas 0.03292405957
minute afectados 0.03292405957
minute europea 0.03292405957
minute unión 0.03292405957
minute me 0.03292405957
minute memoria 0.03292405957
minute de 0.0337172388518
minute distintos 0.03292405957
minute acuerdo 0.03292405957
minute minuto 0.03292405957
minute espera 0.03292405957
minute las 0.0658481191399
minute a 0.0153632209588
minute produzca 0.03292405957
minute todas 0.03292405957
minute muchos 0.03292405957
minute pedido 0.03292405957
minute países 0.0116819771633
minute un 0.01566808611
minute silencio 0.03292405957
minute que 0.065648022027
minute se 0.0116819771633
minute con 0.03292405957
like víctimas 0.00399664093551
like el 0.0044973595616
like en 0.00664828756739
like pido 0.011263987457
like hagamos 0.011263987457
like reitero 0.00429762892153
like buenas 0.00429762892153
like colegas 0.011263987457
like vacaciones 0.00429762892153
like diciembre 0.00429762892153
like unas 0.00429762892153
like interrumpido 0.00429762892153
like lo 0.011263987457
like han 0.000947459718352
like la 0.022527974914
like pasado 0.00429762892153
like tenido 0.00429762892153
like , 0.105757702704
like . 0.0185706067142
like los 0.00168556923685
like tormentas 0.011263987457
like sesiones 0.00202360931589
like unión 0.011263987457
like sus 0.00334355352964
like europeo 0.00429762892153
like deseo 0.00429762892153
like viernes 0.00429762892153
like a 0.114404151097
like y 0.00429762892153
like memoria 0.011263987457
like de 0.160455998206
like hayan 0.00429762892153
like muchos 0.011263987457
like distintos 0.011263987457
like acuerdo 0.011263987457
like que 0.209377295059
like señorías 0.00334355352964
like período 0.00202360931589
like espera 0.011263987457
like las 0.022527974914
like me 0.011263987457
like reanudado 0.00429762892153
like 17 0.00429762892153
like produzca 0.011263987457
like todas 0.011263987457
like afectados 0.011263987457
like mi 0.00429762892153
like pedido 0.011263987457
like países 0.00399664093551
like un 0.00536036952076
like del 0.0018779325617
like declaro 0.00429762892153
like silencio 0.011263987457
like minuto 0.011263987457
like europea 0.011263987457
like parlamento 0.00429762892153
like se 0.00399664093551
like con 0.011263987457
countries el 0.0016980643033
countries en 0.0645018149318
countries pido 0.00574334841346
countries catástrofes 0.00777699346345
countries hagamos 0.00574334841346
countries efecto 0.00777699346345
countries terribles 0.00777699346345
countries colegas 0.00574334841346
countries verdaderamente 0.00777699346345
countries producido 0.00777699346345
countries " 0.0155539869269
countries lo 0.00574334841346
countries han 0.0730784437939
countries la 0.0114866968269
countries espera 0.00574334841346
countries , 0.0778199643175
countries podido 0.00777699346345
countries los 0.0441663898068
countries tormentas 0.00574334841346
countries afectados 0.00574334841346
countries europea 0.00574334841346
countries todos 0.00777699346345
countries todas 0.00574334841346
countries un 0.00273317685234
countries . 0.0449506448759
countries comprobar 0.00777699346345
countries varios 0.00777699346345
countries me 0.00574334841346
countries memoria 0.00574334841346
countries unión 0.00574334841346
countries de 0.110364856912
countries distintos 0.00574334841346
countries silencio 0.00574334841346
countries que 0.0114517914279
countries no 0.00777699346345
countries como 0.00777699346345
countries año 0.00777699346345
countries ha 0.00777699346345
countries víctimas 0.08439210448
countries naturales 0.00777699346345
countries las 0.0114866968269
countries a 0.00267999547662
countries produzca 0.00574334841346
countries nuestros 0.00777699346345
countries muchos 0.00574334841346
countries pedido 0.00574334841346
countries países 0.08439210448
countries 2000 0.00777699346345
countries cambio 0.00777699346345
countries del 0.00444432574251
countries ciudadanos 0.00777699346345
countries gran 0.00777699346345
countries sido 0.00777699346345
countries acuerdo 0.00574334841346
countries minuto 0.00574334841346
countries se 0.08439210448
countries con 0.00574334841346
this este 0.06697189231
this en 0.0166607842716
this para 0.06697189231
this han 0.0214288216367
this período 0.0435757628506
this curso 0.06697189231
this próximos 0.06697189231
this de 0.0076810187854
this , 0.00375559748475
this sesiones 0.0435757628506
this . 0.0122815915019
this los 0.026237097007
this un 0.0390819578723
this sus 0.0529151004561
this días 0.06697189231
this sobre 0.06697189231
this señorías 0.0529151004561
this el 0.0771443740373
this solicitado 0.06697189231
this debate 0.06697189231
this tema 0.06697189231
people el 0.00820572319492
people en 0.00519385094842
people catástrofes 0.0375815306438
people efecto 0.0375815306438
people terribles 0.0375815306438
people verdaderamente 0.0375815306438
people producido 0.0375815306438
people " 0.0751630612876
people han 0.0355204199764
people no 0.0375815306438
people , 0.0100474432406
people podido 0.0375815306438
people los 0.0102389728148
people nuestros 0.0375815306438
people . 0.0249260156859
people todos 0.0375815306438
people ciudadanos 0.0375815306438
people varios 0.0375815306438
people de 0.00874965682288
people como 0.0375815306438
people año 0.0375815306438
people ha 0.0375815306438
people víctimas 0.0162824968723
people naturales 0.0375815306438
people países 0.0162824968723
people 2000 0.0375815306438
people cambio 0.0375815306438
people del 0.0214767525353
people comprobar 0.0375815306438
people gran 0.0375815306438
people sido 0.0375815306438
people se 0.0162824968723
series el 0.00820572319492
series en 0.00519385094842
series catástrofes 0.0375815306438
series efecto 0.0375815306438
series terribles 0.0375815306438
series podido 0.0375815306438
series producido 0.0375815306438
series " 0.0751630612876
series han 0.0355204199764
series no 0.0375815306438
series , 0.0100474432406
series . 0.0249260156859
series los 0.0102389728148
series nuestros 0.0375815306438
series comprobar 0.0375815306438
series ciudadanos 0.0375815306438
series varios 0.0375815306438
series verdaderamente 0.0375815306438
series de 0.00874965682288
series como 0.0375815306438
series año 0.0375815306438
series ha 0.0375815306438
series víctimas 0.0162824968723
series naturales 0.0375815306438
series países 0.0162824968723
series 2000 0.0375815306438
series cambio 0.0375815306438
series del 0.0214767525353
series todos 0.0375815306438
series gran 0.0375815306438
series sido 0.0375815306438
series se 0.0162824968723
year el 0.0440246485566
year reitero 0.0420694855071
year buenas 0.0420694855071
year vacaciones 0.0420694855071
year diciembre 0.0420694855071
year unas 0.0420694855071
year interrumpido 0.0420694855071
year tenido 0.0420694855071
year , 0.0179151433543
year . 0.00690508328303
year sesiones 0.0198091097071
year sus 0.0327300423851
year señorías 0.0327300423851
year europeo 0.0420694855071
year deseo 0.0420694855071
year viernes 0.0420694855071
year de 0.0167423743402
year hayan 0.0420694855071
year reanudado 0.0420694855071
year que 0.0106601783886
year pasado 0.0420694855071
year a 0.0230404486698
year 17 0.0420694855071
year período 0.0198091097071
year mi 0.0420694855071
year del 0.0183830800961
year declaro 0.0420694855071
year y 0.0420694855071
year parlamento 0.0420694855071
disasters el 0.00820572319492
disasters en 0.00519385094842
disasters catástrofes 0.0375815306438
disasters efecto 0.0375815306438
disasters terribles 0.0375815306438
disasters verdaderamente 0.0375815306438
disasters producido 0.0375815306438
disasters " 0.0751630612876
disasters han 0.0355204199764
disasters no 0.0375815306438
disasters , 0.0100474432406
disasters podido 0.0375815306438
disasters los 0.0102389728148
disasters nuestros 0.0375815306438
disasters todos 0.0375815306438
disasters . 0.0249260156859
disasters comprobar 0.0375815306438
disasters varios 0.0375815306438
disasters de 0.00874965682288
disasters como 0.0375815306438
disasters año 0.0375815306438
disasters ha 0.0375815306438
disasters víctimas 0.0162824968723
disasters naturales 0.0375815306438
disasters países 0.0162824968723
disasters 2000 0.0375815306438
disasters cambio 0.0375815306438
disasters del 0.0214767525353
disasters ciudadanos 0.0375815306438
disasters gran 0.0375815306438
disasters sido 0.0375815306438
disasters se 0.0162824968723
subject este 0.06697189231
subject el 0.0771443740373
subject próximos 0.06697189231
subject en 0.0166607842716
subject para 0.06697189231
subject han 0.0214288216367
subject período 0.0435757628506
subject curso 0.06697189231
subject de 0.0076810187854
subject , 0.00375559748475
subject sesiones 0.0435757628506
subject . 0.0122815915019
subject los 0.026237097007
subject solicitado 0.06697189231
subject sus 0.0529151004561
subject días 0.06697189231
subject sobre 0.06697189231
subject tema 0.06697189231
subject señorías 0.0529151004561
subject un 0.0390819578723
subject debate 0.06697189231
' el 0.00820572319492
' en 0.00519385094842
' catástrofes 0.0375815306438
' efecto 0.0375815306438
' terribles 0.0375815306438
' . 0.0249260156859
' producido 0.0375815306438
' " 0.0751630612876
' han 0.0355204199764
' no 0.0375815306438
' , 0.0100474432406
' podido 0.0375815306438
' los 0.0102389728148
' nuestros 0.0375815306438
' todos 0.0375815306438
' varios 0.0375815306438
' verdaderamente 0.0375815306438
' de 0.00874965682288
' comprobar 0.0375815306438
' como 0.0375815306438
' año 0.0375815306438
' ha 0.0375815306438
' víctimas 0.0162824968723
' naturales 0.0375815306438
' países 0.0162824968723
' 2000 0.0375815306438
' cambio 0.0375815306438
' del 0.0214767525353
' ciudadanos 0.0375815306438
' gran 0.0375815306438
' sido 0.0375815306438
' se 0.0162824968723
debate este 0.06697189231
debate en 0.0166607842716
debate para 0.06697189231
debate han 0.0214288216367
debate período 0.0435757628506
debate próximos 0.06697189231
debate de 0.0076810187854
debate , 0.00375559748475
debate sesiones 0.0435757628506
debate . 0.0122815915019
debate los 0.026237097007
debate solicitado 0.06697189231
debate sus 0.0529151004561
debate días 0.06697189231
debate sobre 0.06697189231
debate curso 0.06697189231
debate el 0.0771443740373
debate señorías 0.0529151004561
debate un 0.0390819578723
debate debate 0.06697189231
debate tema 0.06697189231
various víctimas 0.0116819771633
various en 0.0194326047274
various pido 0.03292405957
various hagamos 0.03292405957
various colegas 0.03292405957
various han 0.00276937632665
various la 0.0658481191399
various lo 0.03292405957
various , 0.0158912986227
various . 0.00135995848643
various los 0.00492683272021
various tormentas 0.03292405957
various afectados 0.03292405957
various todas 0.03292405957
various europea 0.03292405957
various me 0.03292405957
various memoria 0.03292405957
various unión 0.03292405957
various de 0.0337172388518
various distintos 0.03292405957
various silencio 0.03292405957
various minuto 0.03292405957
various espera 0.03292405957
various las 0.0658481191399
various a 0.0153632209588
various produzca 0.03292405957
various muchos 0.03292405957
various pedido 0.03292405957
various países 0.0116819771633
various un 0.01566808611
various acuerdo 0.03292405957
various que 0.065648022027
various se 0.0116819771633
various con 0.03292405957
new el 0.0440246485566
new reitero 0.0420694855071
new buenas 0.0420694855071
new vacaciones 0.0420694855071
new diciembre 0.0420694855071
new unas 0.0420694855071
new interrumpido 0.0420694855071
new tenido 0.0420694855071
new , 0.0179151433543
new . 0.00690508328303
new sesiones 0.0198091097071
new sus 0.0327300423851
new señorías 0.0327300423851
new europeo 0.0420694855071
new deseo 0.0420694855071
new viernes 0.0420694855071
new de 0.0167423743402
new hayan 0.0420694855071
new reanudado 0.0420694855071
new que 0.0106601783886
new pasado 0.0420694855071
new a 0.0230404486698
new 17 0.0420694855071
new período 0.0198091097071
new mi 0.0420694855071
new del 0.0183830800961
new declaro 0.0420694855071
new y 0.0420694855071
new parlamento 0.0420694855071
festive el 0.0440246485566
festive reitero 0.0420694855071
festive buenas 0.0420694855071
festive vacaciones 0.0420694855071
festive diciembre 0.0420694855071
festive unas 0.0420694855071
festive interrumpido 0.0420694855071
festive tenido 0.0420694855071
festive , 0.0179151433543
festive . 0.00690508328303
festive sesiones 0.0198091097071
festive sus 0.0327300423851
festive señorías 0.0327300423851
festive europeo 0.0420694855071
festive deseo 0.0420694855071
festive viernes 0.0420694855071
festive de 0.0167423743402
festive hayan 0.0420694855071
festive reanudado 0.0420694855071
festive que 0.0106601783886
festive pasado 0.0420694855071
festive a 0.0230404486698
festive 17 0.0420694855071
festive período 0.0198091097071
festive mi 0.0420694855071
festive del 0.0183830800961
festive declaro 0.0420694855071
festive y 0.0420694855071
festive parlamento 0.0420694855071
friday el 0.0440246485566
friday reitero 0.0420694855071
friday buenas 0.0420694855071
friday vacaciones 0.0420694855071
friday diciembre 0.0420694855071
friday unas 0.0420694855071
friday interrumpido 0.0420694855071
friday tenido 0.0420694855071
friday , 0.0179151433543
friday . 0.00690508328303
friday sesiones 0.0198091097071
friday sus 0.0327300423851
friday señorías 0.0327300423851
friday europeo 0.0420694855071
friday deseo 0.0420694855071
friday viernes 0.0420694855071
friday de 0.0167423743402
friday hayan 0.0420694855071
friday reanudado 0.0420694855071
friday que 0.0106601783886
friday pasado 0.0420694855071
friday a 0.0230404486698
friday 17 0.0420694855071
friday período 0.0198091097071
friday mi 0.0420694855071
friday del 0.0183830800961
friday declaro 0.0420694855071
friday y 0.0420694855071
friday parlamento 0.0420694855071
pleasant el 0.0440246485566
pleasant reitero 0.0420694855071
pleasant buenas 0.0420694855071
pleasant vacaciones 0.0420694855071
pleasant diciembre 0.0420694855071
pleasant unas 0.0420694855071
pleasant interrumpido 0.0420694855071
pleasant tenido 0.0420694855071
pleasant , 0.0179151433543
pleasant . 0.00690508328303
pleasant sesiones 0.0198091097071
pleasant sus 0.0327300423851
pleasant señorías 0.0327300423851
pleasant europeo 0.0420694855071
pleasant deseo 0.0420694855071
pleasant viernes 0.0420694855071
pleasant de 0.0167423743402
pleasant hayan 0.0420694855071
pleasant reanudado 0.0420694855071
pleasant que 0.0106601783886
pleasant pasado 0.0420694855071
pleasant a 0.0230404486698
pleasant 17 0.0420694855071
pleasant período 0.0198091097071
pleasant mi 0.0420694855071
pleasant del 0.0183830800961
pleasant declaro 0.0420694855071
pleasant y 0.0420694855071
pleasant parlamento 0.0420694855071
although el 0.00820572319492
although en 0.00519385094842
although catástrofes 0.0375815306438
although efecto 0.0375815306438
although terribles 0.0375815306438
although verdaderamente 0.0375815306438
although producido 0.0375815306438
although " 0.0751630612876
although han 0.0355204199764
although no 0.0375815306438
although , 0.0100474432406
although . 0.0249260156859
although los 0.0102389728148
although nuestros 0.0375815306438
although todos 0.0375815306438
although ciudadanos 0.0375815306438
although varios 0.0375815306438
although de 0.00874965682288
although podido 0.0375815306438
although como 0.0375815306438
although año 0.0375815306438
although ha 0.0375815306438
although víctimas 0.0162824968723
although naturales 0.0375815306438
although países 0.0162824968723
although 2000 0.0375815306438
although cambio 0.0375815306438
although del 0.0214767525353
although comprobar 0.0375815306438
although gran 0.0375815306438
although sido 0.0375815306438
although se 0.0162824968723
resumed el 0.0440246485566
resumed reitero 0.0420694855071
resumed buenas 0.0420694855071
resumed vacaciones 0.0420694855071
resumed diciembre 0.0420694855071
resumed unas 0.0420694855071
resumed interrumpido 0.0420694855071
resumed tenido 0.0420694855071
resumed , 0.0179151433543
resumed . 0.00690508328303
resumed sesiones 0.0198091097071
resumed sus 0.0327300423851
resumed señorías 0.0327300423851
resumed europeo 0.0420694855071
resumed deseo 0.0420694855071
resumed viernes 0.0420694855071
resumed de 0.0167423743402
resumed hayan 0.0420694855071
resumed reanudado 0.0420694855071
resumed que 0.0106601783886
resumed pasado 0.0420694855071
resumed a 0.0230404486698
resumed 17 0.0420694855071
resumed período 0.0198091097071
resumed mi 0.0420694855071
resumed del 0.0183830800961
resumed declaro 0.0420694855071
resumed y 0.0420694855071
resumed parlamento 0.0420694855071
on víctimas 0.000750255522496
on el 0.0817177520546
on afectados 0.00211449287822
on pido 0.00211449287822
on este 0.0054742723693
on sesiones 0.0421671954629
on hagamos 0.00211449287822
on buenas 0.000806757445575
on reitero 0.000806757445575
on espera 0.00211449287822
on colegas 0.00211449287822
on vacaciones 0.000806757445575
on . 0.0622371969086
on debate 0.0054742723693
on todas 0.00211449287822
on memoria 0.00211449287822
on unas 0.000806757445575
on interrumpido 0.000806757445575
on lo 0.00211449287822
on han 0.0203853523582
on la 0.00422898575644
on curso 0.0054742723693
on tenido 0.000806757445575
on , 0.122784552175
on diciembre 0.000806757445575
on los 0.0288860687244
on tormentas 0.00211449287822
on solicitado 0.0054742723693
on europea 0.00211449287822
on días 0.0054742723693
on sobre 0.0054742723693
on sus 0.0579469445593
on europeo 0.000806757445575
on deseo 0.000806757445575
on viernes 0.000806757445575
on me 0.00211449287822
on de 0.203723580036
on y 0.000806757445575
on para 0.0054742723693
on próximos 0.0054742723693
on tema 0.0054742723693
on hayan 0.000806757445575
on distintos 0.00211449287822
on acuerdo 0.00211449287822
on minuto 0.00211449287822
on señorías 0.0579469445593
on unión 0.00211449287822
on pasado 0.000806757445575
on las 0.00422898575644
on a 0.0214761214584
on reanudado 0.000806757445575
on en 0.0426304503396
on 17 0.000806757445575
on produzca 0.00211449287822
on período 0.0421671954629
on muchos 0.00211449287822
on mi 0.000806757445575
on pedido 0.00211449287822
on países 0.000750255522496
on un 0.0594848118838
on del 0.000352528360196
on declaro 0.000806757445575
on silencio 0.00211449287822
on que 0.039304624668
on parlamento 0.000806757445575
on se 0.000750255522496
on con 0.00211449287822
of pido 0.00867100927746
of reitero 3.23077303676e-06
of colegas 0.00867100927746
of diciembre 3.23077303676e-06
of han 0.0432621737718
of la 0.0173420185549
of lo 0.00867100927746
of , 0.0975776137838
of nuestros 0.000366915656261
of días 2.19224894219e-05
of solicitado 2.19224894219e-05
of deseo 3.23077303676e-06
of comprobar 0.000366915656261
of varios 0.000366915656261
of de 0.322938823685
of hayan 3.23077303676e-06
of minuto 0.00867100927746
of víctimas 0.027786467418
of 17 3.23077303676e-06
of período 0.00499500994365
of afectados 0.00867100927746
of pedido 0.00867100927746
of gran 0.000366915656261
of sido 0.000366915656261
of silencio 0.00867100927746
of el 0.00561896101059
of en 0.0642313455497
of vacaciones 3.23077303676e-06
of producido 0.000366915656261
of interrumpido 3.23077303676e-06
of curso 2.19224894219e-05
of tenido 3.23077303676e-06
of debate 2.19224894219e-05
of reanudación 0.000280714857241
of sus 0.000232056644871
of sobre 2.19224894219e-05
of señorías 0.000232056644871
of viernes 3.23077303676e-06
of tema 2.19224894219e-05
of reanudado 3.23077303676e-06
of que 0.0335681210703
of como 0.000366915656261
of pasado 3.23077303676e-06
of europea 0.00867100927746
of parlamento 3.23077303676e-06
of con 0.00867100927746
of hagamos 0.00867100927746
of buenas 3.23077303676e-06
of podido 0.000366915656261
of unas 3.23077303676e-06
of " 0.000733831312522
of . 0.0434865179007
of los 0.0381228538262
of tormentas 0.00867100927746
of sesiones 0.00499500994365
of todas 0.00867100927746
of para 2.19224894219e-05
of distintos 0.00867100927746
of ha 0.000366915656261
of espera 0.00867100927746
of naturales 0.000366915656261
of me 0.00867100927746
of produzca 0.00867100927746
of mi 3.23077303676e-06
of países 0.027786467418
of un 0.0162587711432
of del 0.013786951643
of declaro 3.23077303676e-06
of acuerdo 0.00867100927746
of este 2.19224894219e-05
of catástrofes 0.000366915656261
of efecto 0.000366915656261
of terribles 0.000366915656261
of no 0.000366915656261
of unión 0.00867100927746
of europeo 3.23077303676e-06
of todos 0.000366915656261
of verdaderamente 0.000366915656261
of memoria 0.00867100927746
of próximos 2.19224894219e-05
of año 0.000366915656261
of las 0.0173420185549
of a 0.0106217929107
of muchos 0.00867100927746
of 2000 0.000366915656261
of cambio 0.000366915656261
of ciudadanos 0.000366915656261
of y 3.23077303676e-06
of se 0.027786467418
terrible víctimas 0.0116819771633
terrible en 0.0194326047274
terrible pido 0.03292405957
terrible hagamos 0.03292405957
terrible colegas 0.03292405957
terrible han 0.00276937632665
terrible la 0.0658481191399
terrible lo 0.03292405957
terrible , 0.0158912986227
terrible . 0.00135995848643
terrible los 0.00492683272021
terrible tormentas 0.03292405957
terrible afectados 0.03292405957
terrible unión 0.03292405957
terrible europea 0.03292405957
terrible a 0.0153632209588
terrible memoria 0.03292405957
terrible de 0.0337172388518
terrible distintos 0.03292405957
terrible silencio 0.03292405957
terrible que 0.065648022027
terrible espera 0.03292405957
terrible las 0.0658481191399
terrible me 0.03292405957
terrible produzca 0.03292405957
terrible todas 0.03292405957
terrible muchos 0.03292405957
terrible pedido 0.03292405957
terrible países 0.0116819771633
terrible un 0.01566808611
terrible acuerdo 0.03292405957
terrible minuto 0.03292405957
terrible se 0.0116819771633
terrible con 0.03292405957
period el 0.0440246485566
period reitero 0.0420694855071
period buenas 0.0420694855071
period vacaciones 0.0420694855071
period diciembre 0.0420694855071
period unas 0.0420694855071
period interrumpido 0.0420694855071
period tenido 0.0420694855071
period , 0.0179151433543
period . 0.00690508328303
period sesiones 0.0198091097071
period sus 0.0327300423851
period señorías 0.0327300423851
period europeo 0.0420694855071
period deseo 0.0420694855071
period viernes 0.0420694855071
period de 0.0167423743402
period hayan 0.0420694855071
period reanudado 0.0420694855071
period que 0.0106601783886
period pasado 0.0420694855071
period a 0.0230404486698
period 17 0.0420694855071
period período 0.0198091097071
period mi 0.0420694855071
period del 0.0183830800961
period declaro 0.0420694855071
period y 0.0420694855071
period parlamento 0.0420694855071
silence en 0.0194326047274
silence pido 0.03292405957
silence hagamos 0.03292405957
silence espera 0.03292405957
silence colegas 0.03292405957
silence han 0.00276937632665
silence la 0.0658481191399
silence lo 0.03292405957
silence , 0.0158912986227
silence . 0.00135995848643
silence los 0.00492683272021
silence tormentas 0.03292405957
silence afectados 0.03292405957
silence unión 0.03292405957
silence todas 0.03292405957
silence a 0.0153632209588
silence memoria 0.03292405957
silence de 0.0337172388518
silence distintos 0.03292405957
silence silencio 0.03292405957
silence minuto 0.03292405957
silence víctimas 0.0116819771633
silence las 0.0658481191399
silence me 0.03292405957
silence produzca 0.03292405957
silence muchos 0.03292405957
silence pedido 0.03292405957
silence países 0.0116819771633
silence un 0.01566808611
silence acuerdo 0.03292405957
silence que 0.065648022027
silence europea 0.03292405957
silence se 0.0116819771633
silence con 0.03292405957
members en 0.0194326047274
members pido 0.03292405957
members hagamos 0.03292405957
members colegas 0.03292405957
members han 0.00276937632665
members la 0.0658481191399
members espera 0.03292405957
members , 0.0158912986227
members . 0.00135995848643
members los 0.00492683272021
members tormentas 0.03292405957
members europea 0.03292405957
members unión 0.03292405957
members a 0.0153632209588
members memoria 0.03292405957
members de 0.0337172388518
members muchos 0.03292405957
members distintos 0.03292405957
members acuerdo 0.03292405957
members minuto 0.03292405957
members víctimas 0.0116819771633
members las 0.0658481191399
members me 0.03292405957
members produzca 0.03292405957
members todas 0.03292405957
members afectados 0.03292405957
members pedido 0.03292405957
members países 0.0116819771633
members un 0.01566808611
members lo 0.03292405957
members silencio 0.03292405957
members que 0.065648022027
members se 0.0116819771633
members con 0.03292405957
number el 0.0016980643033
number en 0.0645018149318
number pido 0.00574334841346
number catástrofes 0.00777699346345
number hagamos 0.00574334841346
number efecto 0.00777699346345
number terribles 0.00777699346345
number a 0.00267999547662
number colegas 0.00574334841346
number . 0.0449506448759
number producido 0.00777699346345
number " 0.0155539869269
number lo 0.00574334841346
number han 0.0730784437939
number la 0.0114866968269
number víctimas 0.08439210448
number , 0.0778199643175
number podido 0.00777699346345
number los 0.0441663898068
number tormentas 0.00574334841346
number afectados 0.00574334841346
number unión 0.00574334841346
number todos 0.00777699346345
number todas 0.00574334841346
number un 0.00273317685234
number comprobar 0.00777699346345
number varios 0.00777699346345
number nuestros 0.00777699346345
number memoria 0.00574334841346
number verdaderamente 0.00777699346345
number de 0.110364856912
number distintos 0.00574334841346
number silencio 0.00574334841346
number minuto 0.00574334841346
number no 0.00777699346345
number como 0.00777699346345
number año 0.00777699346345
number ha 0.00777699346345
number espera 0.00574334841346
number naturales 0.00777699346345
number las 0.0114866968269
number me 0.00574334841346
number produzca 0.00574334841346
number muchos 0.00574334841346
number pedido 0.00574334841346
number países 0.08439210448
number 2000 0.00777699346345
number cambio 0.00777699346345
number del 0.00444432574251
number ciudadanos 0.00777699346345
number gran 0.00777699346345
number sido 0.00777699346345
number acuerdo 0.00574334841346
number que 0.0114517914279
number europea 0.00574334841346
number se 0.08439210448
number con 0.00574334841346
next este 0.06697189231
next próximos 0.06697189231
next en 0.0166607842716
next para 0.06697189231
next han 0.0214288216367
next el 0.0771443740373
next curso 0.06697189231
next de 0.0076810187854
next , 0.00375559748475
next sesiones 0.0435757628506
next . 0.0122815915019
next los 0.026237097007
next solicitado 0.06697189231
next sus 0.0529151004561
next días 0.06697189231
next sobre 0.06697189231
next tema 0.06697189231
next señorías 0.0529151004561
next un 0.0390819578723
next período 0.0435757628506
next debate 0.06697189231
would el 0.0440246485566
would reitero 0.0420694855071
would buenas 0.0420694855071
would vacaciones 0.0420694855071
would diciembre 0.0420694855071
would unas 0.0420694855071
would interrumpido 0.0420694855071
would tenido 0.0420694855071
would , 0.0179151433543
would . 0.00690508328303
would sesiones 0.0198091097071
would sus 0.0327300423851
would señorías 0.0327300423851
would europeo 0.0420694855071
would deseo 0.0420694855071
would viernes 0.0420694855071
would de 0.0167423743402
would hayan 0.0420694855071
would reanudado 0.0420694855071
would que 0.0106601783886
would pasado 0.0420694855071
would a 0.0230404486698
would 17 0.0420694855071
would período 0.0198091097071
would mi 0.0420694855071
would del 0.0183830800961
would declaro 0.0420694855071
would y 0.0420694855071
would parlamento 0.0420694855071
to el 0.028020135448
to en 0.02781446517
to buenas 0.000944932305955
to sesiones 0.000444936929672
to catástrofes 0.00335359422127
to hagamos 0.00247664603816
to afectados 0.00247664603816
to acuerdo 0.00247664603816
to reitero 0.000944932305955
to efecto 0.00335359422127
to terribles 0.00335359422127
to espera 0.00247664603816
to colegas 0.00247664603816
to vacaciones 0.000944932305955
to . 0.0985619546165
to diciembre 0.000944932305955
to unas 0.000944932305955
to producido 0.00335359422127
to sus 0.000735156944569
to interrumpido 0.000944932305955
to lo 0.00247664603816
to han 0.0315128780753
to la 0.00495329207633
to víctimas 0.0363915535271
to tenido 0.000944932305955
to , 0.189977709727
to podido 0.00335359422127
to los 0.019045425501
to tormentas 0.00247664603816
to nuestros 0.00335359422127
to todas 0.00247664603816
to todos 0.00335359422127
to señorías 0.000735156944569
to pido 0.00247664603816
to un 0.00117860020595
to deseo 0.000944932305955
to comprobar 0.00335359422127
to viernes 0.000944932305955
to varios 0.00335359422127
to me 0.00247664603816
to de 0.240715091478
to memoria 0.00247664603816
to verdaderamente 0.00335359422127
to unión 0.00247664603816
to sido 0.00335359422127
to hayan 0.000944932305955
to distintos 0.00247664603816
to silencio 0.00247664603816
to " 0.00670718844253
to minuto 0.00247664603816
to no 0.00335359422127
to como 0.00335359422127
to año 0.00335359422127
to ha 0.00335359422127
to pasado 0.000944932305955
to europeo 0.000944932305955
to naturales 0.00335359422127
to las 0.00495329207633
to a 0.0251543770485
to reanudado 0.000944932305955
to produzca 0.00247664603816
to 17 0.000944932305955
to período 0.000444936929672
to muchos 0.00247664603816
to mi 0.000944932305955
to pedido 0.00247664603816
to países 0.0363915535271
to 2000 0.00335359422127
to cambio 0.00335359422127
to del 0.0302207536773
to ciudadanos 0.00335359422127
to gran 0.00335359422127
to declaro 0.000944932305955
to y 0.000944932305955
to que 0.0460364014314
to europea 0.00247664603816
to parlamento 0.000944932305955
to se 0.0363915535271
to con 0.00247664603816
union víctimas 0.0116819771633
union afectados 0.03292405957
union pido 0.03292405957
union hagamos 0.03292405957
union en 0.0194326047274
union colegas 0.03292405957
union han 0.00276937632665
union la 0.0658481191399
union lo 0.03292405957
union , 0.0158912986227
union . 0.00135995848643
union los 0.00492683272021
union tormentas 0.03292405957
union europea 0.03292405957
union unión 0.03292405957
union me 0.03292405957
union memoria 0.03292405957
union de 0.0337172388518
union distintos 0.03292405957
union acuerdo 0.03292405957
union minuto 0.03292405957
union espera 0.03292405957
union las 0.0658481191399
union a 0.0153632209588
union produzca 0.03292405957
union todas 0.03292405957
union muchos 0.03292405957
union pedido 0.03292405957
union países 0.0116819771633
union un 0.01566808611
union silencio 0.03292405957
union que 0.065648022027
union se 0.0116819771633
union con 0.03292405957
. pido 0.000588017880244
. reitero 0.000224350627001
. colegas 0.000588017880244
. diciembre 0.000224350627001
. solicitado 0.00152233666409
. han 0.0742408764053
. la 0.00117603576049
. lo 0.000588017880244
. , 0.16018310692
. nuestros 0.000796227371534
. días 0.00152233666409
. unión 0.000588017880244
. deseo 0.000224350627001
. comprobar 0.000796227371534
. varios 0.000796227371534
. de 0.225936506875
. hayan 0.000224350627001
. minuto 0.000588017880244
. víctimas 0.00864026745607
. 17 0.000224350627001
. período 0.0117262465848
. afectados 0.000588017880244
. pedido 0.000588017880244
. gran 0.000796227371534
. sido 0.000796227371534
. silencio 0.000588017880244
. el 0.115494786292
. en 0.0623198582459
. vacaciones 0.000224350627001
. producido 0.000796227371534
. interrumpido 0.000224350627001
. curso 0.00152233666409
. tenido 0.000224350627001
. debate 0.00152233666409
. sus 0.016114426233
. sobre 0.00152233666409
. señorías 0.016114426233
. viernes 0.000224350627001
. declaro 0.000224350627001
. reanudado 0.000224350627001
. que 0.0109301962277
. como 0.000796227371534
. pasado 0.000224350627001
. parlamento 0.000224350627001
. con 0.000588017880244
. hagamos 0.000588017880244
. buenas 0.000224350627001
. verdaderamente 0.000796227371534
. unas 0.000224350627001
. " 0.00159245474307
. podido 0.000796227371534
. los 0.0581884694914
. tormentas 0.000588017880244
. sesiones 0.0117262465848
. todas 0.000588017880244
. para 0.00152233666409
. distintos 0.000588017880244
. ha 0.000796227371534
. espera 0.000588017880244
. naturales 0.000796227371534
. me 0.000588017880244
. produzca 0.000588017880244
. mi 0.000224350627001
. países 0.00864026745607
. un 0.0165420907069
. del 0.00717516481681
. tema 0.00152233666409
. acuerdo 0.000588017880244
. este 0.00152233666409
. catástrofes 0.000796227371534
. efecto 0.000796227371534
. terribles 0.000796227371534
. no 0.000796227371534
. . 0.132045743505
. europea 0.000588017880244
. europeo 0.000224350627001
. todos 0.000796227371534
. memoria 0.000588017880244
. próximos 0.00152233666409
. año 0.000796227371534
. las 0.00117603576049
. a 0.00597227994756
. muchos 0.000588017880244
. 2000 0.000796227371534
. cambio 0.000796227371534
. ciudadanos 0.000796227371534
. y 0.000224350627001
. se 0.00864026745607
few este 0.06697189231
few en 0.0166607842716
few señorías 0.0529151004561
few han 0.0214288216367
few para 0.06697189231
few período 0.0435757628506
few próximos 0.06697189231
few de 0.0076810187854
few , 0.00375559748475
few sesiones 0.0435757628506
few . 0.0122815915019
few los 0.026237097007
few solicitado 0.06697189231
few sus 0.0529151004561
few días 0.06697189231
few sobre 0.06697189231
few tema 0.06697189231
few el 0.0771443740373
few curso 0.06697189231
few un 0.0390819578723
few debate 0.06697189231
happy el 0.0440246485566
happy reitero 0.0420694855071
happy buenas 0.0420694855071
happy vacaciones 0.0420694855071
happy diciembre 0.0420694855071
happy unas 0.0420694855071
happy interrumpido 0.0420694855071
happy tenido 0.0420694855071
happy , 0.0179151433543
happy . 0.00690508328303
happy sesiones 0.0198091097071
happy sus 0.0327300423851
happy señorías 0.0327300423851
happy europeo 0.0420694855071
happy deseo 0.0420694855071
happy viernes 0.0420694855071
happy de 0.0167423743402
happy hayan 0.0420694855071
happy reanudado 0.0420694855071
happy que 0.0106601783886
happy pasado 0.0420694855071
happy a 0.0230404486698
happy 17 0.0420694855071
happy período 0.0198091097071
happy mi 0.0420694855071
happy del 0.0183830800961
happy declaro 0.0420694855071
happy y 0.0420694855071
happy parlamento 0.0420694855071
parliament el 0.0440246485566
parliament reitero 0.0420694855071
parliament buenas 0.0420694855071
parliament vacaciones 0.0420694855071
parliament diciembre 0.0420694855071
parliament unas 0.0420694855071
parliament interrumpido 0.0420694855071
parliament tenido 0.0420694855071
parliament , 0.0179151433543
parliament . 0.00690508328303
parliament sesiones 0.0198091097071
parliament sus 0.0327300423851
parliament señorías 0.0327300423851
parliament europeo 0.0420694855071
parliament deseo 0.0420694855071
parliament viernes 0.0420694855071
parliament de 0.0167423743402
parliament hayan 0.0420694855071
parliament reanudado 0.0420694855071
parliament que 0.0106601783886
parliament pasado 0.0420694855071
parliament a 0.0230404486698
parliament 17 0.0420694855071
parliament período 0.0198091097071
parliament mi 0.0420694855071
parliament del 0.0183830800961
parliament declaro 0.0420694855071
parliament y 0.0420694855071
parliament parlamento 0.0420694855071
adjourned el 0.0440246485566
adjourned reitero 0.0420694855071
adjourned buenas 0.0420694855071
adjourned vacaciones 0.0420694855071
adjourned diciembre 0.0420694855071
adjourned unas 0.0420694855071
adjourned interrumpido 0.0420694855071
adjourned tenido 0.0420694855071
adjourned , 0.0179151433543
adjourned . 0.00690508328303
adjourned sesiones 0.0198091097071
adjourned sus 0.0327300423851
adjourned señorías 0.0327300423851
adjourned europeo 0.0420694855071
adjourned deseo 0.0420694855071
adjourned viernes 0.0420694855071
adjourned de 0.0167423743402
adjourned hayan 0.0420694855071
adjourned reanudado 0.0420694855071
adjourned que 0.0106601783886
adjourned pasado 0.0420694855071
adjourned a 0.0230404486698
adjourned 17 0.0420694855071
adjourned período 0.0198091097071
adjourned mi 0.0420694855071
adjourned del 0.0183830800961
adjourned declaro 0.0420694855071
adjourned y 0.0420694855071
adjourned parlamento 0.0420694855071
that el 0.126747764503
that en 0.00209650358048
that sesiones 0.0020126512695
that catástrofes 0.0151698256914
that reitero 0.00427435683203
that efecto 0.0151698256914
that terribles 0.0151698256914
that buenas 0.00427435683203
that vacaciones 0.00427435683203
that podido 0.0151698256914
that diciembre 0.00427435683203
that unas 0.00427435683203
that producido 0.0151698256914
that " 0.0303396513828
that interrumpido 0.00427435683203
that han 0.0143378561303
that no 0.0151698256914
that pasado 0.00427435683203
that tenido 0.00427435683203
that , 0.0884188815706
that verdaderamente 0.0151698256914
that . 0.103474873211
that nuestros 0.0151698256914
that sus 0.0033254478536
that señorías 0.0033254478536
that europeo 0.00427435683203
that deseo 0.00427435683203
that todos 0.0151698256914
that viernes 0.00427435683203
that varios 0.0151698256914
that comprobar 0.0151698256914
that de 0.0795968003527
that sido 0.0151698256914
that hayan 0.00427435683203
that reanudado 0.00427435683203
that que 0.00108309873004
that como 0.0151698256914
that año 0.0151698256914
that ha 0.0151698256914
that víctimas 0.00657244755982
that naturales 0.0151698256914
that a 0.00234096276667
that 17 0.00427435683203
that período 0.0020126512695
that los 0.00413297250536
that mi 0.00427435683203
that países 0.00657244755982
that 2000 0.0151698256914
that cambio 0.0151698256914
that del 0.136702157536
that ciudadanos 0.0151698256914
that gran 0.0151698256914
that declaro 0.00427435683203
that y 0.00427435683203
that parlamento 0.00427435683203
that se 0.00657244755982
observe en 0.0194326047274
observe pido 0.03292405957
observe hagamos 0.03292405957
observe espera 0.03292405957
observe colegas 0.03292405957
observe han 0.00276937632665
observe la 0.0658481191399
observe lo 0.03292405957
observe , 0.0158912986227
observe . 0.00135995848643
observe los 0.00492683272021
observe tormentas 0.03292405957
observe todas 0.03292405957
observe unión 0.03292405957
observe a 0.0153632209588
observe memoria 0.03292405957
observe de 0.0337172388518
observe muchos 0.03292405957
observe distintos 0.03292405957
observe silencio 0.03292405957
observe minuto 0.03292405957
observe víctimas 0.0116819771633
observe las 0.0658481191399
observe me 0.03292405957
observe produzca 0.03292405957
observe afectados 0.03292405957
observe pedido 0.03292405957
observe países 0.0116819771633
observe un 0.01566808611
observe acuerdo 0.03292405957
observe que 0.065648022027
observe europea 0.03292405957
observe se 0.0116819771633
observe con 0.03292405957
bug el 0.00820572319492
bug en 0.00519385094842
bug catástrofes 0.0375815306438
bug efecto 0.0375815306438
bug terribles 0.0375815306438
bug verdaderamente 0.0375815306438
bug producido 0.0375815306438
bug " 0.0751630612876
bug han 0.0355204199764
bug no 0.0375815306438
bug , 0.0100474432406
bug . 0.0249260156859
bug los 0.0102389728148
bug nuestros 0.0375815306438
bug todos 0.0375815306438
bug varios 0.0375815306438
bug de 0.00874965682288
bug comprobar 0.0375815306438
bug podido 0.0375815306438
bug como 0.0375815306438
bug año 0.0375815306438
bug ha 0.0375815306438
bug víctimas 0.0162824968723
bug naturales 0.0375815306438
bug países 0.0162824968723
bug 2000 0.0375815306438
bug cambio 0.0375815306438
bug del 0.0214767525353
bug ciudadanos 0.0375815306438
bug gran 0.0375815306438
bug sido 0.0375815306438
bug se 0.0162824968723
those víctimas 0.0116819771633
those muchos 0.03292405957
those pido 0.03292405957
those hagamos 0.03292405957
those en 0.0194326047274
those colegas 0.03292405957
those han 0.00276937632665
those la 0.0658481191399
those lo 0.03292405957
those , 0.0158912986227
those . 0.00135995848643
those los 0.00492683272021
those tormentas 0.03292405957
those unión 0.03292405957
those todas 0.03292405957
those a 0.0153632209588
those memoria 0.03292405957
those de 0.0337172388518
those distintos 0.03292405957
those silencio 0.03292405957
those minuto 0.03292405957
those espera 0.03292405957
those las 0.0658481191399
those me 0.03292405957
those produzca 0.03292405957
those afectados 0.03292405957
those pedido 0.03292405957
those países 0.0116819771633
those un 0.01566808611
those acuerdo 0.03292405957
those que 0.065648022027
those europea 0.03292405957
those se 0.0116819771633
those con 0.03292405957
17 el 0.0440246485566
17 reitero 0.0420694855071
17 buenas 0.0420694855071
17 vacaciones 0.0420694855071
17 diciembre 0.0420694855071
17 unas 0.0420694855071
17 interrumpido 0.0420694855071
17 tenido 0.0420694855071
17 , 0.0179151433543
17 . 0.00690508328303
17 sesiones 0.0198091097071
17 sus 0.0327300423851
17 señorías 0.0327300423851
17 europeo 0.0420694855071
17 deseo 0.0420694855071
17 viernes 0.0420694855071
17 de 0.0167423743402
17 hayan 0.0420694855071
17 reanudado 0.0420694855071
17 que 0.0106601783886
17 pasado 0.0420694855071
17 a 0.0230404486698
17 17 0.0420694855071
17 período 0.0198091097071
17 mi 0.0420694855071
17 del 0.0183830800961
17 declaro 0.0420694855071
17 y 0.0420694855071
17 parlamento 0.0420694855071
1999 el 0.0440246485566
1999 reitero 0.0420694855071
1999 buenas 0.0420694855071
1999 vacaciones 0.0420694855071
1999 diciembre 0.0420694855071
1999 unas 0.0420694855071
1999 interrumpido 0.0420694855071
1999 tenido 0.0420694855071
1999 , 0.0179151433543
1999 . 0.00690508328303
1999 sesiones 0.0198091097071
1999 sus 0.0327300423851
1999 señorías 0.0327300423851
1999 europeo 0.0420694855071
1999 deseo 0.0420694855071
1999 viernes 0.0420694855071
1999 de 0.0167423743402
1999 hayan 0.0420694855071
1999 reanudado 0.0420694855071
1999 que 0.0106601783886
1999 pasado 0.0420694855071
1999 a 0.0230404486698
1999 17 0.0420694855071
1999 período 0.0198091097071
1999 mi 0.0420694855071
1999 del 0.0183830800961
1999 declaro 0.0420694855071
1999 y 0.0420694855071
1999 parlamento 0.0420694855071
wish el 0.0440246485566
wish reitero 0.0420694855071
wish buenas 0.0420694855071
wish vacaciones 0.0420694855071
wish diciembre 0.0420694855071
wish unas 0.0420694855071
wish interrumpido 0.0420694855071
wish tenido 0.0420694855071
wish , 0.0179151433543
wish . 0.00690508328303
wish sesiones 0.0198091097071
wish sus 0.0327300423851
wish señorías 0.0327300423851
wish europeo 0.0420694855071
wish deseo 0.0420694855071
wish viernes 0.0420694855071
wish de 0.0167423743402
wish hayan 0.0420694855071
wish reanudado 0.0420694855071
wish que 0.0106601783886
wish pasado 0.0420694855071
wish a 0.0230404486698
wish 17 0.0420694855071
wish período 0.0198091097071
wish mi 0.0420694855071
wish del 0.0183830800961
wish declaro 0.0420694855071
wish y 0.0420694855071
wish parlamento 0.0420694855071
will el 0.00820572319492
will en 0.00519385094842
will catástrofes 0.0375815306438
will efecto 0.0375815306438
will terribles 0.0375815306438
will . 0.0249260156859
will producido 0.0375815306438
will " 0.0751630612876
will han 0.0355204199764
will no 0.0375815306438
will , 0.0100474432406
will podido 0.0375815306438
will los 0.0102389728148
will nuestros 0.0375815306438
will todos 0.0375815306438
will varios 0.0375815306438
will verdaderamente 0.0375815306438
will de 0.00874965682288
will comprobar 0.0375815306438
will como 0.0375815306438
will año 0.0375815306438
will ha 0.0375815306438
will víctimas 0.0162824968723
will naturales 0.0375815306438
will países 0.0162824968723
will 2000 0.0375815306438
will cambio 0.0375815306438
will del 0.0214767525353
will ciudadanos 0.0375815306438
will gran 0.0375815306438
will sido 0.0375815306438
will se 0.0162824968723
were el 0.00820572319492
were en 0.00519385094842
were catástrofes 0.0375815306438
were efecto 0.0375815306438
were terribles 0.0375815306438
were podido 0.0375815306438
were producido 0.0375815306438
were " 0.0751630612876
were han 0.0355204199764
were no 0.0375815306438
were , 0.0100474432406
were . 0.0249260156859
were los 0.0102389728148
were nuestros 0.0375815306438
were todos 0.0375815306438
were comprobar 0.0375815306438
were varios 0.0375815306438
were verdaderamente 0.0375815306438
were de 0.00874965682288
were como 0.0375815306438
were año 0.0375815306438
were ha 0.0375815306438
were víctimas 0.0162824968723
were naturales 0.0375815306438
were países 0.0162824968723
were 2000 0.0375815306438
were cambio 0.0375815306438
were del 0.0214767525353
were ciudadanos 0.0375815306438
were gran 0.0375815306438
were sido 0.0375815306438
were se 0.0162824968723
declare el 0.0440246485566
declare reitero 0.0420694855071
declare buenas 0.0420694855071
declare vacaciones 0.0420694855071
declare diciembre 0.0420694855071
declare unas 0.0420694855071
declare interrumpido 0.0420694855071
declare tenido 0.0420694855071
declare , 0.0179151433543
declare . 0.00690508328303
declare sesiones 0.0198091097071
declare sus 0.0327300423851
declare señorías 0.0327300423851
declare europeo 0.0420694855071
declare deseo 0.0420694855071
declare viernes 0.0420694855071
declare de 0.0167423743402
declare hayan 0.0420694855071
declare reanudado 0.0420694855071
declare que 0.0106601783886
declare pasado 0.0420694855071
declare a 0.0230404486698
declare 17 0.0420694855071
declare período 0.0198091097071
declare mi 0.0420694855071
declare del 0.0183830800961
declare declaro 0.0420694855071
declare y 0.0420694855071
declare parlamento 0.0420694855071
and el 0.0440246485566
and reitero 0.0420694855071
and buenas 0.0420694855071
and vacaciones 0.0420694855071
and diciembre 0.0420694855071
and unas 0.0420694855071
and interrumpido 0.0420694855071
and tenido 0.0420694855071
and , 0.0179151433543
and . 0.00690508328303
and sesiones 0.0198091097071
and sus 0.0327300423851
and señorías 0.0327300423851
and europeo 0.0420694855071
and deseo 0.0420694855071
and viernes 0.0420694855071
and de 0.0167423743402
and hayan 0.0420694855071
and reanudado 0.0420694855071
and que 0.0106601783886
and pasado 0.0420694855071
and a 0.0230404486698
and 17 0.0420694855071
and período 0.0198091097071
and mi 0.0420694855071
and del 0.0183830800961
and declaro 0.0420694855071
and y 0.0420694855071
and parlamento 0.0420694855071
december el 0.0440246485566
december reitero 0.0420694855071
december buenas 0.0420694855071
december vacaciones 0.0420694855071
december diciembre 0.0420694855071
december unas 0.0420694855071
december interrumpido 0.0420694855071
december tenido 0.0420694855071
december , 0.0179151433543
december . 0.00690508328303
december sesiones 0.0198091097071
december sus 0.0327300423851
december señorías 0.0327300423851
december europeo 0.0420694855071
december deseo 0.0420694855071
december viernes 0.0420694855071
december de 0.0167423743402
december hayan 0.0420694855071
december reanudado 0.0420694855071
december que 0.0106601783886
december pasado 0.0420694855071
december a 0.0230404486698
december 17 0.0420694855071
december período 0.0198091097071
december mi 0.0420694855071
december del 0.0183830800961
december declaro 0.0420694855071
december y 0.0420694855071
december parlamento 0.0420694855071
days este 0.06697189231
days el 0.0771443740373
days en 0.0166607842716
days para 0.06697189231
days han 0.0214288216367
days período 0.0435757628506
days curso 0.06697189231
days próximos 0.06697189231
days de 0.0076810187854
days , 0.00375559748475
days . 0.0122815915019
days los 0.026237097007
days sesiones 0.0435757628506
days sus 0.0529151004561
days días 0.06697189231
days sobre 0.06697189231
days tema 0.06697189231
days señorías 0.0529151004561
days un 0.0390819578723
days debate 0.06697189231
days solicitado 0.06697189231
resumption de 0.019509220861
resumption sesiones 0.190231696135
resumption del 0.197265400807
resumption reanudación 0.402761986062
resumption período 0.190231696135
as el 0.0016980643033
as en 0.0645018149318
as pido 0.00574334841346
as catástrofes 0.00777699346345
as hagamos 0.00574334841346
as afectados 0.00574334841346
as efecto 0.00777699346345
as terribles 0.00777699346345
as colegas 0.00574334841346
as podido 0.00777699346345
as cambio 0.00777699346345
as producido 0.00777699346345
as " 0.0155539869269
as lo 0.00574334841346
as han 0.0730784437939
as no 0.00777699346345
as espera 0.00574334841346
as , 0.0778199643175
as . 0.0449506448759
as los 0.0441663898068
as tormentas 0.00574334841346
as nuestros 0.00777699346345
as todas 0.00574334841346
as todos 0.00777699346345
as unión 0.00574334841346
as comprobar 0.00777699346345
as varios 0.00777699346345
as me 0.00574334841346
as memoria 0.00574334841346
as verdaderamente 0.00777699346345
as de 0.110364856912
as distintos 0.00574334841346
as silencio 0.00574334841346
as minuto 0.00574334841346
as como 0.00777699346345
as año 0.00777699346345
as ha 0.00777699346345
as víctimas 0.08439210448
as naturales 0.00777699346345
as las 0.0114866968269
as a 0.00267999547662
as produzca 0.00574334841346
as la 0.0114866968269
as muchos 0.00574334841346
as pedido 0.00574334841346
as países 0.08439210448
as 2000 0.00777699346345
as un 0.00273317685234
as del 0.00444432574251
as ciudadanos 0.00777699346345
as gran 0.00777699346345
as sido 0.00777699346345
as acuerdo 0.00574334841346
as que 0.0114517914279
as europea 0.00574334841346
as se 0.08439210448
as con 0.00574334841346
have víctimas 0.0184568320388
have el 0.0446033489907
have afectados 0.00125608927115
have pido 0.00125608927115
have este 0.00325192620002
have sesiones 0.00211589011467
have catástrofes 0.00170085416172
have hagamos 0.00125608927115
have en 0.133124022164
have efecto 0.00170085416172
have terribles 0.00170085416172
have colegas 0.00125608927115
have podido 0.00170085416172
have debate 0.00325192620002
have cambio 0.00170085416172
have producido 0.00170085416172
have " 0.00340170832345
have lo 0.00125608927115
have han 0.15858900123
have la 0.0025121785423
have curso 0.00325192620002
have , 0.0945371239034
have . 0.0949457766831
have los 0.124298792075
have tormentas 0.00125608927115
have nuestros 0.00170085416172
have europea 0.00125608927115
have días 0.00325192620002
have sobre 0.00325192620002
have todos 0.00170085416172
have señorías 0.00256937642964
have comprobar 0.00170085416172
have varios 0.00170085416172
have verdaderamente 0.00170085416172
have de 0.148929735758
have memoria 0.00125608927115
have para 0.00325192620002
have próximos 0.00325192620002
have período 0.00211589011467
have unión 0.00125608927115
have sus 0.00256937642964
have me 0.00125608927115
have distintos 0.00125608927115
have silencio 0.00125608927115
have que 0.00250454461623
have no 0.00170085416172
have como 0.00170085416172
have año 0.00170085416172
have ha 0.00170085416172
have espera 0.00125608927115
have naturales 0.00170085416172
have las 0.0025121785423
have a 0.000586123864091
have solicitado 0.00325192620002
have produzca 0.00125608927115
have todas 0.00125608927115
have muchos 0.00125608927115
have pedido 0.00125608927115
have tema 0.00325192620002
have países 0.0184568320388
have 2000 0.00170085416172
have un 0.035336242923
have del 0.0009719887217
have ciudadanos 0.00170085416172
have gran 0.00170085416172
have sido 0.00170085416172
have acuerdo 0.00125608927115
have minuto 0.00125608927115
have se 0.0184568320388
have con 0.00125608927115
in pido 0.00530614618213
in reitero 6.32653605717e-05
in colegas 0.00530614618213
in diciembre 6.32653605717e-05
in han 0.0593606649059
in la 0.0106122923643
in lo 0.00530614618213
in , 0.157250337451
in nuestros 0.00022453073758
in días 0.000429288650772
in solicitado 0.000429288650772
in deseo 6.32653605717e-05
in comprobar 0.00022453073758
in varios 0.00022453073758
in de 0.244057577489
in hayan 6.32653605717e-05
in minuto 0.00530614618213
in víctimas 0.0170036789591
in produzca 0.00530614618213
in período 0.00330672228671
in afectados 0.00530614618213
in pedido 0.00530614618213
in gran 0.00022453073758
in sido 0.00022453073758
in silencio 0.00530614618213
in el 0.0325687491789
in en 0.0805350880259
in vacaciones 6.32653605717e-05
in producido 0.00022453073758
in interrumpido 6.32653605717e-05
in curso 0.000429288650772
in tenido 6.32653605717e-05
in debate 0.000429288650772
in sus 0.0045441592906
in sobre 0.000429288650772
in señorías 0.0045441592906
in viernes 6.32653605717e-05
in tema 0.000429288650772
in reanudado 6.32653605717e-05
in que 0.0367613015947
in como 0.00022453073758
in pasado 6.32653605717e-05
in europea 0.00530614618213
in parlamento 6.32653605717e-05
in con 0.00530614618213
in hagamos 0.00530614618213
in buenas 6.32653605717e-05
in verdaderamente 0.00022453073758
in unas 6.32653605717e-05
in " 0.00044906147516
in podido 0.00022453073758
in los 0.0548445247093
in tormentas 0.00530614618213
in sesiones 0.00330672228671
in todas 0.00530614618213
in para 0.000429288650772
in distintos 0.00530614618213
in ha 0.00022453073758
in espera 0.00530614618213
in naturales 0.00022453073758
in me 0.00530614618213
in 17 6.32653605717e-05
in mi 6.32653605717e-05
in países 0.0170036789591
in un 0.0291311715316
in del 0.00202334798598
in declaro 6.32653605717e-05
in acuerdo 0.00530614618213
in este 0.000429288650772
in catástrofes 0.00022453073758
in efecto 0.00022453073758
in terribles 0.00022453073758
in no 0.00022453073758
in . 0.0848738180942
in unión 0.00530614618213
in europeo 6.32653605717e-05
in todos 0.00022453073758
in memoria 0.00530614618213
in próximos 0.000429288650772
in año 0.00022453073758
in las 0.0106122923643
in a 0.0145910600573
in muchos 0.00530614618213
in 2000 0.00022453073758
in cambio 0.00022453073758
in ciudadanos 0.00022453073758
in y 6.32653605717e-05
in se 0.0170036789591
seen el 0.00820572319492
seen en 0.00519385094842
seen catástrofes 0.0375815306438
seen efecto 0.0375815306438
seen terribles 0.0375815306438
seen . 0.0249260156859
seen producido 0.0375815306438
seen " 0.0751630612876
seen han 0.0355204199764
seen no 0.0375815306438
seen , 0.0100474432406
seen podido 0.0375815306438
seen los 0.0102389728148
seen nuestros 0.0375815306438
seen todos 0.0375815306438
seen comprobar 0.0375815306438
seen varios 0.0375815306438
seen verdaderamente 0.0375815306438
seen de 0.00874965682288
seen como 0.0375815306438
seen año 0.0375815306438
seen ha 0.0375815306438
seen víctimas 0.0162824968723
seen naturales 0.0375815306438
seen países 0.0162824968723
seen 2000 0.0375815306438
seen cambio 0.0375815306438
seen del 0.0214767525353
seen ciudadanos 0.0375815306438
seen gran 0.0375815306438
seen sido 0.0375815306438
seen se 0.0162824968723
NULL pido 0.000217011933432
NULL sesiones 0.128011880997
NULL reitero 8.27981001393e-05
NULL colegas 0.000217011933432
NULL debate 0.000561828532614
NULL han 0.027399092221
NULL la 0.000434023866864
NULL lo 0.000217011933432
NULL , 0.0591166474758
NULL nuestros 0.000293853039428
NULL días 0.000561828532614
NULL unión 0.000217011933432
NULL deseo 8.27981001393e-05
NULL comprobar 0.000293853039428
NULL varios 0.000293853039428
NULL de 0.359606802569
NULL hayan 8.27981001393e-05
NULL minuto 0.000217011933432
NULL víctimas 0.0031887485211
NULL produzca 0.000217011933432
NULL período 0.128011880997
NULL afectados 0.000217011933432
NULL pedido 0.000217011933432
NULL gran 0.000293853039428
NULL sido 0.000293853039428
NULL silencio 0.000217011933432
NULL el 0.0426241237158
NULL en 0.0229995606996
NULL vacaciones 8.27981001393e-05
NULL producido 0.000293853039428
NULL interrumpido 8.27981001393e-05
NULL curso 0.000561828532614
NULL tenido 8.27981001393e-05
NULL diciembre 8.27981001393e-05
NULL reanudación 0.00719414721987
NULL sus 0.00594713683116
NULL sobre 0.000561828532614
NULL señorías 0.00594713683116
NULL viernes 8.27981001393e-05
NULL declaro 8.27981001393e-05
NULL reanudado 8.27981001393e-05
NULL que 0.00403386205737
NULL como 0.000293853039428
NULL pasado 8.27981001393e-05
NULL parlamento 8.27981001393e-05
NULL con 0.000217011933432
NULL hagamos 0.000217011933432
NULL buenas 8.27981001393e-05
NULL podido 0.000293853039428
NULL unas 8.27981001393e-05
NULL " 0.000587706078857
NULL verdaderamente 0.000293853039428
NULL los 0.0214748440345
NULL tormentas 0.000217011933432
NULL solicitado 0.000561828532614
NULL todas 0.000217011933432
NULL para 0.000561828532614
NULL distintos 0.000217011933432
NULL ha 0.000293853039428
NULL espera 0.000217011933432
NULL naturales 0.000293853039428
NULL me 0.000217011933432
NULL 17 8.27981001393e-05
NULL mi 8.27981001393e-05
NULL países 0.0031887485211
NULL un 0.00610496926696
NULL del 0.102805318551
NULL tema 0.000561828532614
NULL acuerdo 0.000217011933432
NULL este 0.000561828532614
NULL catástrofes 0.000293853039428
NULL efecto 0.000293853039428
NULL terribles 0.000293853039428
NULL no 0.000293853039428
NULL . 0.0487323652259
NULL europea 0.000217011933432
NULL europeo 8.27981001393e-05
NULL todos 0.000293853039428
NULL memoria 0.000217011933432
NULL próximos 0.000561828532614
NULL año 0.000293853039428
NULL las 0.000434023866864
NULL a 0.00220410987822
NULL muchos 0.000217011933432
NULL 2000 0.000293853039428
NULL cambio 0.000293853039428
NULL ciudadanos 0.000293853039428
NULL y 8.27981001393e-05
NULL se 0.0031887485211
again el 0.0440246485566
again reitero 0.0420694855071
again buenas 0.0420694855071
again vacaciones 0.0420694855071
again diciembre 0.0420694855071
again unas 0.0420694855071
again interrumpido 0.0420694855071
again tenido 0.0420694855071
again , 0.0179151433543
again . 0.00690508328303
again sesiones 0.0198091097071
again sus 0.0327300423851
again señorías 0.0327300423851
again europeo 0.0420694855071
again deseo 0.0420694855071
again viernes 0.0420694855071
again de 0.0167423743402
again hayan 0.0420694855071
again reanudado 0.0420694855071
again que 0.0106601783886
again pasado 0.0420694855071
again a 0.0230404486698
again 17 0.0420694855071
again período 0.0198091097071
again mi 0.0420694855071
again del 0.0183830800961
again declaro 0.0420694855071
again y 0.0420694855071
again parlamento 0.0420694855071
you víctimas 0.000255194654539
you el 0.304742681439
you en 0.00502031967286
you este 0.00112615621544
you catástrofes 0.000589013208779
you reitero 0.00531086420491
you efecto 0.000589013208779
you terribles 0.000589013208779
you buenas 0.00531086420491
you vacaciones 0.00531086420491
you verdaderamente 0.000589013208779
you diciembre 0.00531086420491
you solicitado 0.00112615621544
you unas 0.00531086420491
you producido 0.000589013208779
you " 0.00117802641756
you interrumpido 0.00531086420491
you han 0.0146881762552
you no 0.000589013208779
you curso 0.00112615621544
you tenido 0.00531086420491
you , 0.0877164866569
you . 0.105809345376
you los 0.0087400904077
you sesiones 0.0449993940533
you declaro 0.00531086420491
you días 0.00112615621544
you sobre 0.00112615621544
you señorías 0.0651908319032
you europeo 0.00531086420491
you un 0.000657177037284
you deseo 0.00531086420491
you todos 0.000589013208779
you ciudadanos 0.000589013208779
you varios 0.000589013208779
you nuestros 0.000589013208779
you de 0.0974743520679
you para 0.00112615621544
you próximos 0.00112615621544
you tema 0.00112615621544
you sus 0.0651908319032
you hayan 0.00531086420491
you reanudado 0.00531086420491
you podido 0.000589013208779
you que 0.00134574405034
you como 0.000589013208779
you año 0.000589013208779
you ha 0.000589013208779
you pasado 0.00531086420491
you naturales 0.000589013208779
you a 0.00290863300634
you 17 0.00531086420491
you período 0.0449993940533
you mi 0.00531086420491
you países 0.000255194654539
you 2000 0.000589013208779
you cambio 0.000589013208779
you del 0.0310617059328
you comprobar 0.000589013208779
you gran 0.000589013208779
you sido 0.000589013208779
you y 0.00531086420491
you viernes 0.00531086420491
you debate 0.00112615621544
you parlamento 0.00531086420491
you se 0.000255194654539
european el 0.0044973595616
european del 0.0018779325617
european muchos 0.011263987457
european pido 0.011263987457
european hagamos 0.011263987457
european buenas 0.00429762892153
european reitero 0.00429762892153
european espera 0.011263987457
european colegas 0.011263987457
european vacaciones 0.00429762892153
european diciembre 0.00429762892153
european todas 0.011263987457
european unas 0.00429762892153
european interrumpido 0.00429762892153
european han 0.000947459718352
european la 0.022527974914
european lo 0.011263987457
european tenido 0.00429762892153
european , 0.105757702704
european . 0.0185706067142
european los 0.00168556923685
european tormentas 0.011263987457
european sesiones 0.00202360931589
european sus 0.00334355352964
european unión 0.011263987457
european europeo 0.00429762892153
european deseo 0.00429762892153
european viernes 0.00429762892153
european me 0.011263987457
european memoria 0.011263987457
european de 0.160455998206
european hayan 0.00429762892153
european reanudado 0.00429762892153
european y 0.00429762892153
european minuto 0.011263987457
european señorías 0.00334355352964
european víctimas 0.00399664093551
european las 0.022527974914
european a 0.114404151097
european distintos 0.011263987457
european en 0.00664828756739
european pasado 0.00429762892153
european 17 0.00429762892153
european produzca 0.011263987457
european período 0.00202360931589
european afectados 0.011263987457
european mi 0.00429762892153
european pedido 0.011263987457
european países 0.00399664093551
european un 0.00536036952076
european silencio 0.011263987457
european declaro 0.00429762892153
european acuerdo 0.011263987457
european que 0.209377295059
european europea 0.011263987457
european parlamento 0.00429762892153
european se 0.00399664093551
european con 0.011263987457
requested este 0.0155707553976
requested en 0.121255989828
requested pido 0.00601436121106
requested el 0.0179358255681
requested hagamos 0.00601436121106
requested espera 0.00601436121106
requested colegas 0.00601436121106
requested debate 0.0155707553976
requested todas 0.00601436121106
requested solicitado 0.0155707553976
requested han 0.0579831096902
requested la 0.0120287224221
requested lo 0.00601436121106
requested , 0.0549592081337
requested . 0.0313533835987
requested los 0.0821621359267
requested tormentas 0.00601436121106
requested sesiones 0.0101312285081
requested sus 0.0123025952772
requested días 0.0155707553976
requested sobre 0.0155707553976
requested unión 0.00601436121106
requested me 0.00601436121106
requested memoria 0.00601436121106
requested para 0.0155707553976
requested curso 0.0155707553976
requested próximos 0.0155707553976
requested de 0.114604913394
requested muchos 0.00601436121106
requested distintos 0.00601436121106
requested silencio 0.00601436121106
requested que 0.0119921699335
requested señorías 0.0123025952772
requested víctimas 0.00213399049926
requested las 0.0120287224221
requested a 0.00280645708393
requested produzca 0.00601436121106
requested período 0.0101312285081
requested afectados 0.00601436121106
requested pedido 0.00601436121106
requested países 0.00213399049926
requested un 0.169195720131
requested tema 0.0155707553976
requested acuerdo 0.00601436121106
requested minuto 0.00601436121106
requested europea 0.00601436121106
requested se 0.00213399049926
requested con 0.00601436121106
's víctimas 0.0116819771633
's en 0.0194326047274
's pido 0.03292405957
's hagamos 0.03292405957
's colegas 0.03292405957
's han 0.00276937632665
's la 0.0658481191399
's lo 0.03292405957
's , 0.0158912986227
's . 0.00135995848643
's los 0.00492683272021
's tormentas 0.03292405957
's afectados 0.03292405957
's unión 0.03292405957
's europea 0.03292405957
's me 0.03292405957
's memoria 0.03292405957
's de 0.0337172388518
's distintos 0.03292405957
's silencio 0.03292405957
's que 0.065648022027
's espera 0.03292405957
's las 0.0658481191399
's a 0.0153632209588
's produzca 0.03292405957
's todas 0.03292405957
's muchos 0.03292405957
's pedido 0.03292405957
's países 0.0116819771633
's un 0.01566808611
's acuerdo 0.03292405957
's minuto 0.03292405957
's se 0.0116819771633
's con 0.03292405957
a pido 0.00125328403269
a reitero 0.000478174334473
a colegas 0.00125328403269
a diciembre 0.000478174334473
a han 0.0573121686286
a la 0.00250656806537
a lo 0.00125328403269
a , 0.188709273544
a nuestros 0.00169705562477
a días 0.000101395738632
a solicitado 0.000101395738632
a deseo 0.000478174334473
a comprobar 0.00169705562477
a varios 0.00169705562477
a de 0.254029671895
a hayan 0.000478174334473
a minuto 0.00125328403269
a víctimas 0.0184156121857
a produzca 0.00125328403269
a período 0.00405161090039
a afectados 0.00125328403269
a pedido 0.00125328403269
a gran 0.00169705562477
a sido 0.00169705562477
a silencio 0.00125328403269
a el 0.0723791507708
a en 0.0490318134838
a vacaciones 0.000478174334473
a producido 0.00169705562477
a interrumpido 0.000478174334473
a curso 0.000101395738632
a tenido 0.000478174334473
a debate 0.000101395738632
a sus 0.0058695875956
a sobre 0.000101395738632
a señorías 0.0058695875956
a viernes 0.000478174334473
a declaro 0.000478174334473
a reanudado 0.000478174334473
a que 0.0232962990865
a como 0.00169705562477
a pasado 0.000478174334473
a europea 0.00125328403269
a parlamento 0.000478174334473
a con 0.00125328403269
a hagamos 0.00125328403269
a buenas 0.000478174334473
a verdaderamente 0.00169705562477
a unas 0.000478174334473
a " 0.00339411124954
a podido 0.00169705562477
a los 0.0406296826747
a tormentas 0.00125328403269
a sesiones 0.00405161090039
a todas 0.00125328403269
a para 0.000101395738632
a distintos 0.00125328403269
a ha 0.00169705562477
a espera 0.00125328403269
a naturales 0.00169705562477
a me 0.00125328403269
a 17 0.000478174334473
a mi 0.000478174334473
a países 0.0184156121857
a un 0.00688063066506
a del 0.0152929354683
a tema 0.000101395738632
a acuerdo 0.00125328403269
a este 0.000101395738632
a catástrofes 0.00169705562477
a efecto 0.00169705562477
a terribles 0.00169705562477
a no 0.00169705562477
a . 0.127686258035
a unión 0.00125328403269
a europeo 0.000478174334473
a todos 0.00169705562477
a memoria 0.00125328403269
a próximos 0.000101395738632
a año 0.00169705562477
a las 0.00250656806537
a a 0.0127291420014
a muchos 0.00125328403269
a 2000 0.00169705562477
a cambio 0.00169705562477
a ciudadanos 0.00169705562477
a y 0.000478174334473
a se 0.0184156121857
natural el 0.00820572319492
natural en 0.00519385094842
natural catástrofes 0.0375815306438
natural efecto 0.0375815306438
natural terribles 0.0375815306438
natural podido 0.0375815306438
natural producido 0.0375815306438
natural " 0.0751630612876
natural han 0.0355204199764
natural no 0.0375815306438
natural , 0.0100474432406
natural . 0.0249260156859
natural los 0.0102389728148
natural nuestros 0.0375815306438
natural todos 0.0375815306438
natural varios 0.0375815306438
natural verdaderamente 0.0375815306438
natural de 0.00874965682288
natural comprobar 0.0375815306438
natural como 0.0375815306438
natural año 0.0375815306438
natural ha 0.0375815306438
natural víctimas 0.0162824968723
natural naturales 0.0375815306438
natural países 0.0162824968723
natural 2000 0.0375815306438
natural cambio 0.0375815306438
natural del 0.0214767525353
natural ciudadanos 0.0375815306438
natural gran 0.0375815306438
natural sido 0.0375815306438
natural se 0.0162824968723
i el 0.0213636249597
i en 0.000986909098191
i pido 0.00167208948027
i hagamos 0.00167208948027
i buenas 0.0204148525902
i reitero 0.0204148525902
i espera 0.00167208948027
i colegas 0.00167208948027
i vacaciones 0.0204148525902
i diciembre 0.0204148525902
i todas 0.00167208948027
i unas 0.0204148525902
i interrumpido 0.0204148525902
i han 0.000140646235099
i la 0.00334417896054
i lo 0.00167208948027
i tenido 0.0204148525902
i , 0.0991334461386
i . 0.0224016982254
i los 0.000250215352241
i tormentas 0.00167208948027
i sesiones 0.00961266936687
i sus 0.015882746901
i unión 0.00167208948027
i europeo 0.0204148525902
i deseo 0.0204148525902
i viernes 0.0204148525902
i acuerdo 0.00167208948027
i me 0.00167208948027
i memoria 0.00167208948027
i de 0.130917016295
i hayan 0.0204148525902
i muchos 0.00167208948027
i distintos 0.00167208948027
i silencio 0.00167208948027
i que 0.142094474641
i señorías 0.015882746901
i víctimas 0.000593283798494
i las 0.00334417896054
i a 0.112627400672
i reanudado 0.0204148525902
i pasado 0.0204148525902
i produzca 0.00167208948027
i 17 0.0204148525902
i período 0.00961266936687
i afectados 0.00167208948027
i mi 0.0204148525902
i pedido 0.00167208948027
i países 0.000593283798494
i un 0.000795723319137
i del 0.00892066698208
i declaro 0.0204148525902
i y 0.0204148525902
i minuto 0.00167208948027
i europea 0.00167208948027
i parlamento 0.0204148525902
i se 0.000593283798494
i con 0.00167208948027
the pido 0.00559780794133
the reitero 0.000166077577473
the colegas 0.00559780794133
the debate 0.000148401443548
the han 0.0321653587289
the la 0.0111956158827
the lo 0.00559780794133
the , 0.134541858508
the nuestros 7.76183705718e-05
the días 0.000148401443548
the solicitado 0.000148401443548
the deseo 0.000166077577473
the comprobar 7.76183705718e-05
the varios 7.76183705718e-05
the de 0.349529875506
the hayan 0.000166077577473
the minuto 0.00559780794133
the víctimas 0.0123984969918
the 17 0.000166077577473
the período 0.0154352129894
the afectados 0.00559780794133
the pedido 0.00559780794133
the gran 7.76183705718e-05
the sido 7.76183705718e-05
the silencio 0.00559780794133
the el 0.0221389847663
the en 0.0515206055191
the vacaciones 0.000166077577473
the producido 7.76183705718e-05
the interrumpido 0.000166077577473
the curso 0.000148401443548
the tenido 0.000166077577473
the diciembre 0.000166077577473
the reanudación 5.93832109439e-05
the sus 0.00394730654653
the sobre 0.000148401443548
the señorías 0.00394730654653
the viernes 0.000166077577473
the tema 0.000148401443548
the reanudado 0.000166077577473
the que 0.0480497915168
the como 7.76183705718e-05
the pasado 0.000166077577473
the europea 0.00559780794133
the parlamento 0.000166077577473
the con 0.00559780794133
the hagamos 0.00559780794133
the buenas 0.000166077577473
the verdaderamente 7.76183705718e-05
the unas 0.000166077577473
the " 0.000155236741144
the podido 7.76183705718e-05
the los 0.0315466048836
the tormentas 0.00559780794133
the sesiones 0.0154352129894
the todas 0.00559780794133
the para 0.000148401443548
the distintos 0.00559780794133
the ha 7.76183705718e-05
the espera 0.00559780794133
the naturales 7.76183705718e-05
the me 0.00559780794133
the produzca 0.00559780794133
the mi 0.000166077577473
the países 0.0123984969918
the un 0.0205510971269
the del 0.0116651774557
the declaro 0.000166077577473
the acuerdo 0.00559780794133
the este 0.000148401443548
the catástrofes 7.76183705718e-05
the efecto 7.76183705718e-05
the terribles 7.76183705718e-05
the no 7.76183705718e-05
the . 0.061317670124
the unión 0.00559780794133
the europeo 0.000166077577473
the todos 7.76183705718e-05
the memoria 0.00559780794133
the próximos 0.000148401443548
the año 7.76183705718e-05
the las 0.0111956158827
the a 0.0205730584754
the muchos 0.00559780794133
the 2000 7.76183705718e-05
the cambio 7.76183705718e-05
the ciudadanos 7.76183705718e-05
the y 0.000166077577473
the se 0.0123984969918
once el 0.0440246485566
once reitero 0.0420694855071
once buenas 0.0420694855071
once vacaciones 0.0420694855071
once diciembre 0.0420694855071
once unas 0.0420694855071
once interrumpido 0.0420694855071
once tenido 0.0420694855071
once , 0.0179151433543
once . 0.00690508328303
once sesiones 0.0198091097071
once sus 0.0327300423851
once señorías 0.0327300423851
once europeo 0.0420694855071
once deseo 0.0420694855071
once viernes 0.0420694855071
once de 0.0167423743402
once hayan 0.0420694855071
once reanudado 0.0420694855071
once que 0.0106601783886
once pasado 0.0420694855071
once a 0.0230404486698
once 17 0.0420694855071
once período 0.0198091097071
once mi 0.0420694855071
once del 0.0183830800961
once declaro 0.0420694855071
once y 0.0420694855071
once parlamento 0.0420694855071
